[ 2015-11-30T00:20:31+08:00 ] 127.0.0.1 /index.php/Home/Order/checkout.html
INFO: [ app_init ] --START--
INFO: Run Behavior\BuildLiteBehavior [ RunTime:0.000000s ]
INFO: [ app_init ] --END-- [ RunTime:0.000000s ]
INFO: [ app_begin ] --START--
INFO: Run Behavior\ReadHtmlCacheBehavior [ RunTime:0.001000s ]
INFO: [ app_begin ] --END-- [ RunTime:0.001000s ]
SQL: SHOW COLUMNS FROM `it_cart` [ RunTime:0.0090s ]
SQL: SELECT * FROM `it_cart` WHERE ( user_id=1 )  [ RunTime:0.0000s ]
SQL: SHOW COLUMNS FROM `it_goods` [ RunTime:0.0100s ]
SQL: SELECT `goods_name`,`goods_thumb`,`shop_price` FROM `it_goods` WHERE `goods_id` = 7 LIMIT 1   [ RunTime:0.0010s ]
SQL: select group_concat(concat(b.attr_name,':',a.attr_value) separator '<br/>') attrs
		 from it_goods_attr a left join it_attribute b using(attr_id) where a.id in (38,40,42) [ RunTime:0.0010s ]
SQL: SELECT `goods_name`,`goods_thumb`,`shop_price` FROM `it_goods` WHERE `goods_id` = 8 LIMIT 1   [ RunTime:0.0000s ]
SQL: select group_concat(concat(b.attr_name,':',a.attr_value) separator '<br/>') attrs
		 from it_goods_attr a left join it_attribute b using(attr_id) where a.id in (46,48,50) [ RunTime:0.0010s ]
SQL: SELECT `goods_name`,`goods_thumb`,`shop_price` FROM `it_goods` WHERE `goods_id` = 11 LIMIT 1   [ RunTime:0.0010s ]
SQL: select group_concat(concat(b.attr_name,':',a.attr_value) separator '<br/>') attrs
		 from it_goods_attr a left join it_attribute b using(attr_id) where a.id in (66,67,69) [ RunTime:0.0000s ]
SQL: SELECT `goods_name`,`goods_thumb`,`shop_price` FROM `it_goods` WHERE `goods_id` = 1 LIMIT 1   [ RunTime:0.0000s ]
SQL: select group_concat(concat(b.attr_name,':',a.attr_value) separator '<br/>') attrs
		 from it_goods_attr a left join it_attribute b using(attr_id) where a.id in (3,5,7) [ RunTime:0.0010s ]
SQL: SHOW COLUMNS FROM `it_category` [ RunTime:0.0070s ]
SQL: SELECT * FROM `it_category` WHERE ( parent_id=0 )  [ RunTime:0.0000s ]
SQL: SHOW COLUMNS FROM `it_cart` [ RunTime:0.0060s ]
SQL: SELECT * FROM `it_cart` WHERE ( user_id=1 )  [ RunTime:0.0010s ]
SQL: SELECT `goods_name`,`goods_thumb`,`shop_price` FROM `it_goods` WHERE `goods_id` = 7 LIMIT 1   [ RunTime:0.0000s ]
SQL: select group_concat(concat(b.attr_name,':',a.attr_value) separator '<br/>') attrs
		 from it_goods_attr a left join it_attribute b using(attr_id) where a.id in (38,40,42) [ RunTime:0.0010s ]
SQL: SELECT `goods_name`,`goods_thumb`,`shop_price` FROM `it_goods` WHERE `goods_id` = 8 LIMIT 1   [ RunTime:0.0000s ]
SQL: select group_concat(concat(b.attr_name,':',a.attr_value) separator '<br/>') attrs
		 from it_goods_attr a left join it_attribute b using(attr_id) where a.id in (46,48,50) [ RunTime:0.0000s ]
SQL: SELECT `goods_name`,`goods_thumb`,`shop_price` FROM `it_goods` WHERE `goods_id` = 11 LIMIT 1   [ RunTime:0.0000s ]
SQL: select group_concat(concat(b.attr_name,':',a.attr_value) separator '<br/>') attrs
		 from it_goods_attr a left join it_attribute b using(attr_id) where a.id in (66,67,69) [ RunTime:0.0010s ]
SQL: SELECT `goods_name`,`goods_thumb`,`shop_price` FROM `it_goods` WHERE `goods_id` = 1 LIMIT 1   [ RunTime:0.0000s ]
SQL: select group_concat(concat(b.attr_name,':',a.attr_value) separator '<br/>') attrs
		 from it_goods_attr a left join it_attribute b using(attr_id) where a.id in (3,5,7) [ RunTime:0.0000s ]
SQL: SHOW COLUMNS FROM `it_address` [ RunTime:0.0070s ]
SQL: SELECT * FROM `it_address` WHERE ( user_id=1 ) LIMIT 1   [ RunTime:0.0010s ]
SQL: SELECT * FROM `it_cart` WHERE ( user_id=1 )  [ RunTime:0.0000s ]
SQL: SELECT `goods_name`,`goods_thumb`,`shop_price` FROM `it_goods` WHERE `goods_id` = 7 LIMIT 1   [ RunTime:0.0010s ]
SQL: select group_concat(concat(b.attr_name,':',a.attr_value) separator '<br/>') attrs
		 from it_goods_attr a left join it_attribute b using(attr_id) where a.id in (38,40,42) [ RunTime:0.0000s ]
SQL: SELECT `goods_name`,`goods_thumb`,`shop_price` FROM `it_goods` WHERE `goods_id` = 8 LIMIT 1   [ RunTime:0.0010s ]
SQL: select group_concat(concat(b.attr_name,':',a.attr_value) separator '<br/>') attrs
		 from it_goods_attr a left join it_attribute b using(attr_id) where a.id in (46,48,50) [ RunTime:0.0000s ]
SQL: SELECT `goods_name`,`goods_thumb`,`shop_price` FROM `it_goods` WHERE `goods_id` = 11 LIMIT 1   [ RunTime:0.0010s ]
SQL: select group_concat(concat(b.attr_name,':',a.attr_value) separator '<br/>') attrs
		 from it_goods_attr a left join it_attribute b using(attr_id) where a.id in (66,67,69) [ RunTime:0.0000s ]
SQL: SELECT `goods_name`,`goods_thumb`,`shop_price` FROM `it_goods` WHERE `goods_id` = 1 LIMIT 1   [ RunTime:0.0000s ]
SQL: select group_concat(concat(b.attr_name,':',a.attr_value) separator '<br/>') attrs
		 from it_goods_attr a left join it_attribute b using(attr_id) where a.id in (3,5,7) [ RunTime:0.0010s ]
INFO: [ view_parse ] --START--
INFO: [ template_filter ] --START--
INFO: Run Behavior\ContentReplaceBehavior [ RunTime:0.000000s ]
INFO: [ template_filter ] --END-- [ RunTime:0.000000s ]
INFO: Run Behavior\ParseTemplateBehavior [ RunTime:0.019001s ]
INFO: [ view_parse ] --END-- [ RunTime:0.019001s ]
INFO: [ view_filter ] --START--
INFO: Run Behavior\WriteHtmlCacheBehavior [ RunTime:0.000000s ]
INFO: [ view_filter ] --END-- [ RunTime:0.000000s ]
INFO: [ app_end ] --START--
INFO: Run Behavior\ShowPageTraceBehavior [ RunTime:0.001000s ]
INFO: [ app_end ] --END-- [ RunTime:0.001000s ]

[ 2015-11-30T00:20:37+08:00 ] 127.0.0.1 /index.php/Home/Order/checkout.html
INFO: [ app_init ] --START--
INFO: Run Behavior\BuildLiteBehavior [ RunTime:0.000000s ]
INFO: [ app_init ] --END-- [ RunTime:0.000000s ]
INFO: [ app_begin ] --START--
INFO: Run Behavior\ReadHtmlCacheBehavior [ RunTime:0.001000s ]
INFO: [ app_begin ] --END-- [ RunTime:0.001000s ]
SQL: SHOW COLUMNS FROM `it_cart` [ RunTime:0.0090s ]
SQL: SELECT * FROM `it_cart` WHERE ( user_id=1 )  [ RunTime:0.0010s ]
SQL: SHOW COLUMNS FROM `it_goods` [ RunTime:0.0100s ]
SQL: SELECT `goods_name`,`goods_thumb`,`shop_price` FROM `it_goods` WHERE `goods_id` = 7 LIMIT 1   [ RunTime:0.0020s ]
SQL: select group_concat(concat(b.attr_name,':',a.attr_value) separator '<br/>') attrs
		 from it_goods_attr a left join it_attribute b using(attr_id) where a.id in (38,40,42) [ RunTime:0.0010s ]
SQL: SELECT `goods_name`,`goods_thumb`,`shop_price` FROM `it_goods` WHERE `goods_id` = 8 LIMIT 1   [ RunTime:0.0000s ]
SQL: select group_concat(concat(b.attr_name,':',a.attr_value) separator '<br/>') attrs
		 from it_goods_attr a left join it_attribute b using(attr_id) where a.id in (46,48,50) [ RunTime:0.0010s ]
SQL: SELECT `goods_name`,`goods_thumb`,`shop_price` FROM `it_goods` WHERE `goods_id` = 11 LIMIT 1   [ RunTime:0.0000s ]
SQL: select group_concat(concat(b.attr_name,':',a.attr_value) separator '<br/>') attrs
		 from it_goods_attr a left join it_attribute b using(attr_id) where a.id in (66,67,69) [ RunTime:0.0000s ]
SQL: SELECT `goods_name`,`goods_thumb`,`shop_price` FROM `it_goods` WHERE `goods_id` = 1 LIMIT 1   [ RunTime:0.0010s ]
SQL: select group_concat(concat(b.attr_name,':',a.attr_value) separator '<br/>') attrs
		 from it_goods_attr a left join it_attribute b using(attr_id) where a.id in (3,5,7) [ RunTime:0.0000s ]
SQL: SHOW COLUMNS FROM `it_category` [ RunTime:0.0060s ]
SQL: SELECT * FROM `it_category` WHERE ( parent_id=0 )  [ RunTime:0.0000s ]
SQL: SHOW COLUMNS FROM `it_cart` [ RunTime:0.0070s ]
SQL: SELECT * FROM `it_cart` WHERE ( user_id=1 )  [ RunTime:0.0000s ]
SQL: SELECT `goods_name`,`goods_thumb`,`shop_price` FROM `it_goods` WHERE `goods_id` = 7 LIMIT 1   [ RunTime:0.0000s ]
SQL: select group_concat(concat(b.attr_name,':',a.attr_value) separator '<br/>') attrs
		 from it_goods_attr a left join it_attribute b using(attr_id) where a.id in (38,40,42) [ RunTime:0.0010s ]
SQL: SELECT `goods_name`,`goods_thumb`,`shop_price` FROM `it_goods` WHERE `goods_id` = 8 LIMIT 1   [ RunTime:0.0000s ]
SQL: select group_concat(concat(b.attr_name,':',a.attr_value) separator '<br/>') attrs
		 from it_goods_attr a left join it_attribute b using(attr_id) where a.id in (46,48,50) [ RunTime:0.0000s ]
SQL: SELECT `goods_name`,`goods_thumb`,`shop_price` FROM `it_goods` WHERE `goods_id` = 11 LIMIT 1   [ RunTime:0.0000s ]
SQL: select group_concat(concat(b.attr_name,':',a.attr_value) separator '<br/>') attrs
		 from it_goods_attr a left join it_attribute b using(attr_id) where a.id in (66,67,69) [ RunTime:0.0000s ]
SQL: SELECT `goods_name`,`goods_thumb`,`shop_price` FROM `it_goods` WHERE `goods_id` = 1 LIMIT 1   [ RunTime:0.0000s ]
SQL: select group_concat(concat(b.attr_name,':',a.attr_value) separator '<br/>') attrs
		 from it_goods_attr a left join it_attribute b using(attr_id) where a.id in (3,5,7) [ RunTime:0.0010s ]
SQL: SHOW COLUMNS FROM `it_address` [ RunTime:0.0060s ]
SQL: SELECT * FROM `it_address` WHERE ( user_id=1 ) LIMIT 1   [ RunTime:0.0000s ]
SQL: SELECT * FROM `it_cart` WHERE ( user_id=1 )  [ RunTime:0.0010s ]
SQL: SELECT `goods_name`,`goods_thumb`,`shop_price` FROM `it_goods` WHERE `goods_id` = 7 LIMIT 1   [ RunTime:0.0000s ]
SQL: select group_concat(concat(b.attr_name,':',a.attr_value) separator '<br/>') attrs
		 from it_goods_attr a left join it_attribute b using(attr_id) where a.id in (38,40,42) [ RunTime:0.0010s ]
SQL: SELECT `goods_name`,`goods_thumb`,`shop_price` FROM `it_goods` WHERE `goods_id` = 8 LIMIT 1   [ RunTime:0.0000s ]
SQL: select group_concat(concat(b.attr_name,':',a.attr_value) separator '<br/>') attrs
		 from it_goods_attr a left join it_attribute b using(attr_id) where a.id in (46,48,50) [ RunTime:0.0010s ]
SQL: SELECT `goods_name`,`goods_thumb`,`shop_price` FROM `it_goods` WHERE `goods_id` = 11 LIMIT 1   [ RunTime:0.0000s ]
SQL: select group_concat(concat(b.attr_name,':',a.attr_value) separator '<br/>') attrs
		 from it_goods_attr a left join it_attribute b using(attr_id) where a.id in (66,67,69) [ RunTime:0.0010s ]
SQL: SELECT `goods_name`,`goods_thumb`,`shop_price` FROM `it_goods` WHERE `goods_id` = 1 LIMIT 1   [ RunTime:0.0000s ]
SQL: select group_concat(concat(b.attr_name,':',a.attr_value) separator '<br/>') attrs
		 from it_goods_attr a left join it_attribute b using(attr_id) where a.id in (3,5,7) [ RunTime:0.0010s ]
INFO: [ view_parse ] --START--
INFO: [ template_filter ] --START--
INFO: Run Behavior\ContentReplaceBehavior [ RunTime:0.000000s ]
INFO: [ template_filter ] --END-- [ RunTime:0.000000s ]
INFO: Run Behavior\ParseTemplateBehavior [ RunTime:0.018001s ]
INFO: [ view_parse ] --END-- [ RunTime:0.018001s ]
INFO: [ view_filter ] --START--
INFO: Run Behavior\WriteHtmlCacheBehavior [ RunTime:0.000000s ]
INFO: [ view_filter ] --END-- [ RunTime:0.000000s ]
INFO: [ app_end ] --START--
INFO: Run Behavior\ShowPageTraceBehavior [ RunTime:0.000000s ]
INFO: [ app_end ] --END-- [ RunTime:0.000000s ]

[ 2015-11-30T00:20:50+08:00 ] 127.0.0.1 /index.php/Home/Order/flow
INFO: [ app_init ] --START--
INFO: Run Behavior\BuildLiteBehavior [ RunTime:0.000000s ]
INFO: [ app_init ] --END-- [ RunTime:0.001000s ]
INFO: [ app_begin ] --START--
INFO: Run Behavior\ReadHtmlCacheBehavior [ RunTime:0.003000s ]
INFO: [ app_begin ] --END-- [ RunTime:0.004000s ]
SQL: SHOW COLUMNS FROM `it_cart` [ RunTime:0.0080s ]
SQL: SELECT * FROM `it_cart` WHERE ( user_id=1 )  [ RunTime:0.0030s ]
SQL: SHOW COLUMNS FROM `it_goods` [ RunTime:0.0080s ]
SQL: SELECT `goods_name`,`goods_thumb`,`shop_price` FROM `it_goods` WHERE `goods_id` = 7 LIMIT 1   [ RunTime:0.0010s ]
SQL: select group_concat(concat(b.attr_name,':',a.attr_value) separator '<br/>') attrs
		 from it_goods_attr a left join it_attribute b using(attr_id) where a.id in (38,40,42) [ RunTime:0.0010s ]
SQL: SELECT `goods_name`,`goods_thumb`,`shop_price` FROM `it_goods` WHERE `goods_id` = 8 LIMIT 1   [ RunTime:0.0010s ]
SQL: select group_concat(concat(b.attr_name,':',a.attr_value) separator '<br/>') attrs
		 from it_goods_attr a left join it_attribute b using(attr_id) where a.id in (46,48,50) [ RunTime:0.0010s ]
SQL: SELECT `goods_name`,`goods_thumb`,`shop_price` FROM `it_goods` WHERE `goods_id` = 11 LIMIT 1   [ RunTime:0.0010s ]
SQL: select group_concat(concat(b.attr_name,':',a.attr_value) separator '<br/>') attrs
		 from it_goods_attr a left join it_attribute b using(attr_id) where a.id in (66,67,69) [ RunTime:0.0000s ]
SQL: SELECT `goods_name`,`goods_thumb`,`shop_price` FROM `it_goods` WHERE `goods_id` = 1 LIMIT 1   [ RunTime:0.0000s ]
SQL: select group_concat(concat(b.attr_name,':',a.attr_value) separator '<br/>') attrs
		 from it_goods_attr a left join it_attribute b using(attr_id) where a.id in (3,5,7) [ RunTime:0.0010s ]
SQL: SHOW COLUMNS FROM `it_category` [ RunTime:0.0070s ]
SQL: SELECT * FROM `it_category` WHERE ( parent_id=0 )  [ RunTime:0.0000s ]
SQL: SHOW COLUMNS FROM `it_cart` [ RunTime:0.0060s ]
SQL: SELECT * FROM `it_cart` WHERE ( user_id=1 )  [ RunTime:0.0000s ]
SQL: SELECT `goods_name`,`goods_thumb`,`shop_price` FROM `it_goods` WHERE `goods_id` = 7 LIMIT 1   [ RunTime:0.0010s ]
SQL: select group_concat(concat(b.attr_name,':',a.attr_value) separator '<br/>') attrs
		 from it_goods_attr a left join it_attribute b using(attr_id) where a.id in (38,40,42) [ RunTime:0.0000s ]
SQL: SELECT `goods_name`,`goods_thumb`,`shop_price` FROM `it_goods` WHERE `goods_id` = 8 LIMIT 1   [ RunTime:0.0000s ]
SQL: select group_concat(concat(b.attr_name,':',a.attr_value) separator '<br/>') attrs
		 from it_goods_attr a left join it_attribute b using(attr_id) where a.id in (46,48,50) [ RunTime:0.0000s ]
SQL: SELECT `goods_name`,`goods_thumb`,`shop_price` FROM `it_goods` WHERE `goods_id` = 11 LIMIT 1   [ RunTime:0.0000s ]
SQL: select group_concat(concat(b.attr_name,':',a.attr_value) separator '<br/>') attrs
		 from it_goods_attr a left join it_attribute b using(attr_id) where a.id in (66,67,69) [ RunTime:0.0000s ]
SQL: SELECT `goods_name`,`goods_thumb`,`shop_price` FROM `it_goods` WHERE `goods_id` = 1 LIMIT 1   [ RunTime:0.0000s ]
SQL: select group_concat(concat(b.attr_name,':',a.attr_value) separator '<br/>') attrs
		 from it_goods_attr a left join it_attribute b using(attr_id) where a.id in (3,5,7) [ RunTime:0.0000s ]
SQL: SHOW COLUMNS FROM `it_order_info` [ RunTime:0.0070s ]
SQL: INSERT INTO `it_order_info` (`user_id`,`order_sn`,`goods_amount`,`consignee`,`address`,`mobile`,`payment`,`shipping`,`addtime`) VALUES ('1','sn_565b25e17c1b3','24424','掌门人','上海市闵行区三鲁公路','15555555555','2','5','1448814049') [ RunTime:0.0960s ]
SQL: SHOW COLUMNS FROM `it_cart` [ RunTime:0.0140s ]
SQL: SELECT * FROM `it_cart` WHERE ( user_id=1 )  [ RunTime:0.0010s ]
SQL: SELECT `goods_name`,`goods_thumb`,`shop_price` FROM `it_goods` WHERE `goods_id` = 7 LIMIT 1   [ RunTime:0.0010s ]
SQL: select group_concat(concat(b.attr_name,':',a.attr_value) separator '<br/>') attrs
		 from it_goods_attr a left join it_attribute b using(attr_id) where a.id in (38,40,42) [ RunTime:0.0020s ]
SQL: SELECT `goods_name`,`goods_thumb`,`shop_price` FROM `it_goods` WHERE `goods_id` = 8 LIMIT 1   [ RunTime:0.0010s ]
SQL: select group_concat(concat(b.attr_name,':',a.attr_value) separator '<br/>') attrs
		 from it_goods_attr a left join it_attribute b using(attr_id) where a.id in (46,48,50) [ RunTime:0.0010s ]
SQL: SELECT `goods_name`,`goods_thumb`,`shop_price` FROM `it_goods` WHERE `goods_id` = 11 LIMIT 1   [ RunTime:0.0010s ]
SQL: select group_concat(concat(b.attr_name,':',a.attr_value) separator '<br/>') attrs
		 from it_goods_attr a left join it_attribute b using(attr_id) where a.id in (66,67,69) [ RunTime:0.0010s ]
SQL: SELECT `goods_name`,`goods_thumb`,`shop_price` FROM `it_goods` WHERE `goods_id` = 1 LIMIT 1   [ RunTime:0.0000s ]
SQL: select group_concat(concat(b.attr_name,':',a.attr_value) separator '<br/>') attrs
		 from it_goods_attr a left join it_attribute b using(attr_id) where a.id in (3,5,7) [ RunTime:0.0010s ]
SQL: SHOW COLUMNS FROM `it_order_goods` [ RunTime:0.0390s ]
SQL: INSERT INTO `it_order_goods` (`order_id`,`goods_id`,`goods_name`,`goods_attr_id`,`shop_price`,`goods_count`) VALUES ('1','7','AHQ','38,40,42','1123.00','9') [ RunTime:0.0540s ]
SQL: INSERT INTO `it_order_goods` (`order_id`,`goods_id`,`goods_name`,`goods_attr_id`,`shop_price`,`goods_count`) VALUES ('1','8','Fnatic','46,48,50','123.00','8') [ RunTime:0.0440s ]
SQL: INSERT INTO `it_order_goods` (`order_id`,`goods_id`,`goods_name`,`goods_attr_id`,`shop_price`,`goods_count`) VALUES ('1','11','艾欧尼亚','66,67,69','3333.00','4') [ RunTime:0.0810s ]
SQL: INSERT INTO `it_order_goods` (`order_id`,`goods_id`,`goods_name`,`goods_attr_id`,`shop_price`,`goods_count`) VALUES ('1','1','SKT_T1','3,5,7','1.00','1') [ RunTime:0.0850s ]
SQL: DELETE FROM `it_cart` WHERE ( user_id=1 ) [ RunTime:0.0440s ]

[ 2015-11-30T00:20:51+08:00 ] 127.0.0.1 /index.php/Home/Order/done/order_sn/sn_565b25e17c1b3.html
INFO: [ app_init ] --START--
INFO: Run Behavior\BuildLiteBehavior [ RunTime:0.000000s ]
INFO: [ app_init ] --END-- [ RunTime:0.001000s ]
INFO: [ app_begin ] --START--
INFO: Run Behavior\ReadHtmlCacheBehavior [ RunTime:0.001000s ]
INFO: [ app_begin ] --END-- [ RunTime:0.001000s ]
SQL: SHOW COLUMNS FROM `it_cart` [ RunTime:0.0100s ]
SQL: SELECT * FROM `it_cart` WHERE ( user_id=1 )  [ RunTime:0.0000s ]
SQL: SHOW COLUMNS FROM `it_category` [ RunTime:0.0070s ]
SQL: SELECT * FROM `it_category` WHERE ( parent_id=0 )  [ RunTime:0.0020s ]
INFO: [ view_parse ] --START--
INFO: [ template_filter ] --START--
INFO: Run Behavior\ContentReplaceBehavior [ RunTime:0.000000s ]
INFO: [ template_filter ] --END-- [ RunTime:0.000000s ]
INFO: Run Behavior\ParseTemplateBehavior [ RunTime:0.013001s ]
INFO: [ view_parse ] --END-- [ RunTime:0.013001s ]
INFO: [ view_filter ] --START--
INFO: Run Behavior\WriteHtmlCacheBehavior [ RunTime:0.001000s ]
INFO: [ view_filter ] --END-- [ RunTime:0.001000s ]
INFO: [ app_end ] --START--
INFO: Run Behavior\ShowPageTraceBehavior [ RunTime:0.001000s ]
INFO: [ app_end ] --END-- [ RunTime:0.001000s ]

[ 2015-11-30T00:33:11+08:00 ] 127.0.0.1 /index.php/Home/Index/category/cat_id/1.html
INFO: [ app_init ] --START--
INFO: Run Behavior\BuildLiteBehavior [ RunTime:0.000000s ]
INFO: [ app_init ] --END-- [ RunTime:0.001001s ]
INFO: [ app_begin ] --START--
INFO: Run Behavior\ReadHtmlCacheBehavior [ RunTime:0.001000s ]
INFO: [ app_begin ] --END-- [ RunTime:0.001000s ]
SQL: SHOW COLUMNS FROM `it_cart` [ RunTime:0.0100s ]
SQL: SELECT * FROM `it_cart` WHERE ( user_id=1 )  [ RunTime:0.0000s ]
SQL: SHOW COLUMNS FROM `it_category` [ RunTime:0.0110s ]
SQL: SELECT * FROM `it_category` WHERE ( parent_id=0 )  [ RunTime:0.0010s ]
SQL: SHOW COLUMNS FROM `it_category` [ RunTime:0.0090s ]
SQL: SHOW COLUMNS FROM `it_goods` [ RunTime:0.0070s ]
SQL: SELECT `goods_id`,`goods_name`,`goods_thumb`,`shop_price` FROM `it_goods` WHERE ( is_best=1 ) LIMIT 3   [ RunTime:0.0010s ]
SQL: SELECT * FROM `it_category`  [ RunTime:0.0010s ]
SQL: SELECT COUNT(*) AS tp_count FROM `it_goods` WHERE ( cat_id in (5,6,7) ) LIMIT 1   [ RunTime:0.0880s ]
SQL: SELECT `goods_id`,`goods_name`,`shop_price`,`goods_thumb` FROM `it_goods` WHERE ( cat_id in (5,6,7) ) LIMIT 0,2   [ RunTime:0.0010s ]
INFO: [ view_parse ] --START--
INFO: [ template_filter ] --START--
INFO: Run Behavior\ContentReplaceBehavior [ RunTime:0.001000s ]
INFO: [ template_filter ] --END-- [ RunTime:0.001000s ]
INFO: Run Behavior\ParseTemplateBehavior [ RunTime:0.038002s ]
INFO: [ view_parse ] --END-- [ RunTime:0.039002s ]
INFO: [ view_filter ] --START--
INFO: Run Behavior\WriteHtmlCacheBehavior [ RunTime:0.001001s ]
INFO: [ view_filter ] --END-- [ RunTime:0.001001s ]
INFO: [ app_end ] --START--
INFO: Run Behavior\ShowPageTraceBehavior [ RunTime:0.001000s ]
INFO: [ app_end ] --END-- [ RunTime:0.001000s ]

[ 2015-11-30T00:58:58+08:00 ] 127.0.0.1 /
INFO: [ app_init ] --START--
INFO: Run Behavior\BuildLiteBehavior [ RunTime:0.000000s ]
INFO: [ app_init ] --END-- [ RunTime:0.000000s ]
INFO: [ app_begin ] --START--
INFO: Run Behavior\ReadHtmlCacheBehavior [ RunTime:0.000000s ]
INFO: [ app_begin ] --END-- [ RunTime:0.000000s ]
SQL: SHOW COLUMNS FROM `it_cart` [ RunTime:0.0090s ]
NOTIC: [8] Undefined index: user_id E:\myshop\App\Model\CartModel.class.php 第 73 行.
SQL: SHOW COLUMNS FROM `it_category` [ RunTime:0.0070s ]
SQL: SELECT * FROM `it_category` WHERE ( parent_id=0 )  [ RunTime:0.0010s ]
SQL: SHOW COLUMNS FROM `it_category` [ RunTime:0.0070s ]
SQL: SELECT * FROM `it_category`  [ RunTime:0.0010s ]
SQL: SHOW COLUMNS FROM `it_goods` [ RunTime:0.0070s ]
SQL: SELECT `goods_id`,`goods_name`,`goods_thumb`,`shop_price` FROM `it_goods` WHERE ( is_hot=1 ) LIMIT 3   [ RunTime:0.0010s ]
SQL: SELECT `goods_id`,`goods_name`,`goods_thumb`,`shop_price` FROM `it_goods` WHERE ( is_new=1 ) LIMIT 3   [ RunTime:0.0000s ]
SQL: SELECT `goods_id`,`goods_name`,`goods_thumb`,`shop_price` FROM `it_goods` WHERE ( is_best=1 ) LIMIT 3   [ RunTime:0.0010s ]
INFO: [ view_parse ] --START--
INFO: [ template_filter ] --START--
INFO: Run Behavior\ContentReplaceBehavior [ RunTime:0.000000s ]
INFO: [ template_filter ] --END-- [ RunTime:0.000000s ]
NOTIC: [8] Undefined index: user_id E:\myshop\App\Runtime\Cache\Home\00e52909bed743ea261af4b6823297ff.php 第 23 行.
INFO: Run Behavior\ParseTemplateBehavior [ RunTime:0.033002s ]
INFO: [ view_parse ] --END-- [ RunTime:0.033002s ]
INFO: [ view_filter ] --START--
INFO: Run Behavior\WriteHtmlCacheBehavior [ RunTime:0.001000s ]
INFO: [ view_filter ] --END-- [ RunTime:0.001000s ]
INFO: [ app_end ] --START--
INFO: Run Behavior\ShowPageTraceBehavior [ RunTime:0.001000s ]
INFO: [ app_end ] --END-- [ RunTime:0.001000s ]

[ 2015-11-30T00:59:56+08:00 ] 127.0.0.1 /index.php/Home/Index/category/cat_id/1.html
INFO: [ app_init ] --START--
INFO: Run Behavior\BuildLiteBehavior [ RunTime:0.000000s ]
INFO: [ app_init ] --END-- [ RunTime:0.001000s ]
INFO: [ app_begin ] --START--
INFO: Run Behavior\ReadHtmlCacheBehavior [ RunTime:0.002000s ]
INFO: [ app_begin ] --END-- [ RunTime:0.002000s ]
SQL: SHOW COLUMNS FROM `it_cart` [ RunTime:0.0090s ]
NOTIC: [8] Undefined index: user_id E:\myshop\App\Model\CartModel.class.php 第 73 行.
SQL: SHOW COLUMNS FROM `it_category` [ RunTime:0.0090s ]
SQL: SELECT * FROM `it_category` WHERE ( parent_id=0 )  [ RunTime:0.0010s ]
SQL: SHOW COLUMNS FROM `it_category` [ RunTime:0.0060s ]
SQL: SHOW COLUMNS FROM `it_goods` [ RunTime:0.0080s ]
SQL: SELECT `goods_id`,`goods_name`,`goods_thumb`,`shop_price` FROM `it_goods` WHERE ( is_best=1 ) LIMIT 3   [ RunTime:0.0010s ]
SQL: SELECT * FROM `it_category`  [ RunTime:0.0010s ]
SQL: SELECT COUNT(*) AS tp_count FROM `it_goods` WHERE ( cat_id in (5,6,7) ) LIMIT 1   [ RunTime:0.0000s ]
SQL: SELECT `goods_id`,`goods_name`,`shop_price`,`goods_thumb` FROM `it_goods` WHERE ( cat_id in (5,6,7) ) LIMIT 0,2   [ RunTime:0.0000s ]
INFO: [ view_parse ] --START--
INFO: [ template_filter ] --START--
INFO: Run Behavior\ContentReplaceBehavior [ RunTime:0.000000s ]
INFO: [ template_filter ] --END-- [ RunTime:0.000000s ]
NOTIC: [8] Undefined index: user_id E:\myshop\App\Runtime\Cache\Home\7d4be2ee1d0d4c72691b3cd87a811f53.php 第 28 行.
INFO: Run Behavior\ParseTemplateBehavior [ RunTime:0.019001s ]
INFO: [ view_parse ] --END-- [ RunTime:0.019001s ]
INFO: [ view_filter ] --START--
INFO: Run Behavior\WriteHtmlCacheBehavior [ RunTime:0.000000s ]
INFO: [ view_filter ] --END-- [ RunTime:0.000000s ]
INFO: [ app_end ] --START--
INFO: Run Behavior\ShowPageTraceBehavior [ RunTime:0.001000s ]
INFO: [ app_end ] --END-- [ RunTime:0.001000s ]

[ 2015-11-30T01:00:28+08:00 ] 127.0.0.1 /index.php/Home/User/register.html
INFO: [ app_init ] --START--
INFO: Run Behavior\BuildLiteBehavior [ RunTime:0.000000s ]
INFO: [ app_init ] --END-- [ RunTime:0.001000s ]
INFO: [ app_begin ] --START--
INFO: Run Behavior\ReadHtmlCacheBehavior [ RunTime:0.001000s ]
INFO: [ app_begin ] --END-- [ RunTime:0.001000s ]
SQL: SHOW COLUMNS FROM `it_cart` [ RunTime:0.0120s ]
NOTIC: [8] Undefined index: user_id E:\myshop\App\Model\CartModel.class.php 第 73 行.
SQL: SHOW COLUMNS FROM `it_category` [ RunTime:0.0070s ]
SQL: SELECT * FROM `it_category` WHERE ( parent_id=0 )  [ RunTime:0.0000s ]
INFO: [ view_parse ] --START--
INFO: [ template_filter ] --START--
INFO: Run Behavior\ContentReplaceBehavior [ RunTime:0.000000s ]
INFO: [ template_filter ] --END-- [ RunTime:0.001000s ]
NOTIC: [8] Undefined index: user_id E:\myshop\App\Runtime\Cache\Home\08afd3323aea03c4d961611b7d1e6c34.php 第 23 行.
INFO: Run Behavior\ParseTemplateBehavior [ RunTime:0.034002s ]
INFO: [ view_parse ] --END-- [ RunTime:0.034002s ]
INFO: [ view_filter ] --START--
INFO: Run Behavior\WriteHtmlCacheBehavior [ RunTime:0.001000s ]
INFO: [ view_filter ] --END-- [ RunTime:0.001000s ]
INFO: [ app_end ] --START--
INFO: Run Behavior\ShowPageTraceBehavior [ RunTime:0.001000s ]
INFO: [ app_end ] --END-- [ RunTime:0.001000s ]

[ 2015-11-30T01:01:01+08:00 ] 127.0.0.1 /index.php/Home/User/login.html
INFO: [ app_init ] --START--
INFO: Run Behavior\BuildLiteBehavior [ RunTime:0.000000s ]
INFO: [ app_init ] --END-- [ RunTime:0.001000s ]
INFO: [ app_begin ] --START--
INFO: Run Behavior\ReadHtmlCacheBehavior [ RunTime:0.000000s ]
INFO: [ app_begin ] --END-- [ RunTime:0.000000s ]
SQL: SHOW COLUMNS FROM `it_cart` [ RunTime:0.0090s ]
NOTIC: [8] Undefined index: user_id E:\myshop\App\Model\CartModel.class.php 第 73 行.
SQL: SHOW COLUMNS FROM `it_category` [ RunTime:0.0090s ]
SQL: SELECT * FROM `it_category` WHERE ( parent_id=0 )  [ RunTime:0.0000s ]
INFO: [ view_parse ] --START--
INFO: [ template_filter ] --START--
INFO: Run Behavior\ContentReplaceBehavior [ RunTime:0.000000s ]
INFO: [ template_filter ] --END-- [ RunTime:0.001000s ]
NOTIC: [8] Undefined index: user_id E:\myshop\App\Runtime\Cache\Home\16def5a3b8987acfc0c038a02e815a10.php 第 23 行.
INFO: Run Behavior\ParseTemplateBehavior [ RunTime:0.055004s ]
INFO: [ view_parse ] --END-- [ RunTime:0.055004s ]
INFO: [ view_filter ] --START--
INFO: Run Behavior\WriteHtmlCacheBehavior [ RunTime:0.001000s ]
INFO: [ view_filter ] --END-- [ RunTime:0.001000s ]
INFO: [ app_end ] --START--
INFO: Run Behavior\ShowPageTraceBehavior [ RunTime:0.001000s ]
INFO: [ app_end ] --END-- [ RunTime:0.003000s ]

[ 2015-11-30T01:01:21+08:00 ] 127.0.0.1 /index.php/Home/Index/category/cat_id/1.html
INFO: [ app_init ] --START--
INFO: Run Behavior\BuildLiteBehavior [ RunTime:0.000000s ]
INFO: [ app_init ] --END-- [ RunTime:0.000000s ]
INFO: [ app_begin ] --START--
INFO: Run Behavior\ReadHtmlCacheBehavior [ RunTime:0.001000s ]
INFO: [ app_begin ] --END-- [ RunTime:0.001000s ]
SQL: SHOW COLUMNS FROM `it_cart` [ RunTime:0.0100s ]
NOTIC: [8] Undefined index: user_id E:\myshop\App\Model\CartModel.class.php 第 73 行.
SQL: SHOW COLUMNS FROM `it_category` [ RunTime:0.0090s ]
SQL: SELECT * FROM `it_category` WHERE ( parent_id=0 )  [ RunTime:0.0010s ]
SQL: SHOW COLUMNS FROM `it_category` [ RunTime:0.0060s ]
SQL: SHOW COLUMNS FROM `it_goods` [ RunTime:0.0080s ]
SQL: SELECT `goods_id`,`goods_name`,`goods_thumb`,`shop_price` FROM `it_goods` WHERE ( is_best=1 ) LIMIT 3   [ RunTime:0.0010s ]
SQL: SELECT * FROM `it_category`  [ RunTime:0.0000s ]
SQL: SELECT COUNT(*) AS tp_count FROM `it_goods` WHERE ( cat_id in (5,6,7) ) LIMIT 1   [ RunTime:0.0010s ]
SQL: SELECT `goods_id`,`goods_name`,`shop_price`,`goods_thumb` FROM `it_goods` WHERE ( cat_id in (5,6,7) ) LIMIT 0,2   [ RunTime:0.0000s ]
INFO: [ view_parse ] --START--
INFO: [ template_filter ] --START--
INFO: Run Behavior\ContentReplaceBehavior [ RunTime:0.000000s ]
INFO: [ template_filter ] --END-- [ RunTime:0.000000s ]
NOTIC: [8] Undefined index: user_id E:\myshop\App\Runtime\Cache\Home\7d4be2ee1d0d4c72691b3cd87a811f53.php 第 28 行.
INFO: Run Behavior\ParseTemplateBehavior [ RunTime:0.016001s ]
INFO: [ view_parse ] --END-- [ RunTime:0.016001s ]
INFO: [ view_filter ] --START--
INFO: Run Behavior\WriteHtmlCacheBehavior [ RunTime:0.001000s ]
INFO: [ view_filter ] --END-- [ RunTime:0.001000s ]
INFO: [ app_end ] --START--
INFO: Run Behavior\ShowPageTraceBehavior [ RunTime:0.001000s ]
INFO: [ app_end ] --END-- [ RunTime:0.001000s ]

[ 2015-11-30T01:01:26+08:00 ] 127.0.0.1 /index.php/Home/Index/detail/goods_id/3.html
INFO: [ app_init ] --START--
INFO: Run Behavior\BuildLiteBehavior [ RunTime:0.000000s ]
INFO: [ app_init ] --END-- [ RunTime:0.001000s ]
INFO: [ app_begin ] --START--
INFO: Run Behavior\ReadHtmlCacheBehavior [ RunTime:0.001000s ]
INFO: [ app_begin ] --END-- [ RunTime:0.001000s ]
SQL: SHOW COLUMNS FROM `it_cart` [ RunTime:0.0110s ]
NOTIC: [8] Undefined index: user_id E:\myshop\App\Model\CartModel.class.php 第 73 行.
SQL: SHOW COLUMNS FROM `it_category` [ RunTime:0.0090s ]
SQL: SELECT * FROM `it_category` WHERE ( parent_id=0 )  [ RunTime:0.0010s ]
SQL: SHOW COLUMNS FROM `it_goods` [ RunTime:0.0070s ]
SQL: SELECT * FROM `it_goods` WHERE `goods_id` = 3 LIMIT 1   [ RunTime:0.0000s ]
SQL: SHOW COLUMNS FROM `it_goods_attr` [ RunTime:0.0070s ]
SQL: SELECT a.id,a.attr_id,a.attr_value,b.attr_type,b.attr_name FROM `it_goods_attr` a left join it_attribute b using(attr_id)  WHERE ( goods_id=3 )  [ RunTime:0.0010s ]
SQL: SHOW COLUMNS FROM `it_category` [ RunTime:0.0060s ]
SQL: SELECT * FROM `it_category`  [ RunTime:0.0000s ]
INFO: [ view_parse ] --START--
INFO: [ template_filter ] --START--
INFO: Run Behavior\ContentReplaceBehavior [ RunTime:0.000000s ]
INFO: [ template_filter ] --END-- [ RunTime:0.001000s ]
NOTIC: [8] Undefined index: user_id E:\myshop\App\Runtime\Cache\Home\56563fb70bfd45c5e738bfc14042f337.php 第 23 行.
INFO: Run Behavior\ParseTemplateBehavior [ RunTime:0.021002s ]
INFO: [ view_parse ] --END-- [ RunTime:0.021002s ]
INFO: [ view_filter ] --START--
INFO: Run Behavior\WriteHtmlCacheBehavior [ RunTime:0.000000s ]
INFO: [ view_filter ] --END-- [ RunTime:0.000000s ]
INFO: [ app_end ] --START--
INFO: Run Behavior\ShowPageTraceBehavior [ RunTime:0.000000s ]
INFO: [ app_end ] --END-- [ RunTime:0.000000s ]

[ 2015-11-30T01:01:53+08:00 ] 127.0.0.1 /index.php/Home/Cart/addCart.html
INFO: [ app_init ] --START--
INFO: Run Behavior\BuildLiteBehavior [ RunTime:0.000000s ]
INFO: [ app_init ] --END-- [ RunTime:0.000000s ]
INFO: [ app_begin ] --START--
INFO: Run Behavior\ReadHtmlCacheBehavior [ RunTime:0.000000s ]
INFO: [ app_begin ] --END-- [ RunTime:0.001000s ]
SQL: SHOW COLUMNS FROM `it_cart` [ RunTime:0.0090s ]
NOTIC: [8] Undefined index: user_id E:\myshop\App\Model\CartModel.class.php 第 73 行.
SQL: SHOW COLUMNS FROM `it_category` [ RunTime:0.0100s ]
SQL: SELECT * FROM `it_category` WHERE ( parent_id=0 )  [ RunTime:0.0010s ]
SQL: SHOW COLUMNS FROM `it_cart` [ RunTime:0.0070s ]
NOTIC: [8] Undefined index: user_id E:\myshop\App\Model\CartModel.class.php 第 14 行.
INFO: [ view_parse ] --START--
INFO: [ template_filter ] --START--
INFO: Run Behavior\ContentReplaceBehavior [ RunTime:0.000000s ]
INFO: [ template_filter ] --END-- [ RunTime:0.000000s ]
INFO: Run Behavior\ParseTemplateBehavior [ RunTime:0.008000s ]
INFO: [ view_parse ] --END-- [ RunTime:0.008000s ]
INFO: [ view_filter ] --START--
INFO: Run Behavior\WriteHtmlCacheBehavior [ RunTime:0.001000s ]
INFO: [ view_filter ] --END-- [ RunTime:0.001000s ]
INFO: [ app_end ] --START--
INFO: Run Behavior\ShowPageTraceBehavior [ RunTime:0.001000s ]
INFO: [ app_end ] --END-- [ RunTime:0.001000s ]

[ 2015-11-30T01:01:56+08:00 ] 127.0.0.1 /index.php/Home/Cart/cartlist.html
INFO: [ app_init ] --START--
INFO: Run Behavior\BuildLiteBehavior [ RunTime:0.000000s ]
INFO: [ app_init ] --END-- [ RunTime:0.000000s ]
INFO: [ app_begin ] --START--
INFO: Run Behavior\ReadHtmlCacheBehavior [ RunTime:0.001000s ]
INFO: [ app_begin ] --END-- [ RunTime:0.001000s ]
SQL: SHOW COLUMNS FROM `it_cart` [ RunTime:0.0100s ]
NOTIC: [8] Undefined index: user_id E:\myshop\App\Model\CartModel.class.php 第 73 行.
SQL: SHOW COLUMNS FROM `it_goods` [ RunTime:0.0110s ]
SQL: SELECT `goods_name`,`goods_thumb`,`shop_price` FROM `it_goods` WHERE `goods_id` = 3 LIMIT 1   [ RunTime:0.0010s ]
SQL: select group_concat(concat(b.attr_name,':',a.attr_value) separator '<br/>') attrs
		 from it_goods_attr a left join it_attribute b using(attr_id) where a.id in (17,18,20) [ RunTime:0.0010s ]
SQL: SHOW COLUMNS FROM `it_category` [ RunTime:0.0070s ]
SQL: SELECT * FROM `it_category` WHERE ( parent_id=0 )  [ RunTime:0.0010s ]
SQL: SHOW COLUMNS FROM `it_cart` [ RunTime:0.0070s ]
NOTIC: [8] Undefined index: user_id E:\myshop\App\Model\CartModel.class.php 第 73 行.
SQL: SELECT `goods_name`,`goods_thumb`,`shop_price` FROM `it_goods` WHERE `goods_id` = 3 LIMIT 1   [ RunTime:0.0010s ]
SQL: select group_concat(concat(b.attr_name,':',a.attr_value) separator '<br/>') attrs
		 from it_goods_attr a left join it_attribute b using(attr_id) where a.id in (17,18,20) [ RunTime:0.0010s ]
INFO: [ view_parse ] --START--
INFO: [ template_filter ] --START--
INFO: Run Behavior\ContentReplaceBehavior [ RunTime:0.001000s ]
INFO: [ template_filter ] --END-- [ RunTime:0.001000s ]
NOTIC: [8] Undefined index: user_id E:\myshop\App\Runtime\Cache\Home\75e1d4be54a02762f2a55a5f57c8a0e3.php 第 29 行.
INFO: Run Behavior\ParseTemplateBehavior [ RunTime:0.014001s ]
INFO: [ view_parse ] --END-- [ RunTime:0.015001s ]
INFO: [ view_filter ] --START--
INFO: Run Behavior\WriteHtmlCacheBehavior [ RunTime:0.001000s ]
INFO: [ view_filter ] --END-- [ RunTime:0.001000s ]
INFO: [ app_end ] --START--
INFO: Run Behavior\ShowPageTraceBehavior [ RunTime:0.001000s ]
INFO: [ app_end ] --END-- [ RunTime:0.001000s ]

[ 2015-11-30T01:03:19+08:00 ] 127.0.0.1 /index.php/Home/User/login.html
INFO: [ app_init ] --START--
INFO: Run Behavior\BuildLiteBehavior [ RunTime:0.000000s ]
INFO: [ app_init ] --END-- [ RunTime:0.000000s ]
INFO: [ app_begin ] --START--
INFO: Run Behavior\ReadHtmlCacheBehavior [ RunTime:0.001000s ]
INFO: [ app_begin ] --END-- [ RunTime:0.001000s ]
SQL: SHOW COLUMNS FROM `it_cart` [ RunTime:0.0100s ]
NOTIC: [8] Undefined index: user_id E:\myshop\App\Model\CartModel.class.php 第 73 行.
SQL: SHOW COLUMNS FROM `it_goods` [ RunTime:0.0100s ]
SQL: SELECT `goods_name`,`goods_thumb`,`shop_price` FROM `it_goods` WHERE `goods_id` = 3 LIMIT 1   [ RunTime:0.0000s ]
SQL: select group_concat(concat(b.attr_name,':',a.attr_value) separator '<br/>') attrs
		 from it_goods_attr a left join it_attribute b using(attr_id) where a.id in (17,18,20) [ RunTime:0.0010s ]
SQL: SHOW COLUMNS FROM `it_category` [ RunTime:0.0060s ]
SQL: SELECT * FROM `it_category` WHERE ( parent_id=0 )  [ RunTime:0.0000s ]
INFO: [ view_parse ] --START--
INFO: [ template_filter ] --START--
INFO: Run Behavior\ContentReplaceBehavior [ RunTime:0.000000s ]
INFO: [ template_filter ] --END-- [ RunTime:0.000000s ]
NOTIC: [8] Undefined index: user_id E:\myshop\App\Runtime\Cache\Home\16def5a3b8987acfc0c038a02e815a10.php 第 23 行.
INFO: Run Behavior\ParseTemplateBehavior [ RunTime:0.013001s ]
INFO: [ view_parse ] --END-- [ RunTime:0.013001s ]
INFO: [ view_filter ] --START--
INFO: Run Behavior\WriteHtmlCacheBehavior [ RunTime:0.001000s ]
INFO: [ view_filter ] --END-- [ RunTime:0.001000s ]
INFO: [ app_end ] --START--
INFO: Run Behavior\ShowPageTraceBehavior [ RunTime:0.001000s ]
INFO: [ app_end ] --END-- [ RunTime:0.001000s ]

[ 2015-11-30T01:03:25+08:00 ] 127.0.0.1 /index.php/Home/User/login.html
INFO: [ app_init ] --START--
INFO: Run Behavior\BuildLiteBehavior [ RunTime:0.000000s ]
INFO: [ app_init ] --END-- [ RunTime:0.001000s ]
INFO: [ app_begin ] --START--
INFO: Run Behavior\ReadHtmlCacheBehavior [ RunTime:0.001000s ]
INFO: [ app_begin ] --END-- [ RunTime:0.001000s ]
SQL: SHOW COLUMNS FROM `it_cart` [ RunTime:0.0080s ]
NOTIC: [8] Undefined index: user_id E:\myshop\App\Model\CartModel.class.php 第 73 行.
SQL: SHOW COLUMNS FROM `it_goods` [ RunTime:0.0080s ]
SQL: SELECT `goods_name`,`goods_thumb`,`shop_price` FROM `it_goods` WHERE `goods_id` = 3 LIMIT 1   [ RunTime:0.0000s ]
SQL: select group_concat(concat(b.attr_name,':',a.attr_value) separator '<br/>') attrs
		 from it_goods_attr a left join it_attribute b using(attr_id) where a.id in (17,18,20) [ RunTime:0.0000s ]
SQL: SHOW COLUMNS FROM `it_category` [ RunTime:0.0080s ]
SQL: SELECT * FROM `it_category` WHERE ( parent_id=0 )  [ RunTime:0.0020s ]
SQL: SHOW COLUMNS FROM `it_user` [ RunTime:0.0070s ]
SQL: SELECT * FROM `it_user` WHERE ( username='aa' ) LIMIT 1   [ RunTime:0.0010s ]
SQL: SHOW COLUMNS FROM `it_cart` [ RunTime:0.0070s ]
SQL: SELECT * FROM `it_cart` WHERE ( goods_id=3 and 
				goods_attr_id='17,18,20' and user_id=1 )  [ RunTime:0.0000s ]
SQL: INSERT INTO `it_cart` (`goods_id`,`goods_attr_id`,`goods_count`,`user_id`) VALUES ('3','17,18,20','1','1') [ RunTime:0.0780s ]
INFO: [ view_parse ] --START--
INFO: [ template_filter ] --START--
INFO: Run Behavior\ContentReplaceBehavior [ RunTime:0.000000s ]
INFO: [ template_filter ] --END-- [ RunTime:0.000000s ]
INFO: Run Behavior\ParseTemplateBehavior [ RunTime:0.012001s ]
INFO: [ view_parse ] --END-- [ RunTime:0.012001s ]
INFO: [ view_filter ] --START--
INFO: Run Behavior\WriteHtmlCacheBehavior [ RunTime:0.001000s ]
INFO: [ view_filter ] --END-- [ RunTime:0.001000s ]

[ 2015-11-30T01:03:27+08:00 ] 127.0.0.1 /index.php/Home/Index/index.html
INFO: [ app_init ] --START--
INFO: Run Behavior\BuildLiteBehavior [ RunTime:0.000000s ]
INFO: [ app_init ] --END-- [ RunTime:0.000000s ]
INFO: [ app_begin ] --START--
INFO: Run Behavior\ReadHtmlCacheBehavior [ RunTime:0.001000s ]
INFO: [ app_begin ] --END-- [ RunTime:0.001000s ]
SQL: SHOW COLUMNS FROM `it_cart` [ RunTime:0.0100s ]
SQL: SELECT * FROM `it_cart` WHERE ( user_id=1 )  [ RunTime:0.0010s ]
SQL: SHOW COLUMNS FROM `it_goods` [ RunTime:0.0090s ]
SQL: SELECT `goods_name`,`goods_thumb`,`shop_price` FROM `it_goods` WHERE `goods_id` = 3 LIMIT 1   [ RunTime:0.0010s ]
SQL: select group_concat(concat(b.attr_name,':',a.attr_value) separator '<br/>') attrs
		 from it_goods_attr a left join it_attribute b using(attr_id) where a.id in (17,18,20) [ RunTime:0.0010s ]
SQL: SHOW COLUMNS FROM `it_category` [ RunTime:0.0060s ]
SQL: SELECT * FROM `it_category` WHERE ( parent_id=0 )  [ RunTime:0.0000s ]
SQL: SHOW COLUMNS FROM `it_category` [ RunTime:0.0070s ]
SQL: SELECT * FROM `it_category`  [ RunTime:0.0000s ]
SQL: SHOW COLUMNS FROM `it_goods` [ RunTime:0.0060s ]
SQL: SELECT `goods_id`,`goods_name`,`goods_thumb`,`shop_price` FROM `it_goods` WHERE ( is_hot=1 ) LIMIT 3   [ RunTime:0.0000s ]
SQL: SELECT `goods_id`,`goods_name`,`goods_thumb`,`shop_price` FROM `it_goods` WHERE ( is_new=1 ) LIMIT 3   [ RunTime:0.0010s ]
SQL: SELECT `goods_id`,`goods_name`,`goods_thumb`,`shop_price` FROM `it_goods` WHERE ( is_best=1 ) LIMIT 3   [ RunTime:0.0000s ]
INFO: [ view_parse ] --START--
INFO: [ template_filter ] --START--
INFO: Run Behavior\ContentReplaceBehavior [ RunTime:0.000000s ]
INFO: [ template_filter ] --END-- [ RunTime:0.000000s ]
INFO: Run Behavior\ParseTemplateBehavior [ RunTime:0.020001s ]
INFO: [ view_parse ] --END-- [ RunTime:0.020001s ]
INFO: [ view_filter ] --START--
INFO: Run Behavior\WriteHtmlCacheBehavior [ RunTime:0.000000s ]
INFO: [ view_filter ] --END-- [ RunTime:0.000000s ]
INFO: [ app_end ] --START--
INFO: Run Behavior\ShowPageTraceBehavior [ RunTime:0.001000s ]
INFO: [ app_end ] --END-- [ RunTime:0.001000s ]

[ 2015-11-30T01:03:49+08:00 ] 127.0.0.1 /index.php/Home/Cart/cartlist.html
INFO: [ app_init ] --START--
INFO: Run Behavior\BuildLiteBehavior [ RunTime:0.000000s ]
INFO: [ app_init ] --END-- [ RunTime:0.001000s ]
INFO: [ app_begin ] --START--
INFO: Run Behavior\ReadHtmlCacheBehavior [ RunTime:0.001000s ]
INFO: [ app_begin ] --END-- [ RunTime:0.002000s ]
SQL: SHOW COLUMNS FROM `it_cart` [ RunTime:0.0110s ]
SQL: SELECT * FROM `it_cart` WHERE ( user_id=1 )  [ RunTime:0.0010s ]
SQL: SHOW COLUMNS FROM `it_goods` [ RunTime:0.0120s ]
SQL: SELECT `goods_name`,`goods_thumb`,`shop_price` FROM `it_goods` WHERE `goods_id` = 3 LIMIT 1   [ RunTime:0.0000s ]
SQL: select group_concat(concat(b.attr_name,':',a.attr_value) separator '<br/>') attrs
		 from it_goods_attr a left join it_attribute b using(attr_id) where a.id in (17,18,20) [ RunTime:0.0010s ]
SQL: SHOW COLUMNS FROM `it_category` [ RunTime:0.0100s ]
SQL: SELECT * FROM `it_category` WHERE ( parent_id=0 )  [ RunTime:0.0010s ]
SQL: SHOW COLUMNS FROM `it_cart` [ RunTime:0.0080s ]
SQL: SELECT * FROM `it_cart` WHERE ( user_id=1 )  [ RunTime:0.0000s ]
SQL: SELECT `goods_name`,`goods_thumb`,`shop_price` FROM `it_goods` WHERE `goods_id` = 3 LIMIT 1   [ RunTime:0.0010s ]
SQL: select group_concat(concat(b.attr_name,':',a.attr_value) separator '<br/>') attrs
		 from it_goods_attr a left join it_attribute b using(attr_id) where a.id in (17,18,20) [ RunTime:0.0000s ]
INFO: [ view_parse ] --START--
INFO: [ template_filter ] --START--
INFO: Run Behavior\ContentReplaceBehavior [ RunTime:0.000000s ]
INFO: [ template_filter ] --END-- [ RunTime:0.000000s ]
INFO: Run Behavior\ParseTemplateBehavior [ RunTime:0.014001s ]
INFO: [ view_parse ] --END-- [ RunTime:0.014001s ]
INFO: [ view_filter ] --START--
INFO: Run Behavior\WriteHtmlCacheBehavior [ RunTime:0.001000s ]
INFO: [ view_filter ] --END-- [ RunTime:0.001000s ]
INFO: [ app_end ] --START--
INFO: Run Behavior\ShowPageTraceBehavior [ RunTime:0.001000s ]
INFO: [ app_end ] --END-- [ RunTime:0.001000s ]

[ 2015-11-30T01:03:57+08:00 ] 127.0.0.1 /index.php/Home/Order/checkout.html
INFO: [ app_init ] --START--
INFO: Run Behavior\BuildLiteBehavior [ RunTime:0.000000s ]
INFO: [ app_init ] --END-- [ RunTime:0.001001s ]
INFO: [ app_begin ] --START--
INFO: Run Behavior\ReadHtmlCacheBehavior [ RunTime:0.000000s ]
INFO: [ app_begin ] --END-- [ RunTime:0.000000s ]
SQL: SHOW COLUMNS FROM `it_cart` [ RunTime:0.0090s ]
SQL: SELECT * FROM `it_cart` WHERE ( user_id=1 )  [ RunTime:0.0000s ]
SQL: SHOW COLUMNS FROM `it_goods` [ RunTime:0.0100s ]
SQL: SELECT `goods_name`,`goods_thumb`,`shop_price` FROM `it_goods` WHERE `goods_id` = 3 LIMIT 1   [ RunTime:0.0010s ]
SQL: select group_concat(concat(b.attr_name,':',a.attr_value) separator '<br/>') attrs
		 from it_goods_attr a left join it_attribute b using(attr_id) where a.id in (17,18,20) [ RunTime:0.0000s ]
SQL: SHOW COLUMNS FROM `it_category` [ RunTime:0.0090s ]
SQL: SELECT * FROM `it_category` WHERE ( parent_id=0 )  [ RunTime:0.0010s ]
SQL: SHOW COLUMNS FROM `it_cart` [ RunTime:0.0100s ]
SQL: SELECT * FROM `it_cart` WHERE ( user_id=1 )  [ RunTime:0.0010s ]
SQL: SELECT `goods_name`,`goods_thumb`,`shop_price` FROM `it_goods` WHERE `goods_id` = 3 LIMIT 1   [ RunTime:0.0010s ]
SQL: select group_concat(concat(b.attr_name,':',a.attr_value) separator '<br/>') attrs
		 from it_goods_attr a left join it_attribute b using(attr_id) where a.id in (17,18,20) [ RunTime:0.0010s ]
SQL: SHOW COLUMNS FROM `it_address` [ RunTime:0.0070s ]
SQL: SELECT * FROM `it_address` WHERE ( user_id=1 ) LIMIT 1   [ RunTime:0.0000s ]
SQL: SELECT * FROM `it_cart` WHERE ( user_id=1 )  [ RunTime:0.0010s ]
SQL: SELECT `goods_name`,`goods_thumb`,`shop_price` FROM `it_goods` WHERE `goods_id` = 3 LIMIT 1   [ RunTime:0.0000s ]
SQL: select group_concat(concat(b.attr_name,':',a.attr_value) separator '<br/>') attrs
		 from it_goods_attr a left join it_attribute b using(attr_id) where a.id in (17,18,20) [ RunTime:0.0010s ]
INFO: [ view_parse ] --START--
INFO: [ template_filter ] --START--
INFO: Run Behavior\ContentReplaceBehavior [ RunTime:0.000000s ]
INFO: [ template_filter ] --END-- [ RunTime:0.000000s ]
INFO: Run Behavior\ParseTemplateBehavior [ RunTime:0.018001s ]
INFO: [ view_parse ] --END-- [ RunTime:0.018001s ]
INFO: [ view_filter ] --START--
INFO: Run Behavior\WriteHtmlCacheBehavior [ RunTime:0.001000s ]
INFO: [ view_filter ] --END-- [ RunTime:0.001000s ]
INFO: [ app_end ] --START--
INFO: Run Behavior\ShowPageTraceBehavior [ RunTime:0.001000s ]
INFO: [ app_end ] --END-- [ RunTime:0.002000s ]

[ 2015-11-30T01:04:21+08:00 ] 127.0.0.1 /index.php/Home/Order/checkout.html
INFO: [ app_init ] --START--
INFO: Run Behavior\BuildLiteBehavior [ RunTime:0.000000s ]
INFO: [ app_init ] --END-- [ RunTime:0.000000s ]
INFO: [ app_begin ] --START--
INFO: Run Behavior\ReadHtmlCacheBehavior [ RunTime:0.001000s ]
INFO: [ app_begin ] --END-- [ RunTime:0.001000s ]
SQL: SHOW COLUMNS FROM `it_cart` [ RunTime:0.0100s ]
SQL: SELECT * FROM `it_cart` WHERE ( user_id=1 )  [ RunTime:0.0010s ]
SQL: SHOW COLUMNS FROM `it_goods` [ RunTime:0.0110s ]
SQL: SELECT `goods_name`,`goods_thumb`,`shop_price` FROM `it_goods` WHERE `goods_id` = 3 LIMIT 1   [ RunTime:0.0010s ]
SQL: select group_concat(concat(b.attr_name,':',a.attr_value) separator '<br/>') attrs
		 from it_goods_attr a left join it_attribute b using(attr_id) where a.id in (17,18,20) [ RunTime:0.0010s ]
SQL: SHOW COLUMNS FROM `it_category` [ RunTime:0.0070s ]
SQL: SELECT * FROM `it_category` WHERE ( parent_id=0 )  [ RunTime:0.0010s ]
SQL: SHOW COLUMNS FROM `it_cart` [ RunTime:0.0070s ]
SQL: SELECT * FROM `it_cart` WHERE ( user_id=1 )  [ RunTime:0.0010s ]
SQL: SELECT `goods_name`,`goods_thumb`,`shop_price` FROM `it_goods` WHERE `goods_id` = 3 LIMIT 1   [ RunTime:0.0000s ]
SQL: select group_concat(concat(b.attr_name,':',a.attr_value) separator '<br/>') attrs
		 from it_goods_attr a left join it_attribute b using(attr_id) where a.id in (17,18,20) [ RunTime:0.0000s ]
SQL: SHOW COLUMNS FROM `it_address` [ RunTime:0.0070s ]
SQL: SELECT * FROM `it_address` WHERE ( user_id=1 ) LIMIT 1   [ RunTime:0.0000s ]
SQL: SELECT * FROM `it_cart` WHERE ( user_id=1 )  [ RunTime:0.0000s ]
SQL: SELECT `goods_name`,`goods_thumb`,`shop_price` FROM `it_goods` WHERE `goods_id` = 3 LIMIT 1   [ RunTime:0.0000s ]
SQL: select group_concat(concat(b.attr_name,':',a.attr_value) separator '<br/>') attrs
		 from it_goods_attr a left join it_attribute b using(attr_id) where a.id in (17,18,20) [ RunTime:0.0000s ]
INFO: [ view_parse ] --START--
INFO: [ template_filter ] --START--
INFO: Run Behavior\ContentReplaceBehavior [ RunTime:0.000000s ]
INFO: [ template_filter ] --END-- [ RunTime:0.000000s ]
INFO: Run Behavior\ParseTemplateBehavior [ RunTime:0.017001s ]
INFO: [ view_parse ] --END-- [ RunTime:0.018001s ]
INFO: [ view_filter ] --START--
INFO: Run Behavior\WriteHtmlCacheBehavior [ RunTime:0.000000s ]
INFO: [ view_filter ] --END-- [ RunTime:0.000000s ]
INFO: [ app_end ] --START--
INFO: Run Behavior\ShowPageTraceBehavior [ RunTime:0.001001s ]
INFO: [ app_end ] --END-- [ RunTime:0.001001s ]

[ 2015-11-30T01:05:18+08:00 ] 127.0.0.1 /index.php/Home/Order/flow
INFO: [ app_init ] --START--
INFO: Run Behavior\BuildLiteBehavior [ RunTime:0.000000s ]
INFO: [ app_init ] --END-- [ RunTime:0.001000s ]
INFO: [ app_begin ] --START--
INFO: Run Behavior\ReadHtmlCacheBehavior [ RunTime:0.002000s ]
INFO: [ app_begin ] --END-- [ RunTime:0.003000s ]
SQL: SHOW COLUMNS FROM `it_cart` [ RunTime:0.0140s ]
SQL: SELECT * FROM `it_cart` WHERE ( user_id=1 )  [ RunTime:0.0010s ]
SQL: SHOW COLUMNS FROM `it_goods` [ RunTime:0.0100s ]
SQL: SELECT `goods_name`,`goods_thumb`,`shop_price` FROM `it_goods` WHERE `goods_id` = 3 LIMIT 1   [ RunTime:0.0020s ]
SQL: select group_concat(concat(b.attr_name,':',a.attr_value) separator '<br/>') attrs
		 from it_goods_attr a left join it_attribute b using(attr_id) where a.id in (17,18,20) [ RunTime:0.0010s ]
SQL: SHOW COLUMNS FROM `it_category` [ RunTime:0.0060s ]
SQL: SELECT * FROM `it_category` WHERE ( parent_id=0 )  [ RunTime:0.0000s ]
SQL: SHOW COLUMNS FROM `it_cart` [ RunTime:0.0060s ]
SQL: SELECT * FROM `it_cart` WHERE ( user_id=1 )  [ RunTime:0.0000s ]
SQL: SELECT `goods_name`,`goods_thumb`,`shop_price` FROM `it_goods` WHERE `goods_id` = 3 LIMIT 1   [ RunTime:0.0000s ]
SQL: select group_concat(concat(b.attr_name,':',a.attr_value) separator '<br/>') attrs
		 from it_goods_attr a left join it_attribute b using(attr_id) where a.id in (17,18,20) [ RunTime:0.0010s ]
SQL: SHOW COLUMNS FROM `it_order_info` [ RunTime:0.0070s ]
SQL: INSERT INTO `it_order_info` (`user_id`,`order_sn`,`goods_amount`,`consignee`,`address`,`mobile`,`payment`,`shipping`,`addtime`) VALUES ('1','sn_565b304e72803','1200','掌门人','上海市闵行区三鲁公路','15555555555','2','5','1448816718') [ RunTime:0.0700s ]
SQL: SHOW COLUMNS FROM `it_cart` [ RunTime:0.0130s ]
SQL: SELECT * FROM `it_cart` WHERE ( user_id=1 )  [ RunTime:0.0010s ]
SQL: SELECT `goods_name`,`goods_thumb`,`shop_price` FROM `it_goods` WHERE `goods_id` = 3 LIMIT 1   [ RunTime:0.0010s ]
SQL: select group_concat(concat(b.attr_name,':',a.attr_value) separator '<br/>') attrs
		 from it_goods_attr a left join it_attribute b using(attr_id) where a.id in (17,18,20) [ RunTime:0.0010s ]
SQL: SHOW COLUMNS FROM `it_order_goods` [ RunTime:0.0120s ]
SQL: INSERT INTO `it_order_goods` (`order_id`,`goods_id`,`goods_name`,`goods_attr_id`,`shop_price`,`goods_count`) VALUES ('2','3','Origen','17,18,20','1200.00','1') [ RunTime:0.0910s ]
SQL: DELETE FROM `it_cart` WHERE ( user_id=1 ) [ RunTime:0.0440s ]

[ 2015-11-30T01:05:19+08:00 ] 127.0.0.1 /index.php/Home/Order/done/order_sn/sn_565b304e72803.html
INFO: [ app_init ] --START--
INFO: Run Behavior\BuildLiteBehavior [ RunTime:0.000000s ]
INFO: [ app_init ] --END-- [ RunTime:0.001000s ]
INFO: [ app_begin ] --START--
INFO: Run Behavior\ReadHtmlCacheBehavior [ RunTime:0.000000s ]
INFO: [ app_begin ] --END-- [ RunTime:0.002000s ]
SQL: SHOW COLUMNS FROM `it_cart` [ RunTime:0.0120s ]
SQL: SELECT * FROM `it_cart` WHERE ( user_id=1 )  [ RunTime:0.0010s ]
SQL: SHOW COLUMNS FROM `it_category` [ RunTime:0.0100s ]
SQL: SELECT * FROM `it_category` WHERE ( parent_id=0 )  [ RunTime:0.0010s ]
INFO: [ view_parse ] --START--
INFO: [ template_filter ] --START--
INFO: Run Behavior\ContentReplaceBehavior [ RunTime:0.001000s ]
INFO: [ template_filter ] --END-- [ RunTime:0.001000s ]
INFO: Run Behavior\ParseTemplateBehavior [ RunTime:0.013001s ]
INFO: [ view_parse ] --END-- [ RunTime:0.013001s ]
INFO: [ view_filter ] --START--
INFO: Run Behavior\WriteHtmlCacheBehavior [ RunTime:0.001000s ]
INFO: [ view_filter ] --END-- [ RunTime:0.001000s ]
INFO: [ app_end ] --START--
INFO: Run Behavior\ShowPageTraceBehavior [ RunTime:0.001000s ]
INFO: [ app_end ] --END-- [ RunTime:0.001000s ]

[ 2015-11-30T15:23:18+08:00 ] 127.0.0.1 /
INFO: [ app_init ] --START--
INFO: Run Behavior\BuildLiteBehavior [ RunTime:0.000000s ]
INFO: [ app_init ] --END-- [ RunTime:0.009000s ]
INFO: [ app_begin ] --START--
INFO: Run Behavior\ReadHtmlCacheBehavior [ RunTime:0.002000s ]
INFO: [ app_begin ] --END-- [ RunTime:0.002000s ]
SQL: SHOW COLUMNS FROM `it_cart` [ RunTime:0.3350s ]
NOTIC: [8] Undefined index: user_id E:\myshop\App\Model\CartModel.class.php 第 73 行.
SQL: SHOW COLUMNS FROM `it_category` [ RunTime:0.1730s ]
SQL: SELECT * FROM `it_category` WHERE ( parent_id=0 )  [ RunTime:0.0260s ]
SQL: SHOW COLUMNS FROM `it_category` [ RunTime:0.0070s ]
SQL: SELECT * FROM `it_category`  [ RunTime:0.0010s ]
SQL: SHOW COLUMNS FROM `it_goods` [ RunTime:0.1050s ]
SQL: SELECT `goods_id`,`goods_name`,`goods_thumb`,`shop_price` FROM `it_goods` WHERE ( is_hot=1 ) LIMIT 3   [ RunTime:0.0010s ]
SQL: SELECT `goods_id`,`goods_name`,`goods_thumb`,`shop_price` FROM `it_goods` WHERE ( is_new=1 ) LIMIT 3   [ RunTime:0.0010s ]
SQL: SELECT `goods_id`,`goods_name`,`goods_thumb`,`shop_price` FROM `it_goods` WHERE ( is_best=1 ) LIMIT 3   [ RunTime:0.0000s ]
INFO: [ view_parse ] --START--
INFO: [ template_filter ] --START--
INFO: Run Behavior\ContentReplaceBehavior [ RunTime:0.000000s ]
INFO: [ template_filter ] --END-- [ RunTime:0.000000s ]
NOTIC: [8] Undefined index: user_id E:\myshop\App\Runtime\Cache\Home\00e52909bed743ea261af4b6823297ff.php 第 23 行.
INFO: Run Behavior\ParseTemplateBehavior [ RunTime:0.164009s ]
INFO: [ view_parse ] --END-- [ RunTime:0.164009s ]
INFO: [ view_filter ] --START--
INFO: Run Behavior\WriteHtmlCacheBehavior [ RunTime:0.000000s ]
INFO: [ view_filter ] --END-- [ RunTime:0.001000s ]
INFO: [ app_end ] --START--
INFO: Run Behavior\ShowPageTraceBehavior [ RunTime:0.001000s ]
INFO: [ app_end ] --END-- [ RunTime:0.001000s ]

