[ 2016-01-10T09:44:19+08:00 ] 127.0.0.1 /index.php/Home/User/showlist.html
INFO: [ app_init ] --START--
INFO: Run Behavior\BuildLiteBehavior [ RunTime:0.000017s ]
INFO: [ app_init ] --END-- [ RunTime:0.000396s ]
INFO: [ app_begin ] --START--
INFO: Run Behavior\ReadHtmlCacheBehavior [ RunTime:0.000514s ]
INFO: [ app_begin ] --END-- [ RunTime:0.000566s ]
SQL: SHOW COLUMNS FROM `it_cart` [ RunTime:0.0191s ]
NOTIC: [8] Undefined index: user_id C:\web\App\Model\CartModel.class.php 第 73 行.
SQL: SHOW COLUMNS FROM `it_category` [ RunTime:0.0174s ]
SQL: SELECT * FROM `it_category` WHERE ( parent_id=0 )  [ RunTime:0.0005s ]
ERR: 非法操作:showlist

[ 2016-01-10T09:44:22+08:00 ] 127.0.0.1 /index.php/Home/User/register.html
INFO: [ app_init ] --START--
INFO: Run Behavior\BuildLiteBehavior [ RunTime:0.000020s ]
INFO: [ app_init ] --END-- [ RunTime:0.000488s ]
INFO: [ app_begin ] --START--
INFO: Run Behavior\ReadHtmlCacheBehavior [ RunTime:0.000638s ]
INFO: [ app_begin ] --END-- [ RunTime:0.000701s ]
SQL: SHOW COLUMNS FROM `it_cart` [ RunTime:0.0348s ]
NOTIC: [8] Undefined index: user_id C:\web\App\Model\CartModel.class.php 第 73 行.
SQL: SHOW COLUMNS FROM `it_category` [ RunTime:0.0086s ]
SQL: SELECT * FROM `it_category` WHERE ( parent_id=0 )  [ RunTime:0.0003s ]
INFO: [ view_parse ] --START--
INFO: [ template_filter ] --START--
INFO: Run Behavior\ContentReplaceBehavior [ RunTime:0.000095s ]
INFO: [ template_filter ] --END-- [ RunTime:0.000191s ]
NOTIC: [8] Undefined index: user_id C:\web\App\Runtime\Cache\Home\08afd3323aea03c4d961611b7d1e6c34.php 第 23 行.
INFO: Run Behavior\ParseTemplateBehavior [ RunTime:0.014209s ]
INFO: [ view_parse ] --END-- [ RunTime:0.014288s ]
INFO: [ view_filter ] --START--
INFO: Run Behavior\WriteHtmlCacheBehavior [ RunTime:0.000454s ]
INFO: [ view_filter ] --END-- [ RunTime:0.000508s ]
INFO: [ app_end ] --START--
INFO: Run Behavior\ShowPageTraceBehavior [ RunTime:0.000653s ]
INFO: [ app_end ] --END-- [ RunTime:0.000708s ]

[ 2016-01-10T12:38:05+08:00 ] 127.0.0.1 /index.php
INFO: [ app_init ] --START--
INFO: Run Behavior\BuildLiteBehavior [ RunTime:0.000014s ]
INFO: [ app_init ] --END-- [ RunTime:0.000312s ]
INFO: [ app_begin ] --START--
INFO: Run Behavior\ReadHtmlCacheBehavior [ RunTime:0.000532s ]
INFO: [ app_begin ] --END-- [ RunTime:0.000593s ]
SQL: SHOW COLUMNS FROM `it_cart` [ RunTime:0.0367s ]
NOTIC: [8] Undefined index: user_id C:\web\App\Model\CartModel.class.php 第 73 行.
SQL: SHOW COLUMNS FROM `it_category` [ RunTime:0.0342s ]
SQL: SELECT * FROM `it_category` WHERE ( parent_id=0 )  [ RunTime:0.0006s ]
SQL: SHOW COLUMNS FROM `it_category` [ RunTime:0.0124s ]
SQL: SELECT * FROM `it_category`  [ RunTime:0.0006s ]
SQL: SHOW COLUMNS FROM `it_goods` [ RunTime:0.0165s ]
SQL: SELECT `goods_id`,`goods_name`,`goods_thumb`,`shop_price` FROM `it_goods` WHERE ( is_hot=1 ) LIMIT 3   [ RunTime:0.0007s ]
SQL: SELECT `goods_id`,`goods_name`,`goods_thumb`,`shop_price` FROM `it_goods` WHERE ( is_new=1 ) LIMIT 3   [ RunTime:0.0004s ]
SQL: SELECT `goods_id`,`goods_name`,`goods_thumb`,`shop_price` FROM `it_goods` WHERE ( is_best=1 ) LIMIT 3   [ RunTime:0.0006s ]
INFO: [ view_parse ] --START--
INFO: [ template_filter ] --START--
INFO: Run Behavior\ContentReplaceBehavior [ RunTime:0.000207s ]
INFO: [ template_filter ] --END-- [ RunTime:0.000329s ]
NOTIC: [8] Undefined index: user_id C:\web\App\Runtime\Cache\Home\00e52909bed743ea261af4b6823297ff.php 第 23 行.
INFO: Run Behavior\ParseTemplateBehavior [ RunTime:0.037980s ]
INFO: [ view_parse ] --END-- [ RunTime:0.038069s ]
INFO: [ view_filter ] --START--
INFO: Run Behavior\WriteHtmlCacheBehavior [ RunTime:0.000354s ]
INFO: [ view_filter ] --END-- [ RunTime:0.000401s ]
INFO: [ app_end ] --START--
INFO: Run Behavior\ShowPageTraceBehavior [ RunTime:0.000520s ]
INFO: [ app_end ] --END-- [ RunTime:0.000570s ]

[ 2016-01-10T12:38:21+08:00 ] 127.0.0.1 /index.php/Home/Index/category/cat_id/6.html
INFO: [ app_init ] --START--
INFO: Run Behavior\BuildLiteBehavior [ RunTime:0.000017s ]
INFO: [ app_init ] --END-- [ RunTime:0.000369s ]
INFO: [ app_begin ] --START--
INFO: Run Behavior\ReadHtmlCacheBehavior [ RunTime:0.000589s ]
INFO: [ app_begin ] --END-- [ RunTime:0.000653s ]
SQL: SHOW COLUMNS FROM `it_cart` [ RunTime:0.0331s ]
NOTIC: [8] Undefined index: user_id C:\web\App\Model\CartModel.class.php 第 73 行.
SQL: SHOW COLUMNS FROM `it_category` [ RunTime:0.0210s ]
SQL: SELECT * FROM `it_category` WHERE ( parent_id=0 )  [ RunTime:0.0011s ]
SQL: SHOW COLUMNS FROM `it_category` [ RunTime:0.0093s ]
SQL: SHOW COLUMNS FROM `it_goods` [ RunTime:0.0165s ]
SQL: SELECT `goods_id`,`goods_name`,`goods_thumb`,`shop_price` FROM `it_goods` WHERE ( is_best=1 ) LIMIT 3   [ RunTime:0.0005s ]
SQL: SELECT * FROM `it_category`  [ RunTime:0.0004s ]
SQL: SELECT COUNT(*) AS tp_count FROM `it_goods` WHERE ( cat_id in (6) ) LIMIT 1   [ RunTime:0.0004s ]
SQL: SELECT `goods_id`,`goods_name`,`shop_price`,`goods_thumb` FROM `it_goods` WHERE ( cat_id in (6) ) LIMIT 0,2   [ RunTime:0.0006s ]
INFO: [ view_parse ] --START--
INFO: [ template_filter ] --START--
INFO: Run Behavior\ContentReplaceBehavior [ RunTime:0.000205s ]
INFO: [ template_filter ] --END-- [ RunTime:0.000289s ]
NOTIC: [8] Undefined index: user_id C:\web\App\Runtime\Cache\Home\7d4be2ee1d0d4c72691b3cd87a811f53.php 第 28 行.
INFO: Run Behavior\ParseTemplateBehavior [ RunTime:0.036117s ]
INFO: [ view_parse ] --END-- [ RunTime:0.036205s ]
INFO: [ view_filter ] --START--
INFO: Run Behavior\WriteHtmlCacheBehavior [ RunTime:0.000377s ]
INFO: [ view_filter ] --END-- [ RunTime:0.000423s ]
INFO: [ app_end ] --START--
INFO: Run Behavior\ShowPageTraceBehavior [ RunTime:0.000527s ]
INFO: [ app_end ] --END-- [ RunTime:0.000576s ]

[ 2016-01-10T12:51:31+08:00 ] 127.0.0.1 /index.php/Home/Index/detail/goods_id/5.html
INFO: [ app_init ] --START--
INFO: Run Behavior\BuildLiteBehavior [ RunTime:0.000017s ]
INFO: [ app_init ] --END-- [ RunTime:0.000385s ]
INFO: [ app_begin ] --START--
INFO: Run Behavior\ReadHtmlCacheBehavior [ RunTime:0.000614s ]
INFO: [ app_begin ] --END-- [ RunTime:0.000675s ]
SQL: SHOW COLUMNS FROM `it_cart` [ RunTime:0.0352s ]
NOTIC: [8] Undefined index: user_id C:\web\App\Model\CartModel.class.php 第 73 行.
SQL: SHOW COLUMNS FROM `it_category` [ RunTime:0.0328s ]
SQL: SELECT * FROM `it_category` WHERE ( parent_id=0 )  [ RunTime:0.0006s ]
SQL: SHOW COLUMNS FROM `it_goods` [ RunTime:0.0234s ]
SQL: SELECT * FROM `it_goods` WHERE `goods_id` = 5 LIMIT 1   [ RunTime:0.0008s ]
SQL: SHOW COLUMNS FROM `it_goods_attr` [ RunTime:0.0077s ]
SQL: SELECT a.id,a.attr_id,a.attr_value,b.attr_type,b.attr_name FROM `it_goods_attr` a left join it_attribute b using(attr_id)  WHERE ( goods_id=5 )  [ RunTime:0.0006s ]
SQL: SHOW COLUMNS FROM `it_category` [ RunTime:0.0092s ]
SQL: SELECT * FROM `it_category`  [ RunTime:0.0003s ]
INFO: [ view_parse ] --START--
INFO: [ template_filter ] --START--
INFO: Run Behavior\ContentReplaceBehavior [ RunTime:0.000176s ]
INFO: [ template_filter ] --END-- [ RunTime:0.000242s ]
NOTIC: [8] Undefined index: user_id C:\web\App\Runtime\Cache\Home\56563fb70bfd45c5e738bfc14042f337.php 第 24 行.
INFO: Run Behavior\ParseTemplateBehavior [ RunTime:0.031054s ]
INFO: [ view_parse ] --END-- [ RunTime:0.031117s ]
INFO: [ view_filter ] --START--
INFO: Run Behavior\WriteHtmlCacheBehavior [ RunTime:0.000337s ]
INFO: [ view_filter ] --END-- [ RunTime:0.000379s ]
INFO: [ app_end ] --START--
INFO: Run Behavior\ShowPageTraceBehavior [ RunTime:0.000516s ]
INFO: [ app_end ] --END-- [ RunTime:0.000564s ]

[ 2016-01-10T12:51:47+08:00 ] 127.0.0.1 /index.php/Home/Cart/addCart.html
INFO: [ app_init ] --START--
INFO: Run Behavior\BuildLiteBehavior [ RunTime:0.000014s ]
INFO: [ app_init ] --END-- [ RunTime:0.000266s ]
INFO: [ app_begin ] --START--
INFO: Run Behavior\ReadHtmlCacheBehavior [ RunTime:0.000462s ]
INFO: [ app_begin ] --END-- [ RunTime:0.000512s ]
SQL: SHOW COLUMNS FROM `it_cart` [ RunTime:0.0326s ]
NOTIC: [8] Undefined index: user_id C:\web\App\Model\CartModel.class.php 第 73 行.
SQL: SHOW COLUMNS FROM `it_category` [ RunTime:0.0143s ]
SQL: SELECT * FROM `it_category` WHERE ( parent_id=0 )  [ RunTime:0.0007s ]
SQL: SHOW COLUMNS FROM `it_cart` [ RunTime:0.0066s ]
NOTIC: [8] Undefined index: user_id C:\web\App\Model\CartModel.class.php 第 14 行.
INFO: [ view_parse ] --START--
INFO: [ template_filter ] --START--
INFO: Run Behavior\ContentReplaceBehavior [ RunTime:0.000043s ]
INFO: [ template_filter ] --END-- [ RunTime:0.000118s ]
INFO: Run Behavior\ParseTemplateBehavior [ RunTime:0.006502s ]
INFO: [ view_parse ] --END-- [ RunTime:0.006581s ]
INFO: [ view_filter ] --START--
INFO: Run Behavior\WriteHtmlCacheBehavior [ RunTime:0.000342s ]
INFO: [ view_filter ] --END-- [ RunTime:0.000385s ]
INFO: [ app_end ] --START--
INFO: Run Behavior\ShowPageTraceBehavior [ RunTime:0.000501s ]
INFO: [ app_end ] --END-- [ RunTime:0.000545s ]

[ 2016-01-10T12:51:49+08:00 ] 127.0.0.1 /index.php/Home/Cart/cartlist.html
INFO: [ app_init ] --START--
INFO: Run Behavior\BuildLiteBehavior [ RunTime:0.000039s ]
INFO: [ app_init ] --END-- [ RunTime:0.000862s ]
INFO: [ app_begin ] --START--
INFO: Run Behavior\ReadHtmlCacheBehavior [ RunTime:0.000914s ]
INFO: [ app_begin ] --END-- [ RunTime:0.001022s ]
SQL: SHOW COLUMNS FROM `it_cart` [ RunTime:0.0372s ]
NOTIC: [8] Undefined index: user_id C:\web\App\Model\CartModel.class.php 第 73 行.
SQL: SHOW COLUMNS FROM `it_goods` [ RunTime:0.0346s ]
SQL: SELECT `goods_name`,`goods_thumb`,`shop_price` FROM `it_goods` WHERE `goods_id` = 5 LIMIT 1   [ RunTime:0.0006s ]
SQL: select group_concat(concat(b.attr_name,':',a.attr_value) separator '<br/>') attrs
		 from it_goods_attr a left join it_attribute b using(attr_id) where a.id in (25,26,28) [ RunTime:0.0075s ]
SQL: SHOW COLUMNS FROM `it_category` [ RunTime:0.0218s ]
SQL: SELECT * FROM `it_category` WHERE ( parent_id=0 )  [ RunTime:0.0006s ]
SQL: SHOW COLUMNS FROM `it_cart` [ RunTime:0.0135s ]
NOTIC: [8] Undefined index: user_id C:\web\App\Model\CartModel.class.php 第 73 行.
SQL: SELECT `goods_name`,`goods_thumb`,`shop_price` FROM `it_goods` WHERE `goods_id` = 5 LIMIT 1   [ RunTime:0.0010s ]
SQL: select group_concat(concat(b.attr_name,':',a.attr_value) separator '<br/>') attrs
		 from it_goods_attr a left join it_attribute b using(attr_id) where a.id in (25,26,28) [ RunTime:0.0018s ]
INFO: [ view_parse ] --START--
INFO: [ template_filter ] --START--
INFO: Run Behavior\ContentReplaceBehavior [ RunTime:0.000140s ]
INFO: [ template_filter ] --END-- [ RunTime:0.000214s ]
NOTIC: [8] Undefined index: user_id C:\web\App\Runtime\Cache\Home\75e1d4be54a02762f2a55a5f57c8a0e3.php 第 29 行.
INFO: Run Behavior\ParseTemplateBehavior [ RunTime:0.032094s ]
INFO: [ view_parse ] --END-- [ RunTime:0.032205s ]
INFO: [ view_filter ] --START--
INFO: Run Behavior\WriteHtmlCacheBehavior [ RunTime:0.000375s ]
INFO: [ view_filter ] --END-- [ RunTime:0.000443s ]
INFO: [ app_end ] --START--
INFO: Run Behavior\ShowPageTraceBehavior [ RunTime:0.000560s ]
INFO: [ app_end ] --END-- [ RunTime:0.000615s ]

[ 2016-01-10T12:52:29+08:00 ] 127.0.0.1 /index.php/Home/Cart/cartlist.html
INFO: [ app_init ] --START--
INFO: Run Behavior\BuildLiteBehavior [ RunTime:0.000024s ]
INFO: [ app_init ] --END-- [ RunTime:0.000541s ]
INFO: [ app_begin ] --START--
INFO: Run Behavior\ReadHtmlCacheBehavior [ RunTime:0.000925s ]
INFO: [ app_begin ] --END-- [ RunTime:0.001014s ]
SQL: SHOW COLUMNS FROM `it_cart` [ RunTime:0.0106s ]
NOTIC: [8] Undefined index: user_id C:\web\App\Model\CartModel.class.php 第 73 行.
SQL: SHOW COLUMNS FROM `it_goods` [ RunTime:0.0104s ]
SQL: SELECT `goods_name`,`goods_thumb`,`shop_price` FROM `it_goods` WHERE `goods_id` = 5 LIMIT 1   [ RunTime:0.0003s ]
SQL: select group_concat(concat(b.attr_name,':',a.attr_value) separator '<br/>') attrs
		 from it_goods_attr a left join it_attribute b using(attr_id) where a.id in (25,26,28) [ RunTime:0.0004s ]
SQL: SHOW COLUMNS FROM `it_category` [ RunTime:0.0087s ]
SQL: SELECT * FROM `it_category` WHERE ( parent_id=0 )  [ RunTime:0.0003s ]
SQL: SHOW COLUMNS FROM `it_cart` [ RunTime:0.0062s ]
NOTIC: [8] Undefined index: user_id C:\web\App\Model\CartModel.class.php 第 73 行.
SQL: SELECT `goods_name`,`goods_thumb`,`shop_price` FROM `it_goods` WHERE `goods_id` = 5 LIMIT 1   [ RunTime:0.0003s ]
SQL: select group_concat(concat(b.attr_name,':',a.attr_value) separator '<br/>') attrs
		 from it_goods_attr a left join it_attribute b using(attr_id) where a.id in (25,26,28) [ RunTime:0.0004s ]
INFO: [ view_parse ] --START--
INFO: [ template_filter ] --START--
INFO: Run Behavior\ContentReplaceBehavior [ RunTime:0.000115s ]
INFO: [ template_filter ] --END-- [ RunTime:0.000187s ]
NOTIC: [8] Undefined index: user_id C:\web\App\Runtime\Cache\Home\75e1d4be54a02762f2a55a5f57c8a0e3.php 第 29 行.
INFO: Run Behavior\ParseTemplateBehavior [ RunTime:0.024034s ]
INFO: [ view_parse ] --END-- [ RunTime:0.024105s ]
INFO: [ view_filter ] --START--
INFO: Run Behavior\WriteHtmlCacheBehavior [ RunTime:0.000383s ]
INFO: [ view_filter ] --END-- [ RunTime:0.000428s ]
INFO: [ app_end ] --START--
INFO: Run Behavior\ShowPageTraceBehavior [ RunTime:0.000548s ]
INFO: [ app_end ] --END-- [ RunTime:0.000609s ]

[ 2016-01-10T14:18:36+08:00 ] 127.0.0.1 /index.php/Home/Cart/addCart.html
INFO: [ app_init ] --START--
INFO: Run Behavior\BuildLiteBehavior [ RunTime:0.000017s ]
INFO: [ app_init ] --END-- [ RunTime:0.000375s ]
INFO: [ app_begin ] --START--
INFO: Run Behavior\ReadHtmlCacheBehavior [ RunTime:0.000633s ]
INFO: [ app_begin ] --END-- [ RunTime:0.000700s ]

[ 2016-01-10T14:18:59+08:00 ] 127.0.0.1 /index.php/Home/Cart/addCart.html
INFO: [ app_init ] --START--
INFO: Run Behavior\BuildLiteBehavior [ RunTime:0.000018s ]
INFO: [ app_init ] --END-- [ RunTime:0.000405s ]
INFO: [ app_begin ] --START--
INFO: Run Behavior\ReadHtmlCacheBehavior [ RunTime:0.000673s ]
INFO: [ app_begin ] --END-- [ RunTime:0.000758s ]
SQL: SHOW COLUMNS FROM `it_cart` [ RunTime:0.0266s ]
NOTIC: [8] Undefined index: user_id C:\web\App\Model\CartModel.class.php 第 73 行.
SQL: SHOW COLUMNS FROM `it_goods` [ RunTime:0.0249s ]
SQL: SELECT `goods_name`,`goods_thumb`,`shop_price` FROM `it_goods` WHERE `goods_id` = 5 LIMIT 1   [ RunTime:0.0011s ]
SQL: select group_concat(concat(b.attr_name,':',a.attr_value) separator '<br/>') attrs
		 from it_goods_attr a left join it_attribute b using(attr_id) where a.id in (25,26,28) [ RunTime:0.0021s ]
SQL: SHOW COLUMNS FROM `it_category` [ RunTime:0.0204s ]
SQL: SELECT * FROM `it_category` WHERE ( parent_id=0 )  [ RunTime:0.0007s ]
SQL: SHOW COLUMNS FROM `it_cart` [ RunTime:0.0111s ]
NOTIC: [8] Undefined index: user_id C:\web\App\Model\CartModel.class.php 第 14 行.
INFO: [ view_parse ] --START--
INFO: [ template_filter ] --START--
INFO: Run Behavior\ContentReplaceBehavior [ RunTime:0.000037s ]
INFO: [ template_filter ] --END-- [ RunTime:0.000093s ]
INFO: Run Behavior\ParseTemplateBehavior [ RunTime:0.010983s ]
INFO: [ view_parse ] --END-- [ RunTime:0.011071s ]
INFO: [ view_filter ] --START--
INFO: Run Behavior\WriteHtmlCacheBehavior [ RunTime:0.000358s ]
INFO: [ view_filter ] --END-- [ RunTime:0.000407s ]
INFO: [ app_end ] --START--
INFO: Run Behavior\ShowPageTraceBehavior [ RunTime:0.000869s ]
INFO: [ app_end ] --END-- [ RunTime:0.000958s ]

[ 2016-01-10T14:19:01+08:00 ] 127.0.0.1 /index.php/Home/Cart/cartlist.html
INFO: [ app_init ] --START--
INFO: Run Behavior\BuildLiteBehavior [ RunTime:0.000018s ]
INFO: [ app_init ] --END-- [ RunTime:0.000812s ]
INFO: [ app_begin ] --START--
INFO: Run Behavior\ReadHtmlCacheBehavior [ RunTime:0.000587s ]
INFO: [ app_begin ] --END-- [ RunTime:0.000678s ]
SQL: SHOW COLUMNS FROM `it_cart` [ RunTime:0.0357s ]
NOTIC: [8] Undefined index: user_id C:\web\App\Model\CartModel.class.php 第 73 行.
SQL: SHOW COLUMNS FROM `it_goods` [ RunTime:0.0233s ]
SQL: SELECT `goods_name`,`goods_thumb`,`shop_price` FROM `it_goods` WHERE `goods_id` = 5 LIMIT 1   [ RunTime:0.0006s ]
SQL: select group_concat(concat(b.attr_name,':',a.attr_value) separator '<br/>') attrs
		 from it_goods_attr a left join it_attribute b using(attr_id) where a.id in (25,26,28) [ RunTime:0.0008s ]
SQL: SELECT `goods_name`,`goods_thumb`,`shop_price` FROM `it_goods` WHERE `goods_id` = 5 LIMIT 1   [ RunTime:0.0005s ]
SQL: select group_concat(concat(b.attr_name,':',a.attr_value) separator '<br/>') attrs
		 from it_goods_attr a left join it_attribute b using(attr_id) where a.id in (73,27,29) [ RunTime:0.0007s ]
SQL: SHOW COLUMNS FROM `it_category` [ RunTime:0.0193s ]
SQL: SELECT * FROM `it_category` WHERE ( parent_id=0 )  [ RunTime:0.0008s ]
SQL: SHOW COLUMNS FROM `it_cart` [ RunTime:0.0109s ]
NOTIC: [8] Undefined index: user_id C:\web\App\Model\CartModel.class.php 第 73 行.
SQL: SELECT `goods_name`,`goods_thumb`,`shop_price` FROM `it_goods` WHERE `goods_id` = 5 LIMIT 1   [ RunTime:0.0004s ]
SQL: select group_concat(concat(b.attr_name,':',a.attr_value) separator '<br/>') attrs
		 from it_goods_attr a left join it_attribute b using(attr_id) where a.id in (25,26,28) [ RunTime:0.0005s ]
SQL: SELECT `goods_name`,`goods_thumb`,`shop_price` FROM `it_goods` WHERE `goods_id` = 5 LIMIT 1   [ RunTime:0.0004s ]
SQL: select group_concat(concat(b.attr_name,':',a.attr_value) separator '<br/>') attrs
		 from it_goods_attr a left join it_attribute b using(attr_id) where a.id in (73,27,29) [ RunTime:0.0005s ]
INFO: [ view_parse ] --START--
INFO: [ template_filter ] --START--
INFO: Run Behavior\ContentReplaceBehavior [ RunTime:0.000144s ]
INFO: [ template_filter ] --END-- [ RunTime:0.000221s ]
NOTIC: [8] Undefined index: user_id C:\web\App\Runtime\Cache\Home\75e1d4be54a02762f2a55a5f57c8a0e3.php 第 29 行.
INFO: Run Behavior\ParseTemplateBehavior [ RunTime:0.031150s ]
INFO: [ view_parse ] --END-- [ RunTime:0.031253s ]
INFO: [ view_filter ] --START--
INFO: Run Behavior\WriteHtmlCacheBehavior [ RunTime:0.000361s ]
INFO: [ view_filter ] --END-- [ RunTime:0.000403s ]
INFO: [ app_end ] --START--
INFO: Run Behavior\ShowPageTraceBehavior [ RunTime:0.000527s ]
INFO: [ app_end ] --END-- [ RunTime:0.000582s ]

[ 2016-01-10T14:19:06+08:00 ] 127.0.0.1 /index.php/Home/Order/checkout.html
INFO: [ app_init ] --START--
INFO: Run Behavior\BuildLiteBehavior [ RunTime:0.000016s ]
INFO: [ app_init ] --END-- [ RunTime:0.000375s ]
INFO: [ app_begin ] --START--
INFO: Run Behavior\ReadHtmlCacheBehavior [ RunTime:0.000586s ]
INFO: [ app_begin ] --END-- [ RunTime:0.000647s ]
SQL: SHOW COLUMNS FROM `it_cart` [ RunTime:0.0286s ]
NOTIC: [8] Undefined index: user_id C:\web\App\Model\CartModel.class.php 第 73 行.
SQL: SHOW COLUMNS FROM `it_goods` [ RunTime:0.0242s ]
SQL: SELECT `goods_name`,`goods_thumb`,`shop_price` FROM `it_goods` WHERE `goods_id` = 5 LIMIT 1   [ RunTime:0.0006s ]
SQL: select group_concat(concat(b.attr_name,':',a.attr_value) separator '<br/>') attrs
		 from it_goods_attr a left join it_attribute b using(attr_id) where a.id in (25,26,28) [ RunTime:0.0008s ]
SQL: SELECT `goods_name`,`goods_thumb`,`shop_price` FROM `it_goods` WHERE `goods_id` = 5 LIMIT 1   [ RunTime:0.0006s ]
SQL: select group_concat(concat(b.attr_name,':',a.attr_value) separator '<br/>') attrs
		 from it_goods_attr a left join it_attribute b using(attr_id) where a.id in (73,27,29) [ RunTime:0.0007s ]
SQL: SHOW COLUMNS FROM `it_category` [ RunTime:0.0190s ]
SQL: SELECT * FROM `it_category` WHERE ( parent_id=0 )  [ RunTime:0.0009s ]
SQL: SHOW COLUMNS FROM `it_cart` [ RunTime:0.0151s ]
NOTIC: [8] Undefined index: user_id C:\web\App\Model\CartModel.class.php 第 73 行.
SQL: SELECT `goods_name`,`goods_thumb`,`shop_price` FROM `it_goods` WHERE `goods_id` = 5 LIMIT 1   [ RunTime:0.0011s ]
SQL: select group_concat(concat(b.attr_name,':',a.attr_value) separator '<br/>') attrs
		 from it_goods_attr a left join it_attribute b using(attr_id) where a.id in (25,26,28) [ RunTime:0.0012s ]
SQL: SELECT `goods_name`,`goods_thumb`,`shop_price` FROM `it_goods` WHERE `goods_id` = 5 LIMIT 1   [ RunTime:0.0006s ]
SQL: select group_concat(concat(b.attr_name,':',a.attr_value) separator '<br/>') attrs
		 from it_goods_attr a left join it_attribute b using(attr_id) where a.id in (73,27,29) [ RunTime:0.0008s ]
NOTIC: [8] Undefined index: user_id C:\web\App\Home\Controller\OrderController.class.php 第 18 行.

[ 2016-01-10T14:19:07+08:00 ] 127.0.0.1 /index.php/Home/User/login.html
INFO: [ app_init ] --START--
INFO: Run Behavior\BuildLiteBehavior [ RunTime:0.000020s ]
INFO: [ app_init ] --END-- [ RunTime:0.000439s ]
INFO: [ app_begin ] --START--
INFO: Run Behavior\ReadHtmlCacheBehavior [ RunTime:0.000899s ]
INFO: [ app_begin ] --END-- [ RunTime:0.001005s ]
SQL: SHOW COLUMNS FROM `it_cart` [ RunTime:0.0353s ]
NOTIC: [8] Undefined index: user_id C:\web\App\Model\CartModel.class.php 第 73 行.
SQL: SHOW COLUMNS FROM `it_goods` [ RunTime:0.0399s ]
SQL: SELECT `goods_name`,`goods_thumb`,`shop_price` FROM `it_goods` WHERE `goods_id` = 5 LIMIT 1   [ RunTime:0.0011s ]
SQL: select group_concat(concat(b.attr_name,':',a.attr_value) separator '<br/>') attrs
		 from it_goods_attr a left join it_attribute b using(attr_id) where a.id in (25,26,28) [ RunTime:0.0020s ]
SQL: SELECT `goods_name`,`goods_thumb`,`shop_price` FROM `it_goods` WHERE `goods_id` = 5 LIMIT 1   [ RunTime:0.0006s ]
SQL: select group_concat(concat(b.attr_name,':',a.attr_value) separator '<br/>') attrs
		 from it_goods_attr a left join it_attribute b using(attr_id) where a.id in (73,27,29) [ RunTime:0.0008s ]
SQL: SHOW COLUMNS FROM `it_category` [ RunTime:0.0188s ]
SQL: SELECT * FROM `it_category` WHERE ( parent_id=0 )  [ RunTime:0.0007s ]
INFO: [ view_parse ] --START--
INFO: [ template_filter ] --START--
INFO: Run Behavior\ContentReplaceBehavior [ RunTime:0.000283s ]
INFO: [ template_filter ] --END-- [ RunTime:0.000552s ]
NOTIC: [8] Undefined index: user_id C:\web\App\Runtime\Cache\Home\16def5a3b8987acfc0c038a02e815a10.php 第 23 行.
INFO: Run Behavior\ParseTemplateBehavior [ RunTime:0.030919s ]
INFO: [ view_parse ] --END-- [ RunTime:0.031076s ]
INFO: [ view_filter ] --START--
INFO: Run Behavior\WriteHtmlCacheBehavior [ RunTime:0.000449s ]
INFO: [ view_filter ] --END-- [ RunTime:0.000496s ]
INFO: [ app_end ] --START--
INFO: Run Behavior\ShowPageTraceBehavior [ RunTime:0.000512s ]
INFO: [ app_end ] --END-- [ RunTime:0.000559s ]

[ 2016-01-10T14:19:21+08:00 ] 127.0.0.1 /index.php/Home/User/login.html
INFO: [ app_init ] --START--
INFO: Run Behavior\BuildLiteBehavior [ RunTime:0.000013s ]
INFO: [ app_init ] --END-- [ RunTime:0.000321s ]
INFO: [ app_begin ] --START--
INFO: Run Behavior\ReadHtmlCacheBehavior [ RunTime:0.000486s ]
INFO: [ app_begin ] --END-- [ RunTime:0.000536s ]
SQL: SHOW COLUMNS FROM `it_cart` [ RunTime:0.0335s ]
NOTIC: [8] Undefined index: user_id C:\web\App\Model\CartModel.class.php 第 73 行.
SQL: SHOW COLUMNS FROM `it_goods` [ RunTime:0.0231s ]
SQL: SELECT `goods_name`,`goods_thumb`,`shop_price` FROM `it_goods` WHERE `goods_id` = 5 LIMIT 1   [ RunTime:0.0011s ]
SQL: select group_concat(concat(b.attr_name,':',a.attr_value) separator '<br/>') attrs
		 from it_goods_attr a left join it_attribute b using(attr_id) where a.id in (25,26,28) [ RunTime:0.0015s ]
SQL: SELECT `goods_name`,`goods_thumb`,`shop_price` FROM `it_goods` WHERE `goods_id` = 5 LIMIT 1   [ RunTime:0.0003s ]
SQL: select group_concat(concat(b.attr_name,':',a.attr_value) separator '<br/>') attrs
		 from it_goods_attr a left join it_attribute b using(attr_id) where a.id in (73,27,29) [ RunTime:0.0004s ]
SQL: SHOW COLUMNS FROM `it_category` [ RunTime:0.0093s ]
SQL: SELECT * FROM `it_category` WHERE ( parent_id=0 )  [ RunTime:0.0003s ]
SQL: SHOW COLUMNS FROM `it_user` [ RunTime:0.0080s ]
SQL: SELECT * FROM `it_user` WHERE ( username='aa' ) LIMIT 1   [ RunTime:0.0004s ]
INFO: [ view_parse ] --START--
INFO: [ template_filter ] --START--
INFO: Run Behavior\ContentReplaceBehavior [ RunTime:0.000038s ]
INFO: [ template_filter ] --END-- [ RunTime:0.000094s ]
INFO: Run Behavior\ParseTemplateBehavior [ RunTime:0.005449s ]
INFO: [ view_parse ] --END-- [ RunTime:0.005534s ]
INFO: [ view_filter ] --START--
INFO: Run Behavior\WriteHtmlCacheBehavior [ RunTime:0.000480s ]
INFO: [ view_filter ] --END-- [ RunTime:0.000554s ]

[ 2016-01-10T14:19:24+08:00 ] 127.0.0.1 /index.php/Home/User/login.html
INFO: [ app_init ] --START--
INFO: Run Behavior\BuildLiteBehavior [ RunTime:0.000016s ]
INFO: [ app_init ] --END-- [ RunTime:0.000326s ]
INFO: [ app_begin ] --START--
INFO: Run Behavior\ReadHtmlCacheBehavior [ RunTime:0.000592s ]
INFO: [ app_begin ] --END-- [ RunTime:0.000653s ]
SQL: SHOW COLUMNS FROM `it_cart` [ RunTime:0.0367s ]
NOTIC: [8] Undefined index: user_id C:\web\App\Model\CartModel.class.php 第 73 行.
SQL: SHOW COLUMNS FROM `it_goods` [ RunTime:0.0357s ]
SQL: SELECT `goods_name`,`goods_thumb`,`shop_price` FROM `it_goods` WHERE `goods_id` = 5 LIMIT 1   [ RunTime:0.0006s ]
SQL: select group_concat(concat(b.attr_name,':',a.attr_value) separator '<br/>') attrs
		 from it_goods_attr a left join it_attribute b using(attr_id) where a.id in (25,26,28) [ RunTime:0.0008s ]
SQL: SELECT `goods_name`,`goods_thumb`,`shop_price` FROM `it_goods` WHERE `goods_id` = 5 LIMIT 1   [ RunTime:0.0006s ]
SQL: select group_concat(concat(b.attr_name,':',a.attr_value) separator '<br/>') attrs
		 from it_goods_attr a left join it_attribute b using(attr_id) where a.id in (73,27,29) [ RunTime:0.0013s ]
SQL: SHOW COLUMNS FROM `it_category` [ RunTime:0.0190s ]
SQL: SELECT * FROM `it_category` WHERE ( parent_id=0 )  [ RunTime:0.0004s ]
INFO: [ view_parse ] --START--
INFO: [ template_filter ] --START--
INFO: Run Behavior\ContentReplaceBehavior [ RunTime:0.000105s ]
INFO: [ template_filter ] --END-- [ RunTime:0.000201s ]
NOTIC: [8] Undefined index: user_id C:\web\App\Runtime\Cache\Home\16def5a3b8987acfc0c038a02e815a10.php 第 23 行.
INFO: Run Behavior\ParseTemplateBehavior [ RunTime:0.021233s ]
INFO: [ view_parse ] --END-- [ RunTime:0.021378s ]
INFO: [ view_filter ] --START--
INFO: Run Behavior\WriteHtmlCacheBehavior [ RunTime:0.001501s ]
INFO: [ view_filter ] --END-- [ RunTime:0.001608s ]
INFO: [ app_end ] --START--
INFO: Run Behavior\ShowPageTraceBehavior [ RunTime:0.000870s ]
INFO: [ app_end ] --END-- [ RunTime:0.000971s ]

[ 2016-01-10T14:19:26+08:00 ] 127.0.0.1 /index.php/Home/Order/checkout.html
INFO: [ app_init ] --START--
INFO: Run Behavior\BuildLiteBehavior [ RunTime:0.000031s ]
INFO: [ app_init ] --END-- [ RunTime:0.000633s ]
INFO: [ app_begin ] --START--
INFO: Run Behavior\ReadHtmlCacheBehavior [ RunTime:0.000633s ]
INFO: [ app_begin ] --END-- [ RunTime:0.000698s ]
SQL: SHOW COLUMNS FROM `it_cart` [ RunTime:0.0338s ]
NOTIC: [8] Undefined index: user_id C:\web\App\Model\CartModel.class.php 第 73 行.
SQL: SHOW COLUMNS FROM `it_goods` [ RunTime:0.0189s ]
SQL: SELECT `goods_name`,`goods_thumb`,`shop_price` FROM `it_goods` WHERE `goods_id` = 5 LIMIT 1   [ RunTime:0.0007s ]
SQL: select group_concat(concat(b.attr_name,':',a.attr_value) separator '<br/>') attrs
		 from it_goods_attr a left join it_attribute b using(attr_id) where a.id in (25,26,28) [ RunTime:0.0005s ]
SQL: SELECT `goods_name`,`goods_thumb`,`shop_price` FROM `it_goods` WHERE `goods_id` = 5 LIMIT 1   [ RunTime:0.0003s ]
SQL: select group_concat(concat(b.attr_name,':',a.attr_value) separator '<br/>') attrs
		 from it_goods_attr a left join it_attribute b using(attr_id) where a.id in (73,27,29) [ RunTime:0.0004s ]
SQL: SHOW COLUMNS FROM `it_category` [ RunTime:0.0110s ]
SQL: SELECT * FROM `it_category` WHERE ( parent_id=0 )  [ RunTime:0.0003s ]
SQL: SHOW COLUMNS FROM `it_cart` [ RunTime:0.0071s ]
NOTIC: [8] Undefined index: user_id C:\web\App\Model\CartModel.class.php 第 73 行.
SQL: SELECT `goods_name`,`goods_thumb`,`shop_price` FROM `it_goods` WHERE `goods_id` = 5 LIMIT 1   [ RunTime:0.0003s ]
SQL: select group_concat(concat(b.attr_name,':',a.attr_value) separator '<br/>') attrs
		 from it_goods_attr a left join it_attribute b using(attr_id) where a.id in (25,26,28) [ RunTime:0.0005s ]
SQL: SELECT `goods_name`,`goods_thumb`,`shop_price` FROM `it_goods` WHERE `goods_id` = 5 LIMIT 1   [ RunTime:0.0003s ]
SQL: select group_concat(concat(b.attr_name,':',a.attr_value) separator '<br/>') attrs
		 from it_goods_attr a left join it_attribute b using(attr_id) where a.id in (73,27,29) [ RunTime:0.0004s ]
NOTIC: [8] Undefined index: user_id C:\web\App\Home\Controller\OrderController.class.php 第 18 行.

[ 2016-01-10T14:19:27+08:00 ] 127.0.0.1 /index.php/Home/User/login.html
INFO: [ app_init ] --START--
INFO: Run Behavior\BuildLiteBehavior [ RunTime:0.000028s ]
INFO: [ app_init ] --END-- [ RunTime:0.000614s ]
INFO: [ app_begin ] --START--
INFO: Run Behavior\ReadHtmlCacheBehavior [ RunTime:0.000493s ]
INFO: [ app_begin ] --END-- [ RunTime:0.000544s ]
SQL: SHOW COLUMNS FROM `it_cart` [ RunTime:0.0380s ]
NOTIC: [8] Undefined index: user_id C:\web\App\Model\CartModel.class.php 第 73 行.
SQL: SHOW COLUMNS FROM `it_goods` [ RunTime:0.0232s ]
SQL: SELECT `goods_name`,`goods_thumb`,`shop_price` FROM `it_goods` WHERE `goods_id` = 5 LIMIT 1   [ RunTime:0.0006s ]
SQL: select group_concat(concat(b.attr_name,':',a.attr_value) separator '<br/>') attrs
		 from it_goods_attr a left join it_attribute b using(attr_id) where a.id in (25,26,28) [ RunTime:0.0008s ]
SQL: SELECT `goods_name`,`goods_thumb`,`shop_price` FROM `it_goods` WHERE `goods_id` = 5 LIMIT 1   [ RunTime:0.0005s ]
SQL: select group_concat(concat(b.attr_name,':',a.attr_value) separator '<br/>') attrs
		 from it_goods_attr a left join it_attribute b using(attr_id) where a.id in (73,27,29) [ RunTime:0.0008s ]
SQL: SHOW COLUMNS FROM `it_category` [ RunTime:0.0208s ]
SQL: SELECT * FROM `it_category` WHERE ( parent_id=0 )  [ RunTime:0.0007s ]
INFO: [ view_parse ] --START--
INFO: [ template_filter ] --START--
INFO: Run Behavior\ContentReplaceBehavior [ RunTime:0.000214s ]
INFO: [ template_filter ] --END-- [ RunTime:0.000444s ]
NOTIC: [8] Undefined index: user_id C:\web\App\Runtime\Cache\Home\16def5a3b8987acfc0c038a02e815a10.php 第 23 行.
INFO: Run Behavior\ParseTemplateBehavior [ RunTime:0.029977s ]
INFO: [ view_parse ] --END-- [ RunTime:0.030124s ]
INFO: [ view_filter ] --START--
INFO: Run Behavior\WriteHtmlCacheBehavior [ RunTime:0.000823s ]
INFO: [ view_filter ] --END-- [ RunTime:0.000923s ]
INFO: [ app_end ] --START--
INFO: Run Behavior\ShowPageTraceBehavior [ RunTime:0.001199s ]
INFO: [ app_end ] --END-- [ RunTime:0.001328s ]

[ 2016-01-10T14:19:33+08:00 ] 127.0.0.1 /index.php/Home/User/login.html
INFO: [ app_init ] --START--
INFO: Run Behavior\BuildLiteBehavior [ RunTime:0.000017s ]
INFO: [ app_init ] --END-- [ RunTime:0.000363s ]
INFO: [ app_begin ] --START--
INFO: Run Behavior\ReadHtmlCacheBehavior [ RunTime:0.000594s ]
INFO: [ app_begin ] --END-- [ RunTime:0.000660s ]
SQL: SHOW COLUMNS FROM `it_cart` [ RunTime:0.0316s ]
NOTIC: [8] Undefined index: user_id C:\web\App\Model\CartModel.class.php 第 73 行.
SQL: SHOW COLUMNS FROM `it_goods` [ RunTime:0.0183s ]
SQL: SELECT `goods_name`,`goods_thumb`,`shop_price` FROM `it_goods` WHERE `goods_id` = 5 LIMIT 1   [ RunTime:0.0003s ]
SQL: select group_concat(concat(b.attr_name,':',a.attr_value) separator '<br/>') attrs
		 from it_goods_attr a left join it_attribute b using(attr_id) where a.id in (25,26,28) [ RunTime:0.0004s ]
SQL: SELECT `goods_name`,`goods_thumb`,`shop_price` FROM `it_goods` WHERE `goods_id` = 5 LIMIT 1   [ RunTime:0.0003s ]
SQL: select group_concat(concat(b.attr_name,':',a.attr_value) separator '<br/>') attrs
		 from it_goods_attr a left join it_attribute b using(attr_id) where a.id in (73,27,29) [ RunTime:0.0004s ]
SQL: SHOW COLUMNS FROM `it_category` [ RunTime:0.0105s ]
SQL: SELECT * FROM `it_category` WHERE ( parent_id=0 )  [ RunTime:0.0003s ]
SQL: SHOW COLUMNS FROM `it_user` [ RunTime:0.0090s ]
SQL: SELECT * FROM `it_user` WHERE ( username='aa' ) LIMIT 1   [ RunTime:0.0004s ]
INFO: [ view_parse ] --START--
INFO: [ template_filter ] --START--
INFO: Run Behavior\ContentReplaceBehavior [ RunTime:0.000038s ]
INFO: [ template_filter ] --END-- [ RunTime:0.000090s ]
INFO: Run Behavior\ParseTemplateBehavior [ RunTime:0.005233s ]
INFO: [ view_parse ] --END-- [ RunTime:0.005304s ]
INFO: [ view_filter ] --START--
INFO: Run Behavior\WriteHtmlCacheBehavior [ RunTime:0.000422s ]
INFO: [ view_filter ] --END-- [ RunTime:0.000484s ]

[ 2016-01-10T14:19:38+08:00 ] 127.0.0.1 /index.php/Home/User/login.html
INFO: [ app_init ] --START--
INFO: Run Behavior\BuildLiteBehavior [ RunTime:0.000023s ]
INFO: [ app_init ] --END-- [ RunTime:0.000501s ]
INFO: [ app_begin ] --START--
INFO: Run Behavior\ReadHtmlCacheBehavior [ RunTime:0.000797s ]
INFO: [ app_begin ] --END-- [ RunTime:0.000879s ]
SQL: SHOW COLUMNS FROM `it_cart` [ RunTime:0.0397s ]
NOTIC: [8] Undefined index: user_id C:\web\App\Model\CartModel.class.php 第 73 行.
SQL: SHOW COLUMNS FROM `it_goods` [ RunTime:0.0280s ]
SQL: SELECT `goods_name`,`goods_thumb`,`shop_price` FROM `it_goods` WHERE `goods_id` = 5 LIMIT 1   [ RunTime:0.0007s ]
SQL: select group_concat(concat(b.attr_name,':',a.attr_value) separator '<br/>') attrs
		 from it_goods_attr a left join it_attribute b using(attr_id) where a.id in (25,26,28) [ RunTime:0.0007s ]
SQL: SELECT `goods_name`,`goods_thumb`,`shop_price` FROM `it_goods` WHERE `goods_id` = 5 LIMIT 1   [ RunTime:0.0004s ]
SQL: select group_concat(concat(b.attr_name,':',a.attr_value) separator '<br/>') attrs
		 from it_goods_attr a left join it_attribute b using(attr_id) where a.id in (73,27,29) [ RunTime:0.0006s ]
SQL: SHOW COLUMNS FROM `it_category` [ RunTime:0.0104s ]
SQL: SELECT * FROM `it_category` WHERE ( parent_id=0 )  [ RunTime:0.0005s ]
INFO: [ view_parse ] --START--
INFO: [ template_filter ] --START--
INFO: Run Behavior\ContentReplaceBehavior [ RunTime:0.000093s ]
INFO: [ template_filter ] --END-- [ RunTime:0.000161s ]
NOTIC: [8] Undefined index: user_id C:\web\App\Runtime\Cache\Home\16def5a3b8987acfc0c038a02e815a10.php 第 23 行.
INFO: Run Behavior\ParseTemplateBehavior [ RunTime:0.013547s ]
INFO: [ view_parse ] --END-- [ RunTime:0.013665s ]
INFO: [ view_filter ] --START--
INFO: Run Behavior\WriteHtmlCacheBehavior [ RunTime:0.000723s ]
INFO: [ view_filter ] --END-- [ RunTime:0.000802s ]
INFO: [ app_end ] --START--
INFO: Run Behavior\ShowPageTraceBehavior [ RunTime:0.000870s ]
INFO: [ app_end ] --END-- [ RunTime:0.000938s ]

[ 2016-01-10T15:36:26+08:00 ] 127.0.0.1 /index.php/Home/User/login.html
INFO: [ app_init ] --START--
INFO: Run Behavior\BuildLiteBehavior [ RunTime:0.000017s ]
INFO: [ app_init ] --END-- [ RunTime:0.000375s ]
INFO: [ app_begin ] --START--
INFO: Run Behavior\ReadHtmlCacheBehavior [ RunTime:0.000898s ]
INFO: [ app_begin ] --END-- [ RunTime:0.001009s ]
SQL: SHOW COLUMNS FROM `it_cart` [ RunTime:0.0154s ]
NOTIC: [8] Undefined index: user_id C:\web\App\Model\CartModel.class.php 第 73 行.
SQL: SHOW COLUMNS FROM `it_goods` [ RunTime:0.0145s ]
SQL: SELECT `goods_name`,`goods_thumb`,`shop_price` FROM `it_goods` WHERE `goods_id` = 5 LIMIT 1   [ RunTime:0.0004s ]
SQL: select group_concat(concat(b.attr_name,':',a.attr_value) separator '<br/>') attrs
		 from it_goods_attr a left join it_attribute b using(attr_id) where a.id in (25,26,28) [ RunTime:0.0007s ]
SQL: SELECT `goods_name`,`goods_thumb`,`shop_price` FROM `it_goods` WHERE `goods_id` = 5 LIMIT 1   [ RunTime:0.0003s ]
SQL: select group_concat(concat(b.attr_name,':',a.attr_value) separator '<br/>') attrs
		 from it_goods_attr a left join it_attribute b using(attr_id) where a.id in (73,27,29) [ RunTime:0.0005s ]
SQL: SHOW COLUMNS FROM `it_category` [ RunTime:0.0110s ]
SQL: SELECT * FROM `it_category` WHERE ( parent_id=0 )  [ RunTime:0.0003s ]
SQL: SHOW COLUMNS FROM `it_user` [ RunTime:0.0079s ]
SQL: SELECT * FROM `it_user` WHERE ( username='aa' ) LIMIT 1   [ RunTime:0.0004s ]
SQL: SHOW COLUMNS FROM `it_cart` [ RunTime:0.0063s ]
SQL: SELECT * FROM `it_cart` WHERE ( goods_id=5 and 
				goods_attr_id='25,26,28' and user_id=1 )  [ RunTime:0.0006s ]
SQL: INSERT INTO `it_cart` (`goods_id`,`goods_attr_id`,`goods_count`,`user_id`) VALUES ('5','25,26,28','1','1') [ RunTime:0.0113s ]
SQL: SELECT * FROM `it_cart` WHERE ( goods_id=5 and 
				goods_attr_id='73,27,29' and user_id=1 )  [ RunTime:0.0003s ]
SQL: INSERT INTO `it_cart` (`goods_id`,`goods_attr_id`,`goods_count`,`user_id`) VALUES ('5','73,27,29','1','1') [ RunTime:0.0104s ]
INFO: [ view_parse ] --START--
INFO: [ template_filter ] --START--
INFO: Run Behavior\ContentReplaceBehavior [ RunTime:0.000038s ]
INFO: [ template_filter ] --END-- [ RunTime:0.000087s ]
INFO: Run Behavior\ParseTemplateBehavior [ RunTime:0.012284s ]
INFO: [ view_parse ] --END-- [ RunTime:0.012356s ]
INFO: [ view_filter ] --START--
INFO: Run Behavior\WriteHtmlCacheBehavior [ RunTime:0.000426s ]
INFO: [ view_filter ] --END-- [ RunTime:0.000474s ]

[ 2016-01-10T15:36:28+08:00 ] 127.0.0.1 /index.php/Home/Order/checkout.html
INFO: [ app_init ] --START--
INFO: Run Behavior\BuildLiteBehavior [ RunTime:0.000023s ]
INFO: [ app_init ] --END-- [ RunTime:0.000524s ]
INFO: [ app_begin ] --START--
INFO: Run Behavior\ReadHtmlCacheBehavior [ RunTime:0.001662s ]
INFO: [ app_begin ] --END-- [ RunTime:0.001871s ]
SQL: SHOW COLUMNS FROM `it_cart` [ RunTime:0.0343s ]
SQL: SELECT * FROM `it_cart` WHERE ( user_id=1 )  [ RunTime:0.0015s ]
SQL: SHOW COLUMNS FROM `it_goods` [ RunTime:0.0240s ]
SQL: SELECT `goods_name`,`goods_thumb`,`shop_price` FROM `it_goods` WHERE `goods_id` = 7 LIMIT 1   [ RunTime:0.0007s ]
SQL: select group_concat(concat(b.attr_name,':',a.attr_value) separator '<br/>') attrs
		 from it_goods_attr a left join it_attribute b using(attr_id) where a.id in (38,40,42) [ RunTime:0.0007s ]
SQL: SELECT `goods_name`,`goods_thumb`,`shop_price` FROM `it_goods` WHERE `goods_id` = 9 LIMIT 1   [ RunTime:0.0003s ]
SQL: select group_concat(concat(b.attr_name,':',a.attr_value) separator '<br/>') attrs
		 from it_goods_attr a left join it_attribute b using(attr_id) where a.id in (53,54,56) [ RunTime:0.0005s ]
SQL: SELECT `goods_name`,`goods_thumb`,`shop_price` FROM `it_goods` WHERE `goods_id` = 5 LIMIT 1   [ RunTime:0.0004s ]
SQL: select group_concat(concat(b.attr_name,':',a.attr_value) separator '<br/>') attrs
		 from it_goods_attr a left join it_attribute b using(attr_id) where a.id in (25,26,28) [ RunTime:0.0005s ]
SQL: SELECT `goods_name`,`goods_thumb`,`shop_price` FROM `it_goods` WHERE `goods_id` = 5 LIMIT 1   [ RunTime:0.0005s ]
SQL: select group_concat(concat(b.attr_name,':',a.attr_value) separator '<br/>') attrs
		 from it_goods_attr a left join it_attribute b using(attr_id) where a.id in (73,27,29) [ RunTime:0.0008s ]
SQL: SHOW COLUMNS FROM `it_category` [ RunTime:0.0096s ]
SQL: SELECT * FROM `it_category` WHERE ( parent_id=0 )  [ RunTime:0.0007s ]
SQL: SHOW COLUMNS FROM `it_cart` [ RunTime:0.0063s ]
SQL: SELECT * FROM `it_cart` WHERE ( user_id=1 )  [ RunTime:0.0003s ]
SQL: SELECT `goods_name`,`goods_thumb`,`shop_price` FROM `it_goods` WHERE `goods_id` = 7 LIMIT 1   [ RunTime:0.0002s ]
SQL: select group_concat(concat(b.attr_name,':',a.attr_value) separator '<br/>') attrs
		 from it_goods_attr a left join it_attribute b using(attr_id) where a.id in (38,40,42) [ RunTime:0.0004s ]
SQL: SELECT `goods_name`,`goods_thumb`,`shop_price` FROM `it_goods` WHERE `goods_id` = 9 LIMIT 1   [ RunTime:0.0002s ]
SQL: select group_concat(concat(b.attr_name,':',a.attr_value) separator '<br/>') attrs
		 from it_goods_attr a left join it_attribute b using(attr_id) where a.id in (53,54,56) [ RunTime:0.0003s ]
SQL: SELECT `goods_name`,`goods_thumb`,`shop_price` FROM `it_goods` WHERE `goods_id` = 5 LIMIT 1   [ RunTime:0.0002s ]
SQL: select group_concat(concat(b.attr_name,':',a.attr_value) separator '<br/>') attrs
		 from it_goods_attr a left join it_attribute b using(attr_id) where a.id in (25,26,28) [ RunTime:0.0003s ]
SQL: SELECT `goods_name`,`goods_thumb`,`shop_price` FROM `it_goods` WHERE `goods_id` = 5 LIMIT 1   [ RunTime:0.0002s ]
SQL: select group_concat(concat(b.attr_name,':',a.attr_value) separator '<br/>') attrs
		 from it_goods_attr a left join it_attribute b using(attr_id) where a.id in (73,27,29) [ RunTime:0.0008s ]
SQL: SHOW COLUMNS FROM `it_address` [ RunTime:0.0097s ]
SQL: SELECT * FROM `it_address` WHERE ( user_id=1 ) LIMIT 1   [ RunTime:0.0003s ]
SQL: SELECT * FROM `it_cart` WHERE ( user_id=1 )  [ RunTime:0.0002s ]
SQL: SELECT `goods_name`,`goods_thumb`,`shop_price` FROM `it_goods` WHERE `goods_id` = 7 LIMIT 1   [ RunTime:0.0002s ]
SQL: select group_concat(concat(b.attr_name,':',a.attr_value) separator '<br/>') attrs
		 from it_goods_attr a left join it_attribute b using(attr_id) where a.id in (38,40,42) [ RunTime:0.0004s ]
SQL: SELECT `goods_name`,`goods_thumb`,`shop_price` FROM `it_goods` WHERE `goods_id` = 9 LIMIT 1   [ RunTime:0.0002s ]
SQL: select group_concat(concat(b.attr_name,':',a.attr_value) separator '<br/>') attrs
		 from it_goods_attr a left join it_attribute b using(attr_id) where a.id in (53,54,56) [ RunTime:0.0003s ]
SQL: SELECT `goods_name`,`goods_thumb`,`shop_price` FROM `it_goods` WHERE `goods_id` = 5 LIMIT 1   [ RunTime:0.0002s ]
SQL: select group_concat(concat(b.attr_name,':',a.attr_value) separator '<br/>') attrs
		 from it_goods_attr a left join it_attribute b using(attr_id) where a.id in (25,26,28) [ RunTime:0.0003s ]
SQL: SELECT `goods_name`,`goods_thumb`,`shop_price` FROM `it_goods` WHERE `goods_id` = 5 LIMIT 1   [ RunTime:0.0002s ]
SQL: select group_concat(concat(b.attr_name,':',a.attr_value) separator '<br/>') attrs
		 from it_goods_attr a left join it_attribute b using(attr_id) where a.id in (73,27,29) [ RunTime:0.0003s ]
INFO: [ view_parse ] --START--
INFO: [ template_filter ] --START--
INFO: Run Behavior\ContentReplaceBehavior [ RunTime:0.000136s ]
INFO: [ template_filter ] --END-- [ RunTime:0.000206s ]
INFO: Run Behavior\ParseTemplateBehavior [ RunTime:0.020320s ]
INFO: [ view_parse ] --END-- [ RunTime:0.020391s ]
INFO: [ view_filter ] --START--
INFO: Run Behavior\WriteHtmlCacheBehavior [ RunTime:0.000350s ]
INFO: [ view_filter ] --END-- [ RunTime:0.000398s ]
INFO: [ app_end ] --START--
INFO: Run Behavior\ShowPageTraceBehavior [ RunTime:0.000531s ]
INFO: [ app_end ] --END-- [ RunTime:0.000580s ]

[ 2016-01-10T15:39:33+08:00 ] 127.0.0.1 /index.php/Home/Order/flow
INFO: [ app_init ] --START--
INFO: Run Behavior\BuildLiteBehavior [ RunTime:0.000016s ]
INFO: [ app_init ] --END-- [ RunTime:0.000363s ]
INFO: [ app_begin ] --START--
INFO: Run Behavior\ReadHtmlCacheBehavior [ RunTime:0.001068s ]
INFO: [ app_begin ] --END-- [ RunTime:0.001171s ]
SQL: SHOW COLUMNS FROM `it_cart` [ RunTime:0.0307s ]
SQL: SELECT * FROM `it_cart` WHERE ( user_id=1 )  [ RunTime:0.0007s ]
SQL: SHOW COLUMNS FROM `it_goods` [ RunTime:0.0198s ]
SQL: SELECT `goods_name`,`goods_thumb`,`shop_price` FROM `it_goods` WHERE `goods_id` = 7 LIMIT 1   [ RunTime:0.0006s ]
SQL: select group_concat(concat(b.attr_name,':',a.attr_value) separator '<br/>') attrs
		 from it_goods_attr a left join it_attribute b using(attr_id) where a.id in (38,40,42) [ RunTime:0.0010s ]
SQL: SELECT `goods_name`,`goods_thumb`,`shop_price` FROM `it_goods` WHERE `goods_id` = 9 LIMIT 1   [ RunTime:0.0008s ]
SQL: select group_concat(concat(b.attr_name,':',a.attr_value) separator '<br/>') attrs
		 from it_goods_attr a left join it_attribute b using(attr_id) where a.id in (53,54,56) [ RunTime:0.0007s ]
SQL: SELECT `goods_name`,`goods_thumb`,`shop_price` FROM `it_goods` WHERE `goods_id` = 5 LIMIT 1   [ RunTime:0.0003s ]
SQL: select group_concat(concat(b.attr_name,':',a.attr_value) separator '<br/>') attrs
		 from it_goods_attr a left join it_attribute b using(attr_id) where a.id in (25,26,28) [ RunTime:0.0004s ]
SQL: SELECT `goods_name`,`goods_thumb`,`shop_price` FROM `it_goods` WHERE `goods_id` = 5 LIMIT 1   [ RunTime:0.0003s ]
SQL: select group_concat(concat(b.attr_name,':',a.attr_value) separator '<br/>') attrs
		 from it_goods_attr a left join it_attribute b using(attr_id) where a.id in (73,27,29) [ RunTime:0.0004s ]
SQL: SHOW COLUMNS FROM `it_category` [ RunTime:0.0112s ]
SQL: SELECT * FROM `it_category` WHERE ( parent_id=0 )  [ RunTime:0.0004s ]
SQL: SHOW COLUMNS FROM `it_cart` [ RunTime:0.0073s ]
SQL: SELECT * FROM `it_cart` WHERE ( user_id=1 )  [ RunTime:0.0004s ]
SQL: SELECT `goods_name`,`goods_thumb`,`shop_price` FROM `it_goods` WHERE `goods_id` = 7 LIMIT 1   [ RunTime:0.0003s ]
SQL: select group_concat(concat(b.attr_name,':',a.attr_value) separator '<br/>') attrs
		 from it_goods_attr a left join it_attribute b using(attr_id) where a.id in (38,40,42) [ RunTime:0.0005s ]
SQL: SELECT `goods_name`,`goods_thumb`,`shop_price` FROM `it_goods` WHERE `goods_id` = 9 LIMIT 1   [ RunTime:0.0003s ]
SQL: select group_concat(concat(b.attr_name,':',a.attr_value) separator '<br/>') attrs
		 from it_goods_attr a left join it_attribute b using(attr_id) where a.id in (53,54,56) [ RunTime:0.0004s ]
SQL: SELECT `goods_name`,`goods_thumb`,`shop_price` FROM `it_goods` WHERE `goods_id` = 5 LIMIT 1   [ RunTime:0.0003s ]
SQL: select group_concat(concat(b.attr_name,':',a.attr_value) separator '<br/>') attrs
		 from it_goods_attr a left join it_attribute b using(attr_id) where a.id in (25,26,28) [ RunTime:0.0004s ]
SQL: SELECT `goods_name`,`goods_thumb`,`shop_price` FROM `it_goods` WHERE `goods_id` = 5 LIMIT 1   [ RunTime:0.0003s ]
SQL: select group_concat(concat(b.attr_name,':',a.attr_value) separator '<br/>') attrs
		 from it_goods_attr a left join it_attribute b using(attr_id) where a.id in (73,27,29) [ RunTime:0.0006s ]
SQL: SHOW COLUMNS FROM `it_product` [ RunTime:0.0161s ]
SQL: SELECT * FROM `it_product` WHERE ( goods_id=7 and goods_attr_id='38,40,42' ) LIMIT 1   [ RunTime:0.0007s ]
SQL: SELECT * FROM `it_product` WHERE ( goods_id=9 and goods_attr_id='53,54,56' ) LIMIT 1   [ RunTime:0.0003s ]
INFO: [ view_parse ] --START--
INFO: [ template_filter ] --START--
INFO: Run Behavior\ContentReplaceBehavior [ RunTime:0.000048s ]
INFO: [ template_filter ] --END-- [ RunTime:0.000128s ]
INFO: Run Behavior\ParseTemplateBehavior [ RunTime:0.006802s ]
INFO: [ view_parse ] --END-- [ RunTime:0.006890s ]
INFO: [ view_filter ] --START--
INFO: Run Behavior\WriteHtmlCacheBehavior [ RunTime:0.000429s ]
INFO: [ view_filter ] --END-- [ RunTime:0.000486s ]

[ 2016-01-10T15:59:09+08:00 ] 127.0.0.1 /index.php/Home/Order/checkout.html
INFO: [ app_init ] --START--
INFO: Run Behavior\BuildLiteBehavior [ RunTime:0.000013s ]
INFO: [ app_init ] --END-- [ RunTime:0.000299s ]
INFO: [ app_begin ] --START--
INFO: Run Behavior\ReadHtmlCacheBehavior [ RunTime:0.000485s ]
INFO: [ app_begin ] --END-- [ RunTime:0.000534s ]
SQL: SHOW COLUMNS FROM `it_cart` [ RunTime:0.0350s ]
SQL: SELECT * FROM `it_cart` WHERE ( user_id=1 )  [ RunTime:0.0011s ]
SQL: SHOW COLUMNS FROM `it_goods` [ RunTime:0.0312s ]
SQL: SELECT `goods_name`,`goods_thumb`,`shop_price` FROM `it_goods` WHERE `goods_id` = 7 LIMIT 1   [ RunTime:0.0007s ]
SQL: select group_concat(concat(b.attr_name,':',a.attr_value) separator '<br/>') attrs
		 from it_goods_attr a left join it_attribute b using(attr_id) where a.id in (38,40,42) [ RunTime:0.0014s ]
SQL: SELECT `goods_name`,`goods_thumb`,`shop_price` FROM `it_goods` WHERE `goods_id` = 9 LIMIT 1   [ RunTime:0.0012s ]
SQL: select group_concat(concat(b.attr_name,':',a.attr_value) separator '<br/>') attrs
		 from it_goods_attr a left join it_attribute b using(attr_id) where a.id in (53,54,56) [ RunTime:0.0011s ]
SQL: SELECT `goods_name`,`goods_thumb`,`shop_price` FROM `it_goods` WHERE `goods_id` = 5 LIMIT 1   [ RunTime:0.0006s ]
SQL: select group_concat(concat(b.attr_name,':',a.attr_value) separator '<br/>') attrs
		 from it_goods_attr a left join it_attribute b using(attr_id) where a.id in (25,26,28) [ RunTime:0.0007s ]
SQL: SELECT `goods_name`,`goods_thumb`,`shop_price` FROM `it_goods` WHERE `goods_id` = 5 LIMIT 1   [ RunTime:0.0005s ]
SQL: select group_concat(concat(b.attr_name,':',a.attr_value) separator '<br/>') attrs
		 from it_goods_attr a left join it_attribute b using(attr_id) where a.id in (73,27,29) [ RunTime:0.0007s ]
SQL: SHOW COLUMNS FROM `it_category` [ RunTime:0.0137s ]
SQL: SELECT * FROM `it_category` WHERE ( parent_id=0 )  [ RunTime:0.0004s ]
SQL: SHOW COLUMNS FROM `it_cart` [ RunTime:0.0075s ]
SQL: SELECT * FROM `it_cart` WHERE ( user_id=1 )  [ RunTime:0.0004s ]
SQL: SELECT `goods_name`,`goods_thumb`,`shop_price` FROM `it_goods` WHERE `goods_id` = 7 LIMIT 1   [ RunTime:0.0004s ]
SQL: select group_concat(concat(b.attr_name,':',a.attr_value) separator '<br/>') attrs
		 from it_goods_attr a left join it_attribute b using(attr_id) where a.id in (38,40,42) [ RunTime:0.0007s ]
SQL: SELECT `goods_name`,`goods_thumb`,`shop_price` FROM `it_goods` WHERE `goods_id` = 9 LIMIT 1   [ RunTime:0.0007s ]
SQL: select group_concat(concat(b.attr_name,':',a.attr_value) separator '<br/>') attrs
		 from it_goods_attr a left join it_attribute b using(attr_id) where a.id in (53,54,56) [ RunTime:0.0008s ]
SQL: SELECT `goods_name`,`goods_thumb`,`shop_price` FROM `it_goods` WHERE `goods_id` = 5 LIMIT 1   [ RunTime:0.0003s ]
SQL: select group_concat(concat(b.attr_name,':',a.attr_value) separator '<br/>') attrs
		 from it_goods_attr a left join it_attribute b using(attr_id) where a.id in (25,26,28) [ RunTime:0.0004s ]
SQL: SELECT `goods_name`,`goods_thumb`,`shop_price` FROM `it_goods` WHERE `goods_id` = 5 LIMIT 1   [ RunTime:0.0003s ]
SQL: select group_concat(concat(b.attr_name,':',a.attr_value) separator '<br/>') attrs
		 from it_goods_attr a left join it_attribute b using(attr_id) where a.id in (73,27,29) [ RunTime:0.0004s ]
SQL: SHOW COLUMNS FROM `it_address` [ RunTime:0.0098s ]
SQL: SELECT * FROM `it_address` WHERE ( user_id=1 ) LIMIT 1   [ RunTime:0.0005s ]
SQL: SELECT * FROM `it_cart` WHERE ( user_id=1 )  [ RunTime:0.0004s ]
SQL: SELECT `goods_name`,`goods_thumb`,`shop_price` FROM `it_goods` WHERE `goods_id` = 7 LIMIT 1   [ RunTime:0.0003s ]
SQL: select group_concat(concat(b.attr_name,':',a.attr_value) separator '<br/>') attrs
		 from it_goods_attr a left join it_attribute b using(attr_id) where a.id in (38,40,42) [ RunTime:0.0006s ]
SQL: SELECT `goods_name`,`goods_thumb`,`shop_price` FROM `it_goods` WHERE `goods_id` = 9 LIMIT 1   [ RunTime:0.0003s ]
SQL: select group_concat(concat(b.attr_name,':',a.attr_value) separator '<br/>') attrs
		 from it_goods_attr a left join it_attribute b using(attr_id) where a.id in (53,54,56) [ RunTime:0.0006s ]
SQL: SELECT `goods_name`,`goods_thumb`,`shop_price` FROM `it_goods` WHERE `goods_id` = 5 LIMIT 1   [ RunTime:0.0004s ]
SQL: select group_concat(concat(b.attr_name,':',a.attr_value) separator '<br/>') attrs
		 from it_goods_attr a left join it_attribute b using(attr_id) where a.id in (25,26,28) [ RunTime:0.0007s ]
SQL: SELECT `goods_name`,`goods_thumb`,`shop_price` FROM `it_goods` WHERE `goods_id` = 5 LIMIT 1   [ RunTime:0.0007s ]
SQL: select group_concat(concat(b.attr_name,':',a.attr_value) separator '<br/>') attrs
		 from it_goods_attr a left join it_attribute b using(attr_id) where a.id in (73,27,29) [ RunTime:0.0012s ]
INFO: [ view_parse ] --START--
INFO: [ template_filter ] --START--
INFO: Run Behavior\ContentReplaceBehavior [ RunTime:0.000186s ]
INFO: [ template_filter ] --END-- [ RunTime:0.000275s ]
INFO: Run Behavior\ParseTemplateBehavior [ RunTime:0.024970s ]
INFO: [ view_parse ] --END-- [ RunTime:0.025048s ]
INFO: [ view_filter ] --START--
INFO: Run Behavior\WriteHtmlCacheBehavior [ RunTime:0.000378s ]
INFO: [ view_filter ] --END-- [ RunTime:0.000422s ]
INFO: [ app_end ] --START--
INFO: Run Behavior\ShowPageTraceBehavior [ RunTime:0.000650s ]
INFO: [ app_end ] --END-- [ RunTime:0.000743s ]

[ 2016-01-10T15:59:10+08:00 ] 127.0.0.1 /index.php/Home/User/login.html
INFO: [ app_init ] --START--
INFO: Run Behavior\BuildLiteBehavior [ RunTime:0.000016s ]
INFO: [ app_init ] --END-- [ RunTime:0.000364s ]
INFO: [ app_begin ] --START--
INFO: Run Behavior\ReadHtmlCacheBehavior [ RunTime:0.000634s ]
INFO: [ app_begin ] --END-- [ RunTime:0.000700s ]
SQL: SHOW COLUMNS FROM `it_cart` [ RunTime:0.0412s ]
SQL: SELECT * FROM `it_cart` WHERE ( user_id=1 )  [ RunTime:0.0011s ]
SQL: SHOW COLUMNS FROM `it_goods` [ RunTime:0.0271s ]
SQL: SELECT `goods_name`,`goods_thumb`,`shop_price` FROM `it_goods` WHERE `goods_id` = 7 LIMIT 1   [ RunTime:0.0006s ]
SQL: select group_concat(concat(b.attr_name,':',a.attr_value) separator '<br/>') attrs
		 from it_goods_attr a left join it_attribute b using(attr_id) where a.id in (38,40,42) [ RunTime:0.0008s ]
SQL: SELECT `goods_name`,`goods_thumb`,`shop_price` FROM `it_goods` WHERE `goods_id` = 9 LIMIT 1   [ RunTime:0.0005s ]
SQL: select group_concat(concat(b.attr_name,':',a.attr_value) separator '<br/>') attrs
		 from it_goods_attr a left join it_attribute b using(attr_id) where a.id in (53,54,56) [ RunTime:0.0007s ]
SQL: SELECT `goods_name`,`goods_thumb`,`shop_price` FROM `it_goods` WHERE `goods_id` = 5 LIMIT 1   [ RunTime:0.0006s ]
SQL: select group_concat(concat(b.attr_name,':',a.attr_value) separator '<br/>') attrs
		 from it_goods_attr a left join it_attribute b using(attr_id) where a.id in (25,26,28) [ RunTime:0.0008s ]
SQL: SELECT `goods_name`,`goods_thumb`,`shop_price` FROM `it_goods` WHERE `goods_id` = 5 LIMIT 1   [ RunTime:0.0004s ]
SQL: select group_concat(concat(b.attr_name,':',a.attr_value) separator '<br/>') attrs
		 from it_goods_attr a left join it_attribute b using(attr_id) where a.id in (73,27,29) [ RunTime:0.0005s ]
SQL: SHOW COLUMNS FROM `it_category` [ RunTime:0.0149s ]
SQL: SELECT * FROM `it_category` WHERE ( parent_id=0 )  [ RunTime:0.0006s ]
INFO: [ view_parse ] --START--
INFO: [ template_filter ] --START--
INFO: Run Behavior\ContentReplaceBehavior [ RunTime:0.000146s ]
INFO: [ template_filter ] --END-- [ RunTime:0.000245s ]
INFO: Run Behavior\ParseTemplateBehavior [ RunTime:0.017770s ]
INFO: [ view_parse ] --END-- [ RunTime:0.017893s ]
INFO: [ view_filter ] --START--
INFO: Run Behavior\WriteHtmlCacheBehavior [ RunTime:0.000545s ]
INFO: [ view_filter ] --END-- [ RunTime:0.000592s ]
INFO: [ app_end ] --START--
INFO: Run Behavior\ShowPageTraceBehavior [ RunTime:0.000581s ]
INFO: [ app_end ] --END-- [ RunTime:0.000633s ]

[ 2016-01-10T16:35:14+08:00 ] 127.0.0.1 /index.php/Home/User/login.html
INFO: [ app_init ] --START--
INFO: Run Behavior\BuildLiteBehavior [ RunTime:0.000017s ]
INFO: [ app_init ] --END-- [ RunTime:0.000378s ]
INFO: [ app_begin ] --START--
INFO: Run Behavior\ReadHtmlCacheBehavior [ RunTime:0.000614s ]
INFO: [ app_begin ] --END-- [ RunTime:0.000678s ]
SQL: SHOW COLUMNS FROM `it_cart` [ RunTime:0.0311s ]
SQL: SELECT * FROM `it_cart` WHERE ( user_id=1 )  [ RunTime:0.0007s ]
SQL: SHOW COLUMNS FROM `it_goods` [ RunTime:0.0208s ]
SQL: SELECT `goods_name`,`goods_thumb`,`shop_price` FROM `it_goods` WHERE `goods_id` = 7 LIMIT 1   [ RunTime:0.0004s ]
SQL: select group_concat(concat(b.attr_name,':',a.attr_value) separator '<br/>') attrs
		 from it_goods_attr a left join it_attribute b using(attr_id) where a.id in (38,40,42) [ RunTime:0.0007s ]
SQL: SELECT `goods_name`,`goods_thumb`,`shop_price` FROM `it_goods` WHERE `goods_id` = 9 LIMIT 1   [ RunTime:0.0003s ]
SQL: select group_concat(concat(b.attr_name,':',a.attr_value) separator '<br/>') attrs
		 from it_goods_attr a left join it_attribute b using(attr_id) where a.id in (53,54,56) [ RunTime:0.0006s ]
SQL: SELECT `goods_name`,`goods_thumb`,`shop_price` FROM `it_goods` WHERE `goods_id` = 5 LIMIT 1   [ RunTime:0.0007s ]
SQL: select group_concat(concat(b.attr_name,':',a.attr_value) separator '<br/>') attrs
		 from it_goods_attr a left join it_attribute b using(attr_id) where a.id in (25,26,28) [ RunTime:0.0007s ]
SQL: SELECT `goods_name`,`goods_thumb`,`shop_price` FROM `it_goods` WHERE `goods_id` = 5 LIMIT 1   [ RunTime:0.0003s ]
SQL: select group_concat(concat(b.attr_name,':',a.attr_value) separator '<br/>') attrs
		 from it_goods_attr a left join it_attribute b using(attr_id) where a.id in (73,27,29) [ RunTime:0.0004s ]
SQL: SHOW COLUMNS FROM `it_category` [ RunTime:0.0096s ]
SQL: SELECT * FROM `it_category` WHERE ( parent_id=0 )  [ RunTime:0.0003s ]
SQL: SHOW COLUMNS FROM `it_user` [ RunTime:0.0110s ]
SQL: SELECT * FROM `it_user` WHERE ( username='aa' ) LIMIT 1   [ RunTime:0.0004s ]
SQL: SHOW COLUMNS FROM `it_cart` [ RunTime:0.0071s ]
INFO: [ view_parse ] --START--
INFO: [ template_filter ] --START--
INFO: Run Behavior\ContentReplaceBehavior [ RunTime:0.000038s ]
INFO: [ template_filter ] --END-- [ RunTime:0.000101s ]
INFO: Run Behavior\ParseTemplateBehavior [ RunTime:0.005590s ]
INFO: [ view_parse ] --END-- [ RunTime:0.005671s ]
INFO: [ view_filter ] --START--
INFO: Run Behavior\WriteHtmlCacheBehavior [ RunTime:0.000346s ]
INFO: [ view_filter ] --END-- [ RunTime:0.000391s ]

[ 2016-01-10T16:35:17+08:00 ] 127.0.0.1 /index.php/Home/Order/checkout.html
INFO: [ app_init ] --START--
INFO: Run Behavior\BuildLiteBehavior [ RunTime:0.000047s ]
INFO: [ app_init ] --END-- [ RunTime:0.000771s ]
INFO: [ app_begin ] --START--
INFO: Run Behavior\ReadHtmlCacheBehavior [ RunTime:0.001005s ]
INFO: [ app_begin ] --END-- [ RunTime:0.001115s ]
SQL: SHOW COLUMNS FROM `it_cart` [ RunTime:0.0397s ]
SQL: SELECT * FROM `it_cart` WHERE ( user_id=1 )  [ RunTime:0.0010s ]
SQL: SHOW COLUMNS FROM `it_goods` [ RunTime:0.0211s ]
SQL: SELECT `goods_name`,`goods_thumb`,`shop_price` FROM `it_goods` WHERE `goods_id` = 7 LIMIT 1   [ RunTime:0.0010s ]
SQL: select group_concat(concat(b.attr_name,':',a.attr_value) separator '<br/>') attrs
		 from it_goods_attr a left join it_attribute b using(attr_id) where a.id in (38,40,42) [ RunTime:0.0009s ]
SQL: SELECT `goods_name`,`goods_thumb`,`shop_price` FROM `it_goods` WHERE `goods_id` = 9 LIMIT 1   [ RunTime:0.0006s ]
SQL: select group_concat(concat(b.attr_name,':',a.attr_value) separator '<br/>') attrs
		 from it_goods_attr a left join it_attribute b using(attr_id) where a.id in (53,54,56) [ RunTime:0.0009s ]
SQL: SELECT `goods_name`,`goods_thumb`,`shop_price` FROM `it_goods` WHERE `goods_id` = 5 LIMIT 1   [ RunTime:0.0009s ]
SQL: select group_concat(concat(b.attr_name,':',a.attr_value) separator '<br/>') attrs
		 from it_goods_attr a left join it_attribute b using(attr_id) where a.id in (25,26,28) [ RunTime:0.0012s ]
SQL: SELECT `goods_name`,`goods_thumb`,`shop_price` FROM `it_goods` WHERE `goods_id` = 5 LIMIT 1   [ RunTime:0.0004s ]
SQL: select group_concat(concat(b.attr_name,':',a.attr_value) separator '<br/>') attrs
		 from it_goods_attr a left join it_attribute b using(attr_id) where a.id in (73,27,29) [ RunTime:0.0004s ]
SQL: SHOW COLUMNS FROM `it_category` [ RunTime:0.0095s ]
SQL: SELECT * FROM `it_category` WHERE ( parent_id=0 )  [ RunTime:0.0003s ]
SQL: SHOW COLUMNS FROM `it_cart` [ RunTime:0.0062s ]
SQL: SELECT * FROM `it_cart` WHERE ( user_id=1 )  [ RunTime:0.0003s ]
SQL: SELECT `goods_name`,`goods_thumb`,`shop_price` FROM `it_goods` WHERE `goods_id` = 7 LIMIT 1   [ RunTime:0.0003s ]
SQL: select group_concat(concat(b.attr_name,':',a.attr_value) separator '<br/>') attrs
		 from it_goods_attr a left join it_attribute b using(attr_id) where a.id in (38,40,42) [ RunTime:0.0005s ]
SQL: SELECT `goods_name`,`goods_thumb`,`shop_price` FROM `it_goods` WHERE `goods_id` = 9 LIMIT 1   [ RunTime:0.0003s ]
SQL: select group_concat(concat(b.attr_name,':',a.attr_value) separator '<br/>') attrs
		 from it_goods_attr a left join it_attribute b using(attr_id) where a.id in (53,54,56) [ RunTime:0.0004s ]
SQL: SELECT `goods_name`,`goods_thumb`,`shop_price` FROM `it_goods` WHERE `goods_id` = 5 LIMIT 1   [ RunTime:0.0003s ]
SQL: select group_concat(concat(b.attr_name,':',a.attr_value) separator '<br/>') attrs
		 from it_goods_attr a left join it_attribute b using(attr_id) where a.id in (25,26,28) [ RunTime:0.0004s ]
SQL: SELECT `goods_name`,`goods_thumb`,`shop_price` FROM `it_goods` WHERE `goods_id` = 5 LIMIT 1   [ RunTime:0.0003s ]
SQL: select group_concat(concat(b.attr_name,':',a.attr_value) separator '<br/>') attrs
		 from it_goods_attr a left join it_attribute b using(attr_id) where a.id in (73,27,29) [ RunTime:0.0004s ]
SQL: SHOW COLUMNS FROM `it_address` [ RunTime:0.0123s ]
SQL: SELECT * FROM `it_address` WHERE ( user_id=1 ) LIMIT 1   [ RunTime:0.0003s ]
SQL: SELECT * FROM `it_cart` WHERE ( user_id=1 )  [ RunTime:0.0003s ]
SQL: SELECT `goods_name`,`goods_thumb`,`shop_price` FROM `it_goods` WHERE `goods_id` = 7 LIMIT 1   [ RunTime:0.0003s ]
SQL: select group_concat(concat(b.attr_name,':',a.attr_value) separator '<br/>') attrs
		 from it_goods_attr a left join it_attribute b using(attr_id) where a.id in (38,40,42) [ RunTime:0.0005s ]
SQL: SELECT `goods_name`,`goods_thumb`,`shop_price` FROM `it_goods` WHERE `goods_id` = 9 LIMIT 1   [ RunTime:0.0003s ]
SQL: select group_concat(concat(b.attr_name,':',a.attr_value) separator '<br/>') attrs
		 from it_goods_attr a left join it_attribute b using(attr_id) where a.id in (53,54,56) [ RunTime:0.0004s ]
SQL: SELECT `goods_name`,`goods_thumb`,`shop_price` FROM `it_goods` WHERE `goods_id` = 5 LIMIT 1   [ RunTime:0.0003s ]
SQL: select group_concat(concat(b.attr_name,':',a.attr_value) separator '<br/>') attrs
		 from it_goods_attr a left join it_attribute b using(attr_id) where a.id in (25,26,28) [ RunTime:0.0004s ]
SQL: SELECT `goods_name`,`goods_thumb`,`shop_price` FROM `it_goods` WHERE `goods_id` = 5 LIMIT 1   [ RunTime:0.0003s ]
SQL: select group_concat(concat(b.attr_name,':',a.attr_value) separator '<br/>') attrs
		 from it_goods_attr a left join it_attribute b using(attr_id) where a.id in (73,27,29) [ RunTime:0.0008s ]
INFO: [ view_parse ] --START--
INFO: [ template_filter ] --START--
INFO: Run Behavior\ContentReplaceBehavior [ RunTime:0.000143s ]
INFO: [ template_filter ] --END-- [ RunTime:0.000213s ]
INFO: Run Behavior\ParseTemplateBehavior [ RunTime:0.023145s ]
INFO: [ view_parse ] --END-- [ RunTime:0.023259s ]
INFO: [ view_filter ] --START--
INFO: Run Behavior\WriteHtmlCacheBehavior [ RunTime:0.000351s ]
INFO: [ view_filter ] --END-- [ RunTime:0.000394s ]
INFO: [ app_end ] --START--
INFO: Run Behavior\ShowPageTraceBehavior [ RunTime:0.000533s ]
INFO: [ app_end ] --END-- [ RunTime:0.000580s ]

[ 2016-01-10T16:35:23+08:00 ] 127.0.0.1 /index.php/Home/Index/category/cat_id/1.html
INFO: [ app_init ] --START--
INFO: Run Behavior\BuildLiteBehavior [ RunTime:0.000016s ]
INFO: [ app_init ] --END-- [ RunTime:0.000369s ]
INFO: [ app_begin ] --START--
INFO: Run Behavior\ReadHtmlCacheBehavior [ RunTime:0.000579s ]
INFO: [ app_begin ] --END-- [ RunTime:0.000640s ]
SQL: SHOW COLUMNS FROM `it_cart` [ RunTime:0.0348s ]
SQL: SELECT * FROM `it_cart` WHERE ( user_id=1 )  [ RunTime:0.0011s ]
SQL: SHOW COLUMNS FROM `it_goods` [ RunTime:0.0349s ]
SQL: SELECT `goods_name`,`goods_thumb`,`shop_price` FROM `it_goods` WHERE `goods_id` = 7 LIMIT 1   [ RunTime:0.0006s ]
SQL: select group_concat(concat(b.attr_name,':',a.attr_value) separator '<br/>') attrs
		 from it_goods_attr a left join it_attribute b using(attr_id) where a.id in (38,40,42) [ RunTime:0.0008s ]
SQL: SELECT `goods_name`,`goods_thumb`,`shop_price` FROM `it_goods` WHERE `goods_id` = 9 LIMIT 1   [ RunTime:0.0006s ]
SQL: select group_concat(concat(b.attr_name,':',a.attr_value) separator '<br/>') attrs
		 from it_goods_attr a left join it_attribute b using(attr_id) where a.id in (53,54,56) [ RunTime:0.0007s ]
SQL: SELECT `goods_name`,`goods_thumb`,`shop_price` FROM `it_goods` WHERE `goods_id` = 5 LIMIT 1   [ RunTime:0.0006s ]
SQL: select group_concat(concat(b.attr_name,':',a.attr_value) separator '<br/>') attrs
		 from it_goods_attr a left join it_attribute b using(attr_id) where a.id in (25,26,28) [ RunTime:0.0019s ]
SQL: SELECT `goods_name`,`goods_thumb`,`shop_price` FROM `it_goods` WHERE `goods_id` = 5 LIMIT 1   [ RunTime:0.0006s ]
SQL: select group_concat(concat(b.attr_name,':',a.attr_value) separator '<br/>') attrs
		 from it_goods_attr a left join it_attribute b using(attr_id) where a.id in (73,27,29) [ RunTime:0.0008s ]
SQL: SHOW COLUMNS FROM `it_category` [ RunTime:0.0216s ]
SQL: SELECT * FROM `it_category` WHERE ( parent_id=0 )  [ RunTime:0.0007s ]
SQL: SHOW COLUMNS FROM `it_category` [ RunTime:0.0161s ]
SQL: SHOW COLUMNS FROM `it_goods` [ RunTime:0.0115s ]
SQL: SELECT `goods_id`,`goods_name`,`goods_thumb`,`shop_price` FROM `it_goods` WHERE ( is_best=1 ) LIMIT 3   [ RunTime:0.0004s ]
SQL: SELECT * FROM `it_category`  [ RunTime:0.0003s ]
SQL: SELECT COUNT(*) AS tp_count FROM `it_goods` WHERE ( cat_id in (5,6,7) ) LIMIT 1   [ RunTime:0.0004s ]
SQL: SELECT `goods_id`,`goods_name`,`shop_price`,`goods_thumb` FROM `it_goods` WHERE ( cat_id in (5,6,7) ) LIMIT 0,2   [ RunTime:0.0004s ]
INFO: [ view_parse ] --START--
INFO: [ template_filter ] --START--
INFO: Run Behavior\ContentReplaceBehavior [ RunTime:0.000184s ]
INFO: [ template_filter ] --END-- [ RunTime:0.000263s ]
INFO: Run Behavior\ParseTemplateBehavior [ RunTime:0.034254s ]
INFO: [ view_parse ] --END-- [ RunTime:0.034334s ]
INFO: [ view_filter ] --START--
INFO: Run Behavior\WriteHtmlCacheBehavior [ RunTime:0.000450s ]
INFO: [ view_filter ] --END-- [ RunTime:0.000511s ]
INFO: [ app_end ] --START--
INFO: Run Behavior\ShowPageTraceBehavior [ RunTime:0.000695s ]
INFO: [ app_end ] --END-- [ RunTime:0.000761s ]

[ 2016-01-10T16:35:54+08:00 ] 127.0.0.1 /index.php/Home/Index/category/cat_id/2.html
INFO: [ app_init ] --START--
INFO: Run Behavior\BuildLiteBehavior [ RunTime:0.000018s ]
INFO: [ app_init ] --END-- [ RunTime:0.000372s ]
INFO: [ app_begin ] --START--
INFO: Run Behavior\ReadHtmlCacheBehavior [ RunTime:0.000579s ]
INFO: [ app_begin ] --END-- [ RunTime:0.000640s ]
SQL: SHOW COLUMNS FROM `it_cart` [ RunTime:0.0371s ]
SQL: SELECT * FROM `it_cart` WHERE ( user_id=1 )  [ RunTime:0.0009s ]
SQL: SHOW COLUMNS FROM `it_goods` [ RunTime:0.0259s ]
SQL: SELECT `goods_name`,`goods_thumb`,`shop_price` FROM `it_goods` WHERE `goods_id` = 7 LIMIT 1   [ RunTime:0.0007s ]
SQL: select group_concat(concat(b.attr_name,':',a.attr_value) separator '<br/>') attrs
		 from it_goods_attr a left join it_attribute b using(attr_id) where a.id in (38,40,42) [ RunTime:0.0009s ]
SQL: SELECT `goods_name`,`goods_thumb`,`shop_price` FROM `it_goods` WHERE `goods_id` = 9 LIMIT 1   [ RunTime:0.0006s ]
SQL: select group_concat(concat(b.attr_name,':',a.attr_value) separator '<br/>') attrs
		 from it_goods_attr a left join it_attribute b using(attr_id) where a.id in (53,54,56) [ RunTime:0.0007s ]
SQL: SELECT `goods_name`,`goods_thumb`,`shop_price` FROM `it_goods` WHERE `goods_id` = 5 LIMIT 1   [ RunTime:0.0006s ]
SQL: select group_concat(concat(b.attr_name,':',a.attr_value) separator '<br/>') attrs
		 from it_goods_attr a left join it_attribute b using(attr_id) where a.id in (25,26,28) [ RunTime:0.0007s ]
SQL: SELECT `goods_name`,`goods_thumb`,`shop_price` FROM `it_goods` WHERE `goods_id` = 5 LIMIT 1   [ RunTime:0.0006s ]
SQL: select group_concat(concat(b.attr_name,':',a.attr_value) separator '<br/>') attrs
		 from it_goods_attr a left join it_attribute b using(attr_id) where a.id in (73,27,29) [ RunTime:0.0007s ]
SQL: SHOW COLUMNS FROM `it_category` [ RunTime:0.0221s ]
SQL: SELECT * FROM `it_category` WHERE ( parent_id=0 )  [ RunTime:0.0004s ]
SQL: SHOW COLUMNS FROM `it_category` [ RunTime:0.0080s ]
SQL: SHOW COLUMNS FROM `it_goods` [ RunTime:0.0113s ]
SQL: SELECT `goods_id`,`goods_name`,`goods_thumb`,`shop_price` FROM `it_goods` WHERE ( is_best=1 ) LIMIT 3   [ RunTime:0.0004s ]
SQL: SELECT * FROM `it_category`  [ RunTime:0.0004s ]
SQL: SELECT COUNT(*) AS tp_count FROM `it_goods` WHERE ( cat_id in (8,9,10) ) LIMIT 1   [ RunTime:0.0004s ]
SQL: SELECT `goods_id`,`goods_name`,`shop_price`,`goods_thumb` FROM `it_goods` WHERE ( cat_id in (8,9,10) ) LIMIT 0,2   [ RunTime:0.0004s ]
INFO: [ view_parse ] --START--
INFO: [ template_filter ] --START--
INFO: Run Behavior\ContentReplaceBehavior [ RunTime:0.000169s ]
INFO: [ template_filter ] --END-- [ RunTime:0.000231s ]
INFO: Run Behavior\ParseTemplateBehavior [ RunTime:0.024482s ]
INFO: [ view_parse ] --END-- [ RunTime:0.024584s ]
INFO: [ view_filter ] --START--
INFO: Run Behavior\WriteHtmlCacheBehavior [ RunTime:0.000499s ]
INFO: [ view_filter ] --END-- [ RunTime:0.000576s ]
INFO: [ app_end ] --START--
INFO: Run Behavior\ShowPageTraceBehavior [ RunTime:0.001028s ]
INFO: [ app_end ] --END-- [ RunTime:0.001133s ]

[ 2016-01-10T16:36:00+08:00 ] 127.0.0.1 /index.php/Home/Index/category/cat_id/1.html
INFO: [ app_init ] --START--
INFO: Run Behavior\BuildLiteBehavior [ RunTime:0.000017s ]
INFO: [ app_init ] --END-- [ RunTime:0.000369s ]
INFO: [ app_begin ] --START--
INFO: Run Behavior\ReadHtmlCacheBehavior [ RunTime:0.000582s ]
INFO: [ app_begin ] --END-- [ RunTime:0.000643s ]
SQL: SHOW COLUMNS FROM `it_cart` [ RunTime:0.0343s ]
SQL: SELECT * FROM `it_cart` WHERE ( user_id=1 )  [ RunTime:0.0011s ]
SQL: SHOW COLUMNS FROM `it_goods` [ RunTime:0.0307s ]
SQL: SELECT `goods_name`,`goods_thumb`,`shop_price` FROM `it_goods` WHERE `goods_id` = 7 LIMIT 1   [ RunTime:0.0007s ]
SQL: select group_concat(concat(b.attr_name,':',a.attr_value) separator '<br/>') attrs
		 from it_goods_attr a left join it_attribute b using(attr_id) where a.id in (38,40,42) [ RunTime:0.0008s ]
SQL: SELECT `goods_name`,`goods_thumb`,`shop_price` FROM `it_goods` WHERE `goods_id` = 9 LIMIT 1   [ RunTime:0.0006s ]
SQL: select group_concat(concat(b.attr_name,':',a.attr_value) separator '<br/>') attrs
		 from it_goods_attr a left join it_attribute b using(attr_id) where a.id in (53,54,56) [ RunTime:0.0007s ]
SQL: SELECT `goods_name`,`goods_thumb`,`shop_price` FROM `it_goods` WHERE `goods_id` = 5 LIMIT 1   [ RunTime:0.0005s ]
SQL: select group_concat(concat(b.attr_name,':',a.attr_value) separator '<br/>') attrs
		 from it_goods_attr a left join it_attribute b using(attr_id) where a.id in (25,26,28) [ RunTime:0.0007s ]
SQL: SELECT `goods_name`,`goods_thumb`,`shop_price` FROM `it_goods` WHERE `goods_id` = 5 LIMIT 1   [ RunTime:0.0005s ]
SQL: select group_concat(concat(b.attr_name,':',a.attr_value) separator '<br/>') attrs
		 from it_goods_attr a left join it_attribute b using(attr_id) where a.id in (73,27,29) [ RunTime:0.0006s ]
SQL: SHOW COLUMNS FROM `it_category` [ RunTime:0.0139s ]
SQL: SELECT * FROM `it_category` WHERE ( parent_id=0 )  [ RunTime:0.0004s ]
SQL: SHOW COLUMNS FROM `it_category` [ RunTime:0.0102s ]
SQL: SHOW COLUMNS FROM `it_goods` [ RunTime:0.0114s ]
SQL: SELECT `goods_id`,`goods_name`,`goods_thumb`,`shop_price` FROM `it_goods` WHERE ( is_best=1 ) LIMIT 3   [ RunTime:0.0006s ]
SQL: SELECT * FROM `it_category`  [ RunTime:0.0009s ]
SQL: SELECT COUNT(*) AS tp_count FROM `it_goods` WHERE ( cat_id in (5,6,7) ) LIMIT 1   [ RunTime:0.0014s ]
SQL: SELECT `goods_id`,`goods_name`,`shop_price`,`goods_thumb` FROM `it_goods` WHERE ( cat_id in (5,6,7) ) LIMIT 0,2   [ RunTime:0.0005s ]
INFO: [ view_parse ] --START--
INFO: [ template_filter ] --START--
INFO: Run Behavior\ContentReplaceBehavior [ RunTime:0.000199s ]
INFO: [ template_filter ] --END-- [ RunTime:0.000284s ]
INFO: Run Behavior\ParseTemplateBehavior [ RunTime:0.029643s ]
INFO: [ view_parse ] --END-- [ RunTime:0.029784s ]
INFO: [ view_filter ] --START--
INFO: Run Behavior\WriteHtmlCacheBehavior [ RunTime:0.000482s ]
INFO: [ view_filter ] --END-- [ RunTime:0.000536s ]
INFO: [ app_end ] --START--
INFO: Run Behavior\ShowPageTraceBehavior [ RunTime:0.000523s ]
INFO: [ app_end ] --END-- [ RunTime:0.000573s ]

[ 2016-01-10T16:36:11+08:00 ] 127.0.0.1 /index.php/Home/Cart/cartlist.html
INFO: [ app_init ] --START--
INFO: Run Behavior\BuildLiteBehavior [ RunTime:0.000018s ]
INFO: [ app_init ] --END-- [ RunTime:0.000370s ]
INFO: [ app_begin ] --START--
INFO: Run Behavior\ReadHtmlCacheBehavior [ RunTime:0.000591s ]
INFO: [ app_begin ] --END-- [ RunTime:0.000652s ]
SQL: SHOW COLUMNS FROM `it_cart` [ RunTime:0.0317s ]
SQL: SELECT * FROM `it_cart` WHERE ( user_id=1 )  [ RunTime:0.0011s ]
SQL: SHOW COLUMNS FROM `it_goods` [ RunTime:0.0308s ]
SQL: SELECT `goods_name`,`goods_thumb`,`shop_price` FROM `it_goods` WHERE `goods_id` = 7 LIMIT 1   [ RunTime:0.0005s ]
SQL: select group_concat(concat(b.attr_name,':',a.attr_value) separator '<br/>') attrs
		 from it_goods_attr a left join it_attribute b using(attr_id) where a.id in (38,40,42) [ RunTime:0.0007s ]
SQL: SELECT `goods_name`,`goods_thumb`,`shop_price` FROM `it_goods` WHERE `goods_id` = 9 LIMIT 1   [ RunTime:0.0004s ]
SQL: select group_concat(concat(b.attr_name,':',a.attr_value) separator '<br/>') attrs
		 from it_goods_attr a left join it_attribute b using(attr_id) where a.id in (53,54,56) [ RunTime:0.0006s ]
SQL: SELECT `goods_name`,`goods_thumb`,`shop_price` FROM `it_goods` WHERE `goods_id` = 5 LIMIT 1   [ RunTime:0.0004s ]
SQL: select group_concat(concat(b.attr_name,':',a.attr_value) separator '<br/>') attrs
		 from it_goods_attr a left join it_attribute b using(attr_id) where a.id in (25,26,28) [ RunTime:0.0006s ]
SQL: SELECT `goods_name`,`goods_thumb`,`shop_price` FROM `it_goods` WHERE `goods_id` = 5 LIMIT 1   [ RunTime:0.0005s ]
SQL: select group_concat(concat(b.attr_name,':',a.attr_value) separator '<br/>') attrs
		 from it_goods_attr a left join it_attribute b using(attr_id) where a.id in (73,27,29) [ RunTime:0.0008s ]
SQL: SHOW COLUMNS FROM `it_category` [ RunTime:0.0189s ]
SQL: SELECT * FROM `it_category` WHERE ( parent_id=0 )  [ RunTime:0.0005s ]
SQL: SHOW COLUMNS FROM `it_cart` [ RunTime:0.0125s ]
SQL: SELECT * FROM `it_cart` WHERE ( user_id=1 )  [ RunTime:0.0005s ]
SQL: SELECT `goods_name`,`goods_thumb`,`shop_price` FROM `it_goods` WHERE `goods_id` = 7 LIMIT 1   [ RunTime:0.0009s ]
SQL: select group_concat(concat(b.attr_name,':',a.attr_value) separator '<br/>') attrs
		 from it_goods_attr a left join it_attribute b using(attr_id) where a.id in (38,40,42) [ RunTime:0.0014s ]
SQL: SELECT `goods_name`,`goods_thumb`,`shop_price` FROM `it_goods` WHERE `goods_id` = 9 LIMIT 1   [ RunTime:0.0009s ]
SQL: select group_concat(concat(b.attr_name,':',a.attr_value) separator '<br/>') attrs
		 from it_goods_attr a left join it_attribute b using(attr_id) where a.id in (53,54,56) [ RunTime:0.0007s ]
SQL: SELECT `goods_name`,`goods_thumb`,`shop_price` FROM `it_goods` WHERE `goods_id` = 5 LIMIT 1   [ RunTime:0.0003s ]
SQL: select group_concat(concat(b.attr_name,':',a.attr_value) separator '<br/>') attrs
		 from it_goods_attr a left join it_attribute b using(attr_id) where a.id in (25,26,28) [ RunTime:0.0004s ]
SQL: SELECT `goods_name`,`goods_thumb`,`shop_price` FROM `it_goods` WHERE `goods_id` = 5 LIMIT 1   [ RunTime:0.0003s ]
SQL: select group_concat(concat(b.attr_name,':',a.attr_value) separator '<br/>') attrs
		 from it_goods_attr a left join it_attribute b using(attr_id) where a.id in (73,27,29) [ RunTime:0.0004s ]
INFO: [ view_parse ] --START--
INFO: [ template_filter ] --START--
INFO: Run Behavior\ContentReplaceBehavior [ RunTime:0.000113s ]
INFO: [ template_filter ] --END-- [ RunTime:0.000180s ]
INFO: Run Behavior\ParseTemplateBehavior [ RunTime:0.026946s ]
INFO: [ view_parse ] --END-- [ RunTime:0.027028s ]
INFO: [ view_filter ] --START--
INFO: Run Behavior\WriteHtmlCacheBehavior [ RunTime:0.000360s ]
INFO: [ view_filter ] --END-- [ RunTime:0.000407s ]
INFO: [ app_end ] --START--
INFO: Run Behavior\ShowPageTraceBehavior [ RunTime:0.000506s ]
INFO: [ app_end ] --END-- [ RunTime:0.000557s ]

[ 2016-01-10T16:36:16+08:00 ] 127.0.0.1 /index.php/Home/Order/checkout.html
INFO: [ app_init ] --START--
INFO: Run Behavior\BuildLiteBehavior [ RunTime:0.000017s ]
INFO: [ app_init ] --END-- [ RunTime:0.000360s ]
INFO: [ app_begin ] --START--
INFO: Run Behavior\ReadHtmlCacheBehavior [ RunTime:0.000583s ]
INFO: [ app_begin ] --END-- [ RunTime:0.000643s ]
SQL: SHOW COLUMNS FROM `it_cart` [ RunTime:0.0309s ]
SQL: SELECT * FROM `it_cart` WHERE ( user_id=1 )  [ RunTime:0.0006s ]
SQL: SHOW COLUMNS FROM `it_goods` [ RunTime:0.0225s ]
SQL: SELECT `goods_name`,`goods_thumb`,`shop_price` FROM `it_goods` WHERE `goods_id` = 7 LIMIT 1   [ RunTime:0.0006s ]
SQL: select group_concat(concat(b.attr_name,':',a.attr_value) separator '<br/>') attrs
		 from it_goods_attr a left join it_attribute b using(attr_id) where a.id in (38,40,42) [ RunTime:0.0009s ]
SQL: SELECT `goods_name`,`goods_thumb`,`shop_price` FROM `it_goods` WHERE `goods_id` = 9 LIMIT 1   [ RunTime:0.0006s ]
SQL: select group_concat(concat(b.attr_name,':',a.attr_value) separator '<br/>') attrs
		 from it_goods_attr a left join it_attribute b using(attr_id) where a.id in (53,54,56) [ RunTime:0.0008s ]
SQL: SELECT `goods_name`,`goods_thumb`,`shop_price` FROM `it_goods` WHERE `goods_id` = 5 LIMIT 1   [ RunTime:0.0005s ]
SQL: select group_concat(concat(b.attr_name,':',a.attr_value) separator '<br/>') attrs
		 from it_goods_attr a left join it_attribute b using(attr_id) where a.id in (25,26,28) [ RunTime:0.0007s ]
SQL: SELECT `goods_name`,`goods_thumb`,`shop_price` FROM `it_goods` WHERE `goods_id` = 5 LIMIT 1   [ RunTime:0.0006s ]
SQL: select group_concat(concat(b.attr_name,':',a.attr_value) separator '<br/>') attrs
		 from it_goods_attr a left join it_attribute b using(attr_id) where a.id in (73,27,29) [ RunTime:0.0016s ]
SQL: SHOW COLUMNS FROM `it_category` [ RunTime:0.0199s ]
SQL: SELECT * FROM `it_category` WHERE ( parent_id=0 )  [ RunTime:0.0006s ]
SQL: SHOW COLUMNS FROM `it_cart` [ RunTime:0.0132s ]
SQL: SELECT * FROM `it_cart` WHERE ( user_id=1 )  [ RunTime:0.0006s ]
SQL: SELECT `goods_name`,`goods_thumb`,`shop_price` FROM `it_goods` WHERE `goods_id` = 7 LIMIT 1   [ RunTime:0.0005s ]
SQL: select group_concat(concat(b.attr_name,':',a.attr_value) separator '<br/>') attrs
		 from it_goods_attr a left join it_attribute b using(attr_id) where a.id in (38,40,42) [ RunTime:0.0009s ]
SQL: SELECT `goods_name`,`goods_thumb`,`shop_price` FROM `it_goods` WHERE `goods_id` = 9 LIMIT 1   [ RunTime:0.0006s ]
SQL: select group_concat(concat(b.attr_name,':',a.attr_value) separator '<br/>') attrs
		 from it_goods_attr a left join it_attribute b using(attr_id) where a.id in (53,54,56) [ RunTime:0.0007s ]
SQL: SELECT `goods_name`,`goods_thumb`,`shop_price` FROM `it_goods` WHERE `goods_id` = 5 LIMIT 1   [ RunTime:0.0005s ]
SQL: select group_concat(concat(b.attr_name,':',a.attr_value) separator '<br/>') attrs
		 from it_goods_attr a left join it_attribute b using(attr_id) where a.id in (25,26,28) [ RunTime:0.0007s ]
SQL: SELECT `goods_name`,`goods_thumb`,`shop_price` FROM `it_goods` WHERE `goods_id` = 5 LIMIT 1   [ RunTime:0.0005s ]
SQL: select group_concat(concat(b.attr_name,':',a.attr_value) separator '<br/>') attrs
		 from it_goods_attr a left join it_attribute b using(attr_id) where a.id in (73,27,29) [ RunTime:0.0007s ]
SQL: SHOW COLUMNS FROM `it_address` [ RunTime:0.0181s ]
SQL: SELECT * FROM `it_address` WHERE ( user_id=1 ) LIMIT 1   [ RunTime:0.0007s ]
SQL: SELECT * FROM `it_cart` WHERE ( user_id=1 )  [ RunTime:0.0010s ]
SQL: SELECT `goods_name`,`goods_thumb`,`shop_price` FROM `it_goods` WHERE `goods_id` = 7 LIMIT 1   [ RunTime:0.0008s ]
SQL: select group_concat(concat(b.attr_name,':',a.attr_value) separator '<br/>') attrs
		 from it_goods_attr a left join it_attribute b using(attr_id) where a.id in (38,40,42) [ RunTime:0.0016s ]
SQL: SELECT `goods_name`,`goods_thumb`,`shop_price` FROM `it_goods` WHERE `goods_id` = 9 LIMIT 1   [ RunTime:0.0015s ]
SQL: select group_concat(concat(b.attr_name,':',a.attr_value) separator '<br/>') attrs
		 from it_goods_attr a left join it_attribute b using(attr_id) where a.id in (53,54,56) [ RunTime:0.0010s ]
SQL: SELECT `goods_name`,`goods_thumb`,`shop_price` FROM `it_goods` WHERE `goods_id` = 5 LIMIT 1   [ RunTime:0.0005s ]
SQL: select group_concat(concat(b.attr_name,':',a.attr_value) separator '<br/>') attrs
		 from it_goods_attr a left join it_attribute b using(attr_id) where a.id in (25,26,28) [ RunTime:0.0007s ]
SQL: SELECT `goods_name`,`goods_thumb`,`shop_price` FROM `it_goods` WHERE `goods_id` = 5 LIMIT 1   [ RunTime:0.0003s ]
SQL: select group_concat(concat(b.attr_name,':',a.attr_value) separator '<br/>') attrs
		 from it_goods_attr a left join it_attribute b using(attr_id) where a.id in (73,27,29) [ RunTime:0.0004s ]
INFO: [ view_parse ] --START--
INFO: [ template_filter ] --START--
INFO: Run Behavior\ContentReplaceBehavior [ RunTime:0.000172s ]
INFO: [ template_filter ] --END-- [ RunTime:0.000258s ]
INFO: Run Behavior\ParseTemplateBehavior [ RunTime:0.028740s ]
INFO: [ view_parse ] --END-- [ RunTime:0.028812s ]
INFO: [ view_filter ] --START--
INFO: Run Behavior\WriteHtmlCacheBehavior [ RunTime:0.000348s ]
INFO: [ view_filter ] --END-- [ RunTime:0.000391s ]
INFO: [ app_end ] --START--
INFO: Run Behavior\ShowPageTraceBehavior [ RunTime:0.000525s ]
INFO: [ app_end ] --END-- [ RunTime:0.000572s ]

[ 2016-01-10T17:50:58+08:00 ] 127.0.0.1 /index.php
INFO: [ app_init ] --START--
INFO: Run Behavior\BuildLiteBehavior [ RunTime:0.000017s ]
INFO: [ app_init ] --END-- [ RunTime:0.000376s ]
INFO: [ app_begin ] --START--
INFO: Run Behavior\ReadHtmlCacheBehavior [ RunTime:0.000700s ]
INFO: [ app_begin ] --END-- [ RunTime:0.000761s ]
SQL: SHOW COLUMNS FROM `it_cart` [ RunTime:0.0346s ]
SQL: SELECT * FROM `it_cart` WHERE ( user_id=1 )  [ RunTime:0.0007s ]
SQL: SHOW COLUMNS FROM `it_goods` [ RunTime:0.0257s ]
SQL: SELECT `goods_name`,`goods_thumb`,`shop_price` FROM `it_goods` WHERE `goods_id` = 7 LIMIT 1   [ RunTime:0.0006s ]
SQL: select group_concat(concat(b.attr_name,':',a.attr_value) separator '<br/>') attrs
		 from it_goods_attr a left join it_attribute b using(attr_id) where a.id in (38,40,42) [ RunTime:0.0020s ]
SQL: SELECT `goods_name`,`goods_thumb`,`shop_price` FROM `it_goods` WHERE `goods_id` = 9 LIMIT 1   [ RunTime:0.0004s ]
SQL: select group_concat(concat(b.attr_name,':',a.attr_value) separator '<br/>') attrs
		 from it_goods_attr a left join it_attribute b using(attr_id) where a.id in (53,54,56) [ RunTime:0.0004s ]
SQL: SELECT `goods_name`,`goods_thumb`,`shop_price` FROM `it_goods` WHERE `goods_id` = 5 LIMIT 1   [ RunTime:0.0003s ]
SQL: select group_concat(concat(b.attr_name,':',a.attr_value) separator '<br/>') attrs
		 from it_goods_attr a left join it_attribute b using(attr_id) where a.id in (25,26,28) [ RunTime:0.0003s ]
SQL: SELECT `goods_name`,`goods_thumb`,`shop_price` FROM `it_goods` WHERE `goods_id` = 5 LIMIT 1   [ RunTime:0.0003s ]
SQL: select group_concat(concat(b.attr_name,':',a.attr_value) separator '<br/>') attrs
		 from it_goods_attr a left join it_attribute b using(attr_id) where a.id in (73,27,29) [ RunTime:0.0003s ]
SQL: SHOW COLUMNS FROM `it_category` [ RunTime:0.0100s ]
SQL: SELECT * FROM `it_category` WHERE ( parent_id=0 )  [ RunTime:0.0003s ]
SQL: SHOW COLUMNS FROM `it_category` [ RunTime:0.0072s ]
SQL: SELECT * FROM `it_category`  [ RunTime:0.0003s ]
SQL: SHOW COLUMNS FROM `it_goods` [ RunTime:0.0114s ]
SQL: SELECT `goods_id`,`goods_name`,`goods_thumb`,`shop_price` FROM `it_goods` WHERE ( is_hot=1 ) LIMIT 3   [ RunTime:0.0003s ]
SQL: SELECT `goods_id`,`goods_name`,`goods_thumb`,`shop_price` FROM `it_goods` WHERE ( is_new=1 ) LIMIT 3   [ RunTime:0.0002s ]
SQL: SELECT `goods_id`,`goods_name`,`goods_thumb`,`shop_price` FROM `it_goods` WHERE ( is_best=1 ) LIMIT 3   [ RunTime:0.0003s ]
INFO: [ view_parse ] --START--
INFO: [ template_filter ] --START--
INFO: Run Behavior\ContentReplaceBehavior [ RunTime:0.000126s ]
INFO: [ template_filter ] --END-- [ RunTime:0.000195s ]
INFO: Run Behavior\ParseTemplateBehavior [ RunTime:0.035915s ]
INFO: [ view_parse ] --END-- [ RunTime:0.035981s ]
INFO: [ view_filter ] --START--
INFO: Run Behavior\WriteHtmlCacheBehavior [ RunTime:0.000431s ]
INFO: [ view_filter ] --END-- [ RunTime:0.000475s ]
INFO: [ app_end ] --START--
INFO: Run Behavior\ShowPageTraceBehavior [ RunTime:0.001084s ]
INFO: [ app_end ] --END-- [ RunTime:0.001220s ]

[ 2016-01-10T17:51:35+08:00 ] 127.0.0.1 /index.php/Home/Index/detail/goods_id/1.html
INFO: [ app_init ] --START--
INFO: Run Behavior\BuildLiteBehavior [ RunTime:0.000018s ]
INFO: [ app_init ] --END-- [ RunTime:0.000513s ]
INFO: [ app_begin ] --START--
INFO: Run Behavior\ReadHtmlCacheBehavior [ RunTime:0.000632s ]
INFO: [ app_begin ] --END-- [ RunTime:0.000697s ]
SQL: SHOW COLUMNS FROM `it_cart` [ RunTime:0.0308s ]
SQL: SELECT * FROM `it_cart` WHERE ( user_id=1 )  [ RunTime:0.0010s ]
SQL: SHOW COLUMNS FROM `it_goods` [ RunTime:0.0216s ]
SQL: SELECT `goods_name`,`goods_thumb`,`shop_price` FROM `it_goods` WHERE `goods_id` = 7 LIMIT 1   [ RunTime:0.0003s ]
SQL: select group_concat(concat(b.attr_name,':',a.attr_value) separator '<br/>') attrs
		 from it_goods_attr a left join it_attribute b using(attr_id) where a.id in (38,40,42) [ RunTime:0.0005s ]
SQL: SELECT `goods_name`,`goods_thumb`,`shop_price` FROM `it_goods` WHERE `goods_id` = 9 LIMIT 1   [ RunTime:0.0003s ]
SQL: select group_concat(concat(b.attr_name,':',a.attr_value) separator '<br/>') attrs
		 from it_goods_attr a left join it_attribute b using(attr_id) where a.id in (53,54,56) [ RunTime:0.0004s ]
SQL: SELECT `goods_name`,`goods_thumb`,`shop_price` FROM `it_goods` WHERE `goods_id` = 5 LIMIT 1   [ RunTime:0.0003s ]
SQL: select group_concat(concat(b.attr_name,':',a.attr_value) separator '<br/>') attrs
		 from it_goods_attr a left join it_attribute b using(attr_id) where a.id in (25,26,28) [ RunTime:0.0004s ]
SQL: SELECT `goods_name`,`goods_thumb`,`shop_price` FROM `it_goods` WHERE `goods_id` = 5 LIMIT 1   [ RunTime:0.0004s ]
SQL: select group_concat(concat(b.attr_name,':',a.attr_value) separator '<br/>') attrs
		 from it_goods_attr a left join it_attribute b using(attr_id) where a.id in (73,27,29) [ RunTime:0.0004s ]
SQL: SHOW COLUMNS FROM `it_category` [ RunTime:0.0122s ]
SQL: SELECT * FROM `it_category` WHERE ( parent_id=0 )  [ RunTime:0.0005s ]
SQL: SHOW COLUMNS FROM `it_goods` [ RunTime:0.0110s ]
SQL: SELECT * FROM `it_goods` WHERE `goods_id` = 1 LIMIT 1   [ RunTime:0.0004s ]
SQL: SHOW COLUMNS FROM `it_goods_attr` [ RunTime:0.0073s ]
SQL: SELECT a.id,a.attr_id,a.attr_value,b.attr_type,b.attr_name FROM `it_goods_attr` a left join it_attribute b using(attr_id)  WHERE ( goods_id=1 )  [ RunTime:0.0011s ]
SQL: SHOW COLUMNS FROM `it_category` [ RunTime:0.0071s ]
SQL: SELECT * FROM `it_category`  [ RunTime:0.0003s ]
INFO: [ view_parse ] --START--
INFO: [ template_filter ] --START--
INFO: Run Behavior\ContentReplaceBehavior [ RunTime:0.000412s ]
INFO: [ template_filter ] --END-- [ RunTime:0.000596s ]
INFO: Run Behavior\ParseTemplateBehavior [ RunTime:0.031925s ]
INFO: [ view_parse ] --END-- [ RunTime:0.031990s ]
INFO: [ view_filter ] --START--
INFO: Run Behavior\WriteHtmlCacheBehavior [ RunTime:0.000361s ]
INFO: [ view_filter ] --END-- [ RunTime:0.000408s ]
INFO: [ app_end ] --START--
INFO: Run Behavior\ShowPageTraceBehavior [ RunTime:0.000502s ]
INFO: [ app_end ] --END-- [ RunTime:0.000551s ]

