[ 2016-01-09T12:48:11+08:00 ] 127.0.0.1 /myshop/index.php
INFO: [ app_init ] --START--
INFO: Run Behavior\BuildLiteBehavior [ RunTime:0.000022s ]
INFO: [ app_init ] --END-- [ RunTime:0.000522s ]
INFO: [ app_begin ] --START--
INFO: Run Behavior\ReadHtmlCacheBehavior [ RunTime:0.000615s ]
INFO: [ app_begin ] --END-- [ RunTime:0.000694s ]
SQL: SHOW COLUMNS FROM `it_cart` [ RunTime:0.0357s ]
NOTIC: [8] Undefined index: user_id C:\web\myshop\App\Model\CartModel.class.php 第 73 行.
SQL: SHOW COLUMNS FROM `it_category` [ RunTime:0.0177s ]
SQL: SELECT * FROM `it_category` WHERE ( parent_id=0 )  [ RunTime:0.0006s ]
SQL: SHOW COLUMNS FROM `it_category` [ RunTime:0.0091s ]
SQL: SELECT * FROM `it_category`  [ RunTime:0.0003s ]
SQL: SHOW COLUMNS FROM `it_goods` [ RunTime:0.0114s ]
SQL: SELECT `goods_id`,`goods_name`,`goods_thumb`,`shop_price` FROM `it_goods` WHERE ( is_hot=1 ) LIMIT 3   [ RunTime:0.0005s ]
SQL: SELECT `goods_id`,`goods_name`,`goods_thumb`,`shop_price` FROM `it_goods` WHERE ( is_new=1 ) LIMIT 3   [ RunTime:0.0003s ]
SQL: SELECT `goods_id`,`goods_name`,`goods_thumb`,`shop_price` FROM `it_goods` WHERE ( is_best=1 ) LIMIT 3   [ RunTime:0.0003s ]
INFO: [ view_parse ] --START--
INFO: [ template_filter ] --START--
INFO: Run Behavior\ContentReplaceBehavior [ RunTime:0.000294s ]
INFO: [ template_filter ] --END-- [ RunTime:0.000458s ]
NOTIC: [8] Undefined index: user_id C:\web\myshop\App\Runtime\Cache\Home\00e52909bed743ea261af4b6823297ff.php 第 23 行.
INFO: Run Behavior\ParseTemplateBehavior [ RunTime:0.066144s ]
INFO: [ view_parse ] --END-- [ RunTime:0.066232s ]
INFO: [ view_filter ] --START--
INFO: Run Behavior\WriteHtmlCacheBehavior [ RunTime:0.000528s ]
INFO: [ view_filter ] --END-- [ RunTime:0.000592s ]
INFO: [ app_end ] --START--
INFO: Run Behavior\ShowPageTraceBehavior [ RunTime:0.000688s ]
INFO: [ app_end ] --END-- [ RunTime:0.000746s ]

[ 2016-01-09T12:48:11+08:00 ] 127.0.0.1 /myshop/index.php
INFO: [ app_init ] --START--
INFO: Run Behavior\BuildLiteBehavior [ RunTime:0.000016s ]
INFO: [ app_init ] --END-- [ RunTime:0.000398s ]
INFO: [ app_begin ] --START--
INFO: Run Behavior\ReadHtmlCacheBehavior [ RunTime:0.001260s ]
INFO: [ app_begin ] --END-- [ RunTime:0.001363s ]
SQL: SHOW COLUMNS FROM `it_cart` [ RunTime:0.0098s ]
NOTIC: [8] Undefined index: user_id C:\web\myshop\App\Model\CartModel.class.php 第 73 行.
SQL: SHOW COLUMNS FROM `it_category` [ RunTime:0.0088s ]
SQL: SELECT * FROM `it_category` WHERE ( parent_id=0 )  [ RunTime:0.0053s ]
SQL: SHOW COLUMNS FROM `it_category` [ RunTime:0.0088s ]
SQL: SELECT * FROM `it_category`  [ RunTime:0.0009s ]
SQL: SHOW COLUMNS FROM `it_goods` [ RunTime:0.0094s ]
SQL: SELECT `goods_id`,`goods_name`,`goods_thumb`,`shop_price` FROM `it_goods` WHERE ( is_hot=1 ) LIMIT 3   [ RunTime:0.0003s ]
SQL: SELECT `goods_id`,`goods_name`,`goods_thumb`,`shop_price` FROM `it_goods` WHERE ( is_new=1 ) LIMIT 3   [ RunTime:0.0002s ]
SQL: SELECT `goods_id`,`goods_name`,`goods_thumb`,`shop_price` FROM `it_goods` WHERE ( is_best=1 ) LIMIT 3   [ RunTime:0.0002s ]
INFO: [ view_parse ] --START--
INFO: [ template_filter ] --START--
INFO: Run Behavior\ContentReplaceBehavior [ RunTime:0.000152s ]
INFO: [ template_filter ] --END-- [ RunTime:0.000269s ]
NOTIC: [8] Undefined index: user_id C:\web\myshop\App\Runtime\Cache\Home\00e52909bed743ea261af4b6823297ff.php 第 23 行.
INFO: Run Behavior\ParseTemplateBehavior [ RunTime:0.034821s ]
INFO: [ view_parse ] --END-- [ RunTime:0.034880s ]
INFO: [ view_filter ] --START--
INFO: Run Behavior\WriteHtmlCacheBehavior [ RunTime:0.000818s ]
INFO: [ view_filter ] --END-- [ RunTime:0.000948s ]
INFO: [ app_end ] --START--
INFO: Run Behavior\ShowPageTraceBehavior [ RunTime:0.000733s ]
INFO: [ app_end ] --END-- [ RunTime:0.000798s ]

[ 2016-01-09T12:49:01+08:00 ] 127.0.0.1 /myshop/index.php
INFO: [ app_init ] --START--
INFO: Run Behavior\BuildLiteBehavior [ RunTime:0.000016s ]
INFO: [ app_init ] --END-- [ RunTime:0.000430s ]
INFO: [ app_begin ] --START--
INFO: Run Behavior\ReadHtmlCacheBehavior [ RunTime:0.000703s ]
INFO: [ app_begin ] --END-- [ RunTime:0.000764s ]
SQL: SHOW COLUMNS FROM `it_cart` [ RunTime:0.0295s ]
NOTIC: [8] Undefined index: user_id C:\web\myshop\App\Model\CartModel.class.php 第 73 行.
SQL: SHOW COLUMNS FROM `it_category` [ RunTime:0.0119s ]
SQL: SELECT * FROM `it_category` WHERE ( parent_id=0 )  [ RunTime:0.0005s ]
SQL: SHOW COLUMNS FROM `it_category` [ RunTime:0.0120s ]
SQL: SELECT * FROM `it_category`  [ RunTime:0.0010s ]
SQL: SHOW COLUMNS FROM `it_goods` [ RunTime:0.0126s ]
SQL: SELECT `goods_id`,`goods_name`,`goods_thumb`,`shop_price` FROM `it_goods` WHERE ( is_hot=1 ) LIMIT 3   [ RunTime:0.0005s ]
SQL: SELECT `goods_id`,`goods_name`,`goods_thumb`,`shop_price` FROM `it_goods` WHERE ( is_new=1 ) LIMIT 3   [ RunTime:0.0005s ]
SQL: SELECT `goods_id`,`goods_name`,`goods_thumb`,`shop_price` FROM `it_goods` WHERE ( is_best=1 ) LIMIT 3   [ RunTime:0.0006s ]
INFO: [ view_parse ] --START--
INFO: [ template_filter ] --START--
INFO: Run Behavior\ContentReplaceBehavior [ RunTime:0.000356s ]
INFO: [ template_filter ] --END-- [ RunTime:0.000500s ]
NOTIC: [8] Undefined index: user_id C:\web\myshop\App\Runtime\Cache\Home\00e52909bed743ea261af4b6823297ff.php 第 23 行.
INFO: Run Behavior\ParseTemplateBehavior [ RunTime:0.043399s ]
INFO: [ view_parse ] --END-- [ RunTime:0.043542s ]
INFO: [ view_filter ] --START--
INFO: Run Behavior\WriteHtmlCacheBehavior [ RunTime:0.000486s ]
INFO: [ view_filter ] --END-- [ RunTime:0.000533s ]
INFO: [ app_end ] --START--
INFO: Run Behavior\ShowPageTraceBehavior [ RunTime:0.000603s ]
INFO: [ app_end ] --END-- [ RunTime:0.000650s ]

[ 2016-01-09T12:56:21+08:00 ] 127.0.0.1 /myshop/index.php
INFO: [ app_init ] --START--
INFO: Run Behavior\BuildLiteBehavior [ RunTime:0.000024s ]
INFO: [ app_init ] --END-- [ RunTime:0.000487s ]
INFO: [ app_begin ] --START--
INFO: Run Behavior\ReadHtmlCacheBehavior [ RunTime:0.000583s ]
INFO: [ app_begin ] --END-- [ RunTime:0.000654s ]
SQL: SHOW COLUMNS FROM `it_cart` [ RunTime:0.0396s ]
NOTIC: [8] Undefined index: user_id C:\web\myshop\App\Model\CartModel.class.php 第 73 行.
SQL: SHOW COLUMNS FROM `it_category` [ RunTime:0.0114s ]
SQL: SELECT * FROM `it_category` WHERE ( parent_id=0 )  [ RunTime:0.0005s ]
SQL: SHOW COLUMNS FROM `it_category` [ RunTime:0.0094s ]
SQL: SELECT * FROM `it_category`  [ RunTime:0.0004s ]
SQL: SHOW COLUMNS FROM `it_goods` [ RunTime:0.0125s ]
SQL: SELECT `goods_id`,`goods_name`,`goods_thumb`,`shop_price` FROM `it_goods` WHERE ( is_hot=1 ) LIMIT 3   [ RunTime:0.0004s ]
SQL: SELECT `goods_id`,`goods_name`,`goods_thumb`,`shop_price` FROM `it_goods` WHERE ( is_new=1 ) LIMIT 3   [ RunTime:0.0004s ]
SQL: SELECT `goods_id`,`goods_name`,`goods_thumb`,`shop_price` FROM `it_goods` WHERE ( is_best=1 ) LIMIT 3   [ RunTime:0.0004s ]
INFO: [ view_parse ] --START--
INFO: [ template_filter ] --START--
INFO: Run Behavior\ContentReplaceBehavior [ RunTime:0.000176s ]
INFO: [ template_filter ] --END-- [ RunTime:0.000254s ]
NOTIC: [8] Undefined index: user_id C:\web\myshop\App\Runtime\Cache\Home\00e52909bed743ea261af4b6823297ff.php 第 23 行.
INFO: Run Behavior\ParseTemplateBehavior [ RunTime:0.037021s ]
INFO: [ view_parse ] --END-- [ RunTime:0.037098s ]
INFO: [ view_filter ] --START--
INFO: Run Behavior\WriteHtmlCacheBehavior [ RunTime:0.000324s ]
INFO: [ view_filter ] --END-- [ RunTime:0.000371s ]
INFO: [ app_end ] --START--
INFO: Run Behavior\ShowPageTraceBehavior [ RunTime:0.000471s ]
INFO: [ app_end ] --END-- [ RunTime:0.000522s ]

