[ 2016-01-23T13:19:18+08:00 ] 127.0.0.1 /index.php/
INFO: [ app_init ] --START--
INFO: Run Behavior\BuildLiteBehavior [ RunTime:0.000015s ]
INFO: [ app_init ] --END-- [ RunTime:0.000315s ]
INFO: [ app_begin ] --START--
INFO: Run Behavior\ReadHtmlCacheBehavior [ RunTime:0.000440s ]
INFO: [ app_begin ] --END-- [ RunTime:0.000502s ]
SQL: SHOW COLUMNS FROM `it_cart` [ RunTime:0.0118s ]
NOTIC: [8] Undefined index: user_id C:\web\App\Model\CartModel.class.php 第 73 行.
SQL: SHOW COLUMNS FROM `it_category` [ RunTime:0.0152s ]
SQL: SELECT * FROM `it_category` WHERE ( parent_id=0 )  [ RunTime:0.0049s ]
SQL: SHOW COLUMNS FROM `it_category` [ RunTime:0.0060s ]
SQL: SELECT * FROM `it_category`  [ RunTime:0.0006s ]
SQL: SHOW COLUMNS FROM `it_goods` [ RunTime:0.0101s ]
SQL: SELECT `goods_id`,`goods_name`,`goods_thumb`,`shop_price` FROM `it_goods` WHERE ( is_hot=1 ) LIMIT 3   [ RunTime:0.0007s ]
SQL: SELECT `goods_id`,`goods_name`,`goods_thumb`,`shop_price` FROM `it_goods` WHERE ( is_new=1 ) LIMIT 3   [ RunTime:0.0005s ]
SQL: SELECT `goods_id`,`goods_name`,`goods_thumb`,`shop_price` FROM `it_goods` WHERE ( is_best=1 ) LIMIT 3   [ RunTime:0.0005s ]
INFO: [ view_parse ] --START--
INFO: [ template_filter ] --START--
INFO: Run Behavior\ContentReplaceBehavior [ RunTime:0.000144s ]
INFO: [ template_filter ] --END-- [ RunTime:0.000210s ]
NOTIC: [8] Undefined index: user_id C:\web\App\Runtime\Cache\Home\00e52909bed743ea261af4b6823297ff.php 第 23 行.
INFO: Run Behavior\ParseTemplateBehavior [ RunTime:0.020081s ]
INFO: [ view_parse ] --END-- [ RunTime:0.020275s ]
INFO: [ view_filter ] --START--
INFO: Run Behavior\WriteHtmlCacheBehavior [ RunTime:0.000886s ]
INFO: [ view_filter ] --END-- [ RunTime:0.001057s ]
INFO: [ app_end ] --START--
INFO: Run Behavior\ShowPageTraceBehavior [ RunTime:0.000832s ]
INFO: [ app_end ] --END-- [ RunTime:0.000939s ]

[ 2016-01-23T13:19:23+08:00 ] 127.0.0.1 /index.php/Home/Index/detail/goods_id/7.html
INFO: [ app_init ] --START--
INFO: Run Behavior\BuildLiteBehavior [ RunTime:0.000023s ]
INFO: [ app_init ] --END-- [ RunTime:0.000424s ]
INFO: [ app_begin ] --START--
INFO: Run Behavior\ReadHtmlCacheBehavior [ RunTime:0.000526s ]
INFO: [ app_begin ] --END-- [ RunTime:0.000589s ]
SQL: SHOW COLUMNS FROM `it_cart` [ RunTime:0.0078s ]
NOTIC: [8] Undefined index: user_id C:\web\App\Model\CartModel.class.php 第 73 行.
SQL: SHOW COLUMNS FROM `it_category` [ RunTime:0.0081s ]
SQL: SELECT * FROM `it_category` WHERE ( parent_id=0 )  [ RunTime:0.0011s ]
SQL: SHOW COLUMNS FROM `it_goods` [ RunTime:0.0114s ]
SQL: SELECT * FROM `it_goods` WHERE `goods_id` = 7 LIMIT 1   [ RunTime:0.0012s ]
SQL: SHOW COLUMNS FROM `it_goods_attr` [ RunTime:0.0084s ]
SQL: SELECT a.id,a.attr_id,a.attr_value,b.attr_type,b.attr_name FROM `it_goods_attr` a left join it_attribute b using(attr_id)  WHERE ( goods_id=7 )  [ RunTime:0.0041s ]
SQL: SHOW COLUMNS FROM `it_category` [ RunTime:0.0034s ]
SQL: SELECT * FROM `it_category`  [ RunTime:0.0005s ]
INFO: [ view_parse ] --START--
INFO: [ template_filter ] --START--
INFO: Run Behavior\ContentReplaceBehavior [ RunTime:0.000278s ]
INFO: [ template_filter ] --END-- [ RunTime:0.000440s ]
NOTIC: [8] Undefined index: user_id C:\web\App\Runtime\Cache\Home\56563fb70bfd45c5e738bfc14042f337.php 第 24 行.
INFO: Run Behavior\ParseTemplateBehavior [ RunTime:0.023040s ]
INFO: [ view_parse ] --END-- [ RunTime:0.023199s ]
INFO: [ view_filter ] --START--
INFO: Run Behavior\WriteHtmlCacheBehavior [ RunTime:0.000402s ]
INFO: [ view_filter ] --END-- [ RunTime:0.000459s ]
INFO: [ app_end ] --START--
INFO: Run Behavior\ShowPageTraceBehavior [ RunTime:0.000461s ]
INFO: [ app_end ] --END-- [ RunTime:0.000550s ]

[ 2016-01-23T13:19:26+08:00 ] 127.0.0.1 /index.php/Home/Cart/addCart.html
INFO: [ app_init ] --START--
INFO: Run Behavior\BuildLiteBehavior [ RunTime:0.000016s ]
INFO: [ app_init ] --END-- [ RunTime:0.000317s ]
INFO: [ app_begin ] --START--
INFO: Run Behavior\ReadHtmlCacheBehavior [ RunTime:0.000436s ]
INFO: [ app_begin ] --END-- [ RunTime:0.000498s ]
SQL: SHOW COLUMNS FROM `it_cart` [ RunTime:0.0034s ]
NOTIC: [8] Undefined index: user_id C:\web\App\Model\CartModel.class.php 第 73 行.
SQL: SHOW COLUMNS FROM `it_category` [ RunTime:0.0027s ]
SQL: SELECT * FROM `it_category` WHERE ( parent_id=0 )  [ RunTime:0.0004s ]
SQL: SHOW COLUMNS FROM `it_cart` [ RunTime:0.0048s ]
NOTIC: [8] Undefined index: user_id C:\web\App\Model\CartModel.class.php 第 14 行.
INFO: [ view_parse ] --START--
INFO: [ template_filter ] --START--
INFO: Run Behavior\ContentReplaceBehavior [ RunTime:0.000036s ]
INFO: [ template_filter ] --END-- [ RunTime:0.000094s ]
INFO: Run Behavior\ParseTemplateBehavior [ RunTime:0.004559s ]
INFO: [ view_parse ] --END-- [ RunTime:0.004616s ]
INFO: [ view_filter ] --START--
INFO: Run Behavior\WriteHtmlCacheBehavior [ RunTime:0.000218s ]
INFO: [ view_filter ] --END-- [ RunTime:0.000256s ]
INFO: [ app_end ] --START--
INFO: Run Behavior\ShowPageTraceBehavior [ RunTime:0.000359s ]
INFO: [ app_end ] --END-- [ RunTime:0.000402s ]

[ 2016-01-23T13:19:28+08:00 ] 127.0.0.1 /index.php/Home/Cart/cartlist.html
INFO: [ app_init ] --START--
INFO: Run Behavior\BuildLiteBehavior [ RunTime:0.000044s ]
INFO: [ app_init ] --END-- [ RunTime:0.000834s ]
INFO: [ app_begin ] --START--
INFO: Run Behavior\ReadHtmlCacheBehavior [ RunTime:0.000498s ]
INFO: [ app_begin ] --END-- [ RunTime:0.000571s ]
SQL: SHOW COLUMNS FROM `it_cart` [ RunTime:0.0086s ]
NOTIC: [8] Undefined index: user_id C:\web\App\Model\CartModel.class.php 第 73 行.
SQL: SHOW COLUMNS FROM `it_goods` [ RunTime:0.0106s ]
SQL: SELECT `goods_name`,`goods_thumb`,`shop_price` FROM `it_goods` WHERE `goods_id` = 7 LIMIT 1   [ RunTime:0.0009s ]
SQL: select group_concat(concat(b.attr_name,':',a.attr_value) separator '<br/>') attrs
		 from it_goods_attr a left join it_attribute b using(attr_id) where a.id in (38,40,42) [ RunTime:0.0064s ]
SQL: SHOW COLUMNS FROM `it_category` [ RunTime:0.0057s ]
SQL: SELECT * FROM `it_category` WHERE ( parent_id=0 )  [ RunTime:0.0005s ]
SQL: SHOW COLUMNS FROM `it_cart` [ RunTime:0.0050s ]
NOTIC: [8] Undefined index: user_id C:\web\App\Model\CartModel.class.php 第 73 行.
SQL: SELECT `goods_name`,`goods_thumb`,`shop_price` FROM `it_goods` WHERE `goods_id` = 7 LIMIT 1   [ RunTime:0.0005s ]
SQL: select group_concat(concat(b.attr_name,':',a.attr_value) separator '<br/>') attrs
		 from it_goods_attr a left join it_attribute b using(attr_id) where a.id in (38,40,42) [ RunTime:0.0009s ]
INFO: [ view_parse ] --START--
INFO: [ template_filter ] --START--
INFO: Run Behavior\ContentReplaceBehavior [ RunTime:0.000196s ]
INFO: [ template_filter ] --END-- [ RunTime:0.000300s ]
NOTIC: [8] Undefined index: user_id C:\web\App\Runtime\Cache\Home\75e1d4be54a02762f2a55a5f57c8a0e3.php 第 29 行.
INFO: Run Behavior\ParseTemplateBehavior [ RunTime:0.018424s ]
INFO: [ view_parse ] --END-- [ RunTime:0.018664s ]
INFO: [ view_filter ] --START--
INFO: Run Behavior\WriteHtmlCacheBehavior [ RunTime:0.000286s ]
INFO: [ view_filter ] --END-- [ RunTime:0.000344s ]
INFO: [ app_end ] --START--
INFO: Run Behavior\ShowPageTraceBehavior [ RunTime:0.000520s ]
INFO: [ app_end ] --END-- [ RunTime:0.000591s ]

[ 2016-01-23T13:19:34+08:00 ] 127.0.0.1 /index.php/Home/Order/checkout.html
INFO: [ app_init ] --START--
INFO: Run Behavior\BuildLiteBehavior [ RunTime:0.000038s ]
INFO: [ app_init ] --END-- [ RunTime:0.000459s ]
INFO: [ app_begin ] --START--
INFO: Run Behavior\ReadHtmlCacheBehavior [ RunTime:0.000588s ]
INFO: [ app_begin ] --END-- [ RunTime:0.000683s ]
SQL: SHOW COLUMNS FROM `it_cart` [ RunTime:0.0095s ]
NOTIC: [8] Undefined index: user_id C:\web\App\Model\CartModel.class.php 第 73 行.
SQL: SHOW COLUMNS FROM `it_goods` [ RunTime:0.0116s ]
SQL: SELECT `goods_name`,`goods_thumb`,`shop_price` FROM `it_goods` WHERE `goods_id` = 7 LIMIT 1   [ RunTime:0.0015s ]
SQL: select group_concat(concat(b.attr_name,':',a.attr_value) separator '<br/>') attrs
		 from it_goods_attr a left join it_attribute b using(attr_id) where a.id in (38,40,42) [ RunTime:0.0016s ]
SQL: SHOW COLUMNS FROM `it_category` [ RunTime:0.0057s ]
SQL: SELECT * FROM `it_category` WHERE ( parent_id=0 )  [ RunTime:0.0006s ]
SQL: SHOW COLUMNS FROM `it_cart` [ RunTime:0.0043s ]
NOTIC: [8] Undefined index: user_id C:\web\App\Model\CartModel.class.php 第 73 行.
SQL: SELECT `goods_name`,`goods_thumb`,`shop_price` FROM `it_goods` WHERE `goods_id` = 7 LIMIT 1   [ RunTime:0.0005s ]
SQL: select group_concat(concat(b.attr_name,':',a.attr_value) separator '<br/>') attrs
		 from it_goods_attr a left join it_attribute b using(attr_id) where a.id in (38,40,42) [ RunTime:0.0007s ]
NOTIC: [8] Undefined index: user_id C:\web\App\Home\Controller\OrderController.class.php 第 18 行.

[ 2016-01-23T13:19:35+08:00 ] 127.0.0.1 /index.php/Home/User/login.html
INFO: [ app_init ] --START--
INFO: Run Behavior\BuildLiteBehavior [ RunTime:0.000018s ]
INFO: [ app_init ] --END-- [ RunTime:0.000353s ]
INFO: [ app_begin ] --START--
INFO: Run Behavior\ReadHtmlCacheBehavior [ RunTime:0.000479s ]
INFO: [ app_begin ] --END-- [ RunTime:0.000548s ]
SQL: SHOW COLUMNS FROM `it_cart` [ RunTime:0.0035s ]
NOTIC: [8] Undefined index: user_id C:\web\App\Model\CartModel.class.php 第 73 行.
SQL: SHOW COLUMNS FROM `it_goods` [ RunTime:0.0038s ]
SQL: SELECT `goods_name`,`goods_thumb`,`shop_price` FROM `it_goods` WHERE `goods_id` = 7 LIMIT 1   [ RunTime:0.0004s ]
SQL: select group_concat(concat(b.attr_name,':',a.attr_value) separator '<br/>') attrs
		 from it_goods_attr a left join it_attribute b using(attr_id) where a.id in (38,40,42) [ RunTime:0.0006s ]
SQL: SHOW COLUMNS FROM `it_category` [ RunTime:0.0039s ]
SQL: SELECT * FROM `it_category` WHERE ( parent_id=0 )  [ RunTime:0.0005s ]
INFO: [ view_parse ] --START--
INFO: [ template_filter ] --START--
INFO: Run Behavior\ContentReplaceBehavior [ RunTime:0.000143s ]
INFO: [ template_filter ] --END-- [ RunTime:0.000240s ]
NOTIC: [8] Undefined index: user_id C:\web\App\Runtime\Cache\Home\16def5a3b8987acfc0c038a02e815a10.php 第 23 行.
INFO: Run Behavior\ParseTemplateBehavior [ RunTime:0.012524s ]
INFO: [ view_parse ] --END-- [ RunTime:0.012689s ]
INFO: [ view_filter ] --START--
INFO: Run Behavior\WriteHtmlCacheBehavior [ RunTime:0.000327s ]
INFO: [ view_filter ] --END-- [ RunTime:0.000393s ]
INFO: [ app_end ] --START--
INFO: Run Behavior\ShowPageTraceBehavior [ RunTime:0.000888s ]
INFO: [ app_end ] --END-- [ RunTime:0.001031s ]

[ 2016-01-23T13:23:27+08:00 ] 127.0.0.1 /index.php/Home/User/login.html
INFO: [ app_init ] --START--
INFO: Run Behavior\BuildLiteBehavior [ RunTime:0.000016s ]
INFO: [ app_init ] --END-- [ RunTime:0.000351s ]
INFO: [ app_begin ] --START--
INFO: Run Behavior\ReadHtmlCacheBehavior [ RunTime:0.000671s ]
INFO: [ app_begin ] --END-- [ RunTime:0.000756s ]
SQL: SHOW COLUMNS FROM `it_cart` [ RunTime:0.0077s ]
NOTIC: [8] Undefined index: user_id C:\web\App\Model\CartModel.class.php 第 73 行.
SQL: SHOW COLUMNS FROM `it_goods` [ RunTime:0.0087s ]
SQL: SELECT `goods_name`,`goods_thumb`,`shop_price` FROM `it_goods` WHERE `goods_id` = 7 LIMIT 1   [ RunTime:0.0009s ]
SQL: select group_concat(concat(b.attr_name,':',a.attr_value) separator '<br/>') attrs
		 from it_goods_attr a left join it_attribute b using(attr_id) where a.id in (38,40,42) [ RunTime:0.0012s ]
SQL: SHOW COLUMNS FROM `it_category` [ RunTime:0.0091s ]
SQL: SELECT * FROM `it_category` WHERE ( parent_id=0 )  [ RunTime:0.0009s ]
SQL: SHOW COLUMNS FROM `it_user` [ RunTime:0.0072s ]
SQL: SELECT * FROM `it_user` WHERE ( username='adriana' ) LIMIT 1   [ RunTime:0.0004s ]
INFO: [ view_parse ] --START--
INFO: [ template_filter ] --START--
INFO: Run Behavior\ContentReplaceBehavior [ RunTime:0.000036s ]
INFO: [ template_filter ] --END-- [ RunTime:0.000087s ]
INFO: Run Behavior\ParseTemplateBehavior [ RunTime:0.004358s ]
INFO: [ view_parse ] --END-- [ RunTime:0.004413s ]
INFO: [ view_filter ] --START--
INFO: Run Behavior\WriteHtmlCacheBehavior [ RunTime:0.000280s ]
INFO: [ view_filter ] --END-- [ RunTime:0.000319s ]

[ 2016-01-23T13:23:31+08:00 ] 127.0.0.1 /index.php/Home/User/login.html
INFO: [ app_init ] --START--
INFO: Run Behavior\BuildLiteBehavior [ RunTime:0.000058s ]
INFO: [ app_init ] --END-- [ RunTime:0.001033s ]
INFO: [ app_begin ] --START--
INFO: Run Behavior\ReadHtmlCacheBehavior [ RunTime:0.000678s ]
INFO: [ app_begin ] --END-- [ RunTime:0.000788s ]
SQL: SHOW COLUMNS FROM `it_cart` [ RunTime:0.0075s ]
NOTIC: [8] Undefined index: user_id C:\web\App\Model\CartModel.class.php 第 73 行.
SQL: SHOW COLUMNS FROM `it_goods` [ RunTime:0.0072s ]
SQL: SELECT `goods_name`,`goods_thumb`,`shop_price` FROM `it_goods` WHERE `goods_id` = 7 LIMIT 1   [ RunTime:0.0010s ]
SQL: select group_concat(concat(b.attr_name,':',a.attr_value) separator '<br/>') attrs
		 from it_goods_attr a left join it_attribute b using(attr_id) where a.id in (38,40,42) [ RunTime:0.0014s ]
SQL: SHOW COLUMNS FROM `it_category` [ RunTime:0.0071s ]
SQL: SELECT * FROM `it_category` WHERE ( parent_id=0 )  [ RunTime:0.0008s ]
INFO: [ view_parse ] --START--
INFO: [ template_filter ] --START--
INFO: Run Behavior\ContentReplaceBehavior [ RunTime:0.000161s ]
INFO: [ template_filter ] --END-- [ RunTime:0.000274s ]
NOTIC: [8] Undefined index: user_id C:\web\App\Runtime\Cache\Home\16def5a3b8987acfc0c038a02e815a10.php 第 23 行.
INFO: Run Behavior\ParseTemplateBehavior [ RunTime:0.017522s ]
INFO: [ view_parse ] --END-- [ RunTime:0.017754s ]
INFO: [ view_filter ] --START--
INFO: Run Behavior\WriteHtmlCacheBehavior [ RunTime:0.000961s ]
INFO: [ view_filter ] --END-- [ RunTime:0.001096s ]
INFO: [ app_end ] --START--
INFO: Run Behavior\ShowPageTraceBehavior [ RunTime:0.001374s ]
INFO: [ app_end ] --END-- [ RunTime:0.001544s ]

[ 2016-01-23T13:23:58+08:00 ] 127.0.0.1 /index.php/Home/User/login.html
INFO: [ app_init ] --START--
INFO: Run Behavior\BuildLiteBehavior [ RunTime:0.000016s ]
INFO: [ app_init ] --END-- [ RunTime:0.000345s ]
INFO: [ app_begin ] --START--
INFO: Run Behavior\ReadHtmlCacheBehavior [ RunTime:0.000523s ]
INFO: [ app_begin ] --END-- [ RunTime:0.000587s ]
SQL: SHOW COLUMNS FROM `it_cart` [ RunTime:0.0083s ]
NOTIC: [8] Undefined index: user_id C:\web\App\Model\CartModel.class.php 第 73 行.
SQL: SHOW COLUMNS FROM `it_goods` [ RunTime:0.0119s ]
SQL: SELECT `goods_name`,`goods_thumb`,`shop_price` FROM `it_goods` WHERE `goods_id` = 7 LIMIT 1   [ RunTime:0.0010s ]
SQL: select group_concat(concat(b.attr_name,':',a.attr_value) separator '<br/>') attrs
		 from it_goods_attr a left join it_attribute b using(attr_id) where a.id in (38,40,42) [ RunTime:0.0013s ]
SQL: SHOW COLUMNS FROM `it_category` [ RunTime:0.0086s ]
SQL: SELECT * FROM `it_category` WHERE ( parent_id=0 )  [ RunTime:0.0021s ]
SQL: SHOW COLUMNS FROM `it_user` [ RunTime:0.0060s ]
SQL: SELECT * FROM `it_user` WHERE ( username='adriana' ) LIMIT 1   [ RunTime:0.0004s ]
INFO: [ view_parse ] --START--
INFO: [ template_filter ] --START--
INFO: Run Behavior\ContentReplaceBehavior [ RunTime:0.000036s ]
INFO: [ template_filter ] --END-- [ RunTime:0.000088s ]
INFO: Run Behavior\ParseTemplateBehavior [ RunTime:0.004350s ]
INFO: [ view_parse ] --END-- [ RunTime:0.004405s ]
INFO: [ view_filter ] --START--
INFO: Run Behavior\WriteHtmlCacheBehavior [ RunTime:0.000281s ]
INFO: [ view_filter ] --END-- [ RunTime:0.000320s ]

[ 2016-01-23T13:24:02+08:00 ] 127.0.0.1 /index.php/Home/User/login.html
INFO: [ app_init ] --START--
INFO: Run Behavior\BuildLiteBehavior [ RunTime:0.000026s ]
INFO: [ app_init ] --END-- [ RunTime:0.000540s ]
INFO: [ app_begin ] --START--
INFO: Run Behavior\ReadHtmlCacheBehavior [ RunTime:0.000894s ]
INFO: [ app_begin ] --END-- [ RunTime:0.001023s ]
SQL: SHOW COLUMNS FROM `it_cart` [ RunTime:0.0051s ]
NOTIC: [8] Undefined index: user_id C:\web\App\Model\CartModel.class.php 第 73 行.
SQL: SHOW COLUMNS FROM `it_goods` [ RunTime:0.0038s ]
SQL: SELECT `goods_name`,`goods_thumb`,`shop_price` FROM `it_goods` WHERE `goods_id` = 7 LIMIT 1   [ RunTime:0.0004s ]
SQL: select group_concat(concat(b.attr_name,':',a.attr_value) separator '<br/>') attrs
		 from it_goods_attr a left join it_attribute b using(attr_id) where a.id in (38,40,42) [ RunTime:0.0005s ]
SQL: SHOW COLUMNS FROM `it_category` [ RunTime:0.0027s ]
SQL: SELECT * FROM `it_category` WHERE ( parent_id=0 )  [ RunTime:0.0004s ]
INFO: [ view_parse ] --START--
INFO: [ template_filter ] --START--
INFO: Run Behavior\ContentReplaceBehavior [ RunTime:0.000114s ]
INFO: [ template_filter ] --END-- [ RunTime:0.000200s ]
NOTIC: [8] Undefined index: user_id C:\web\App\Runtime\Cache\Home\16def5a3b8987acfc0c038a02e815a10.php 第 23 行.
INFO: Run Behavior\ParseTemplateBehavior [ RunTime:0.011734s ]
INFO: [ view_parse ] --END-- [ RunTime:0.011841s ]
INFO: [ view_filter ] --START--
INFO: Run Behavior\WriteHtmlCacheBehavior [ RunTime:0.000384s ]
INFO: [ view_filter ] --END-- [ RunTime:0.000439s ]
INFO: [ app_end ] --START--
INFO: Run Behavior\ShowPageTraceBehavior [ RunTime:0.000591s ]
INFO: [ app_end ] --END-- [ RunTime:0.000652s ]

[ 2016-01-23T13:24:04+08:00 ] 127.0.0.1 /index.php/Home/User/login.html
INFO: [ app_init ] --START--
INFO: Run Behavior\BuildLiteBehavior [ RunTime:0.000020s ]
INFO: [ app_init ] --END-- [ RunTime:0.000516s ]
INFO: [ app_begin ] --START--
INFO: Run Behavior\ReadHtmlCacheBehavior [ RunTime:0.000442s ]
INFO: [ app_begin ] --END-- [ RunTime:0.000504s ]
SQL: SHOW COLUMNS FROM `it_cart` [ RunTime:0.0097s ]
NOTIC: [8] Undefined index: user_id C:\web\App\Model\CartModel.class.php 第 73 行.
SQL: SHOW COLUMNS FROM `it_goods` [ RunTime:0.0090s ]
SQL: SELECT `goods_name`,`goods_thumb`,`shop_price` FROM `it_goods` WHERE `goods_id` = 7 LIMIT 1   [ RunTime:0.0021s ]
SQL: select group_concat(concat(b.attr_name,':',a.attr_value) separator '<br/>') attrs
		 from it_goods_attr a left join it_attribute b using(attr_id) where a.id in (38,40,42) [ RunTime:0.0016s ]
SQL: SHOW COLUMNS FROM `it_category` [ RunTime:0.0054s ]
SQL: SELECT * FROM `it_category` WHERE ( parent_id=0 )  [ RunTime:0.0013s ]
INFO: [ view_parse ] --START--
INFO: [ template_filter ] --START--
INFO: Run Behavior\ContentReplaceBehavior [ RunTime:0.000090s ]
INFO: [ template_filter ] --END-- [ RunTime:0.000158s ]
NOTIC: [8] Undefined index: user_id C:\web\App\Runtime\Cache\Home\16def5a3b8987acfc0c038a02e815a10.php 第 23 行.
INFO: Run Behavior\ParseTemplateBehavior [ RunTime:0.008085s ]
INFO: [ view_parse ] --END-- [ RunTime:0.008314s ]
INFO: [ view_filter ] --START--
INFO: Run Behavior\WriteHtmlCacheBehavior [ RunTime:0.000338s ]
INFO: [ view_filter ] --END-- [ RunTime:0.000381s ]
INFO: [ app_end ] --START--
INFO: Run Behavior\ShowPageTraceBehavior [ RunTime:0.000829s ]
INFO: [ app_end ] --END-- [ RunTime:0.000946s ]

[ 2016-01-23T13:24:12+08:00 ] 127.0.0.1 /index.php/Home/User/login.html
INFO: [ app_init ] --START--
INFO: Run Behavior\BuildLiteBehavior [ RunTime:0.000014s ]
INFO: [ app_init ] --END-- [ RunTime:0.000283s ]
INFO: [ app_begin ] --START--
INFO: Run Behavior\ReadHtmlCacheBehavior [ RunTime:0.000417s ]
INFO: [ app_begin ] --END-- [ RunTime:0.000469s ]
SQL: SHOW COLUMNS FROM `it_cart` [ RunTime:0.0099s ]
NOTIC: [8] Undefined index: user_id C:\web\App\Model\CartModel.class.php 第 73 行.
SQL: SHOW COLUMNS FROM `it_goods` [ RunTime:0.0097s ]
SQL: SELECT `goods_name`,`goods_thumb`,`shop_price` FROM `it_goods` WHERE `goods_id` = 7 LIMIT 1   [ RunTime:0.0011s ]
SQL: select group_concat(concat(b.attr_name,':',a.attr_value) separator '<br/>') attrs
		 from it_goods_attr a left join it_attribute b using(attr_id) where a.id in (38,40,42) [ RunTime:0.0014s ]
SQL: SHOW COLUMNS FROM `it_category` [ RunTime:0.0088s ]
SQL: SELECT * FROM `it_category` WHERE ( parent_id=0 )  [ RunTime:0.0012s ]
SQL: SHOW COLUMNS FROM `it_user` [ RunTime:0.0065s ]
SQL: SELECT * FROM `it_user` WHERE ( username='adriana' ) LIMIT 1   [ RunTime:0.0004s ]
INFO: [ view_parse ] --START--
INFO: [ template_filter ] --START--
INFO: Run Behavior\ContentReplaceBehavior [ RunTime:0.000036s ]
INFO: [ template_filter ] --END-- [ RunTime:0.000087s ]
INFO: Run Behavior\ParseTemplateBehavior [ RunTime:0.004742s ]
INFO: [ view_parse ] --END-- [ RunTime:0.004794s ]
INFO: [ view_filter ] --START--
INFO: Run Behavior\WriteHtmlCacheBehavior [ RunTime:0.000293s ]
INFO: [ view_filter ] --END-- [ RunTime:0.000334s ]

[ 2016-01-23T13:24:16+08:00 ] 127.0.0.1 /index.php/Home/User/login.html
INFO: [ app_init ] --START--
INFO: Run Behavior\BuildLiteBehavior [ RunTime:0.000025s ]
INFO: [ app_init ] --END-- [ RunTime:0.000529s ]
INFO: [ app_begin ] --START--
INFO: Run Behavior\ReadHtmlCacheBehavior [ RunTime:0.000684s ]
INFO: [ app_begin ] --END-- [ RunTime:0.000800s ]
SQL: SHOW COLUMNS FROM `it_cart` [ RunTime:0.0066s ]
NOTIC: [8] Undefined index: user_id C:\web\App\Model\CartModel.class.php 第 73 行.
SQL: SHOW COLUMNS FROM `it_goods` [ RunTime:0.0051s ]
SQL: SELECT `goods_name`,`goods_thumb`,`shop_price` FROM `it_goods` WHERE `goods_id` = 7 LIMIT 1   [ RunTime:0.0005s ]
SQL: select group_concat(concat(b.attr_name,':',a.attr_value) separator '<br/>') attrs
		 from it_goods_attr a left join it_attribute b using(attr_id) where a.id in (38,40,42) [ RunTime:0.0007s ]
SQL: SHOW COLUMNS FROM `it_category` [ RunTime:0.0063s ]
SQL: SELECT * FROM `it_category` WHERE ( parent_id=0 )  [ RunTime:0.0005s ]
INFO: [ view_parse ] --START--
INFO: [ template_filter ] --START--
INFO: Run Behavior\ContentReplaceBehavior [ RunTime:0.000150s ]
INFO: [ template_filter ] --END-- [ RunTime:0.000266s ]
NOTIC: [8] Undefined index: user_id C:\web\App\Runtime\Cache\Home\16def5a3b8987acfc0c038a02e815a10.php 第 23 行.
INFO: Run Behavior\ParseTemplateBehavior [ RunTime:0.014460s ]
INFO: [ view_parse ] --END-- [ RunTime:0.014558s ]
INFO: [ view_filter ] --START--
INFO: Run Behavior\WriteHtmlCacheBehavior [ RunTime:0.000384s ]
INFO: [ view_filter ] --END-- [ RunTime:0.000436s ]
INFO: [ app_end ] --START--
INFO: Run Behavior\ShowPageTraceBehavior [ RunTime:0.000465s ]
INFO: [ app_end ] --END-- [ RunTime:0.000520s ]

[ 2016-01-23T13:24:40+08:00 ] 127.0.0.1 /index.php/Home/User/register.html
INFO: [ app_init ] --START--
INFO: Run Behavior\BuildLiteBehavior [ RunTime:0.000017s ]
INFO: [ app_init ] --END-- [ RunTime:0.000319s ]
INFO: [ app_begin ] --START--
INFO: Run Behavior\ReadHtmlCacheBehavior [ RunTime:0.000445s ]
INFO: [ app_begin ] --END-- [ RunTime:0.000507s ]
SQL: SHOW COLUMNS FROM `it_cart` [ RunTime:0.0025s ]
NOTIC: [8] Undefined index: user_id C:\web\App\Model\CartModel.class.php 第 73 行.
SQL: SHOW COLUMNS FROM `it_goods` [ RunTime:0.0029s ]
SQL: SELECT `goods_name`,`goods_thumb`,`shop_price` FROM `it_goods` WHERE `goods_id` = 7 LIMIT 1   [ RunTime:0.0003s ]
SQL: select group_concat(concat(b.attr_name,':',a.attr_value) separator '<br/>') attrs
		 from it_goods_attr a left join it_attribute b using(attr_id) where a.id in (38,40,42) [ RunTime:0.0005s ]
SQL: SHOW COLUMNS FROM `it_category` [ RunTime:0.0029s ]
SQL: SELECT * FROM `it_category` WHERE ( parent_id=0 )  [ RunTime:0.0004s ]
INFO: [ view_parse ] --START--
INFO: [ template_filter ] --START--
INFO: Run Behavior\ContentReplaceBehavior [ RunTime:0.000084s ]
INFO: [ template_filter ] --END-- [ RunTime:0.000147s ]
NOTIC: [8] Undefined index: user_id C:\web\App\Runtime\Cache\Home\08afd3323aea03c4d961611b7d1e6c34.php 第 23 行.
INFO: Run Behavior\ParseTemplateBehavior [ RunTime:0.009034s ]
INFO: [ view_parse ] --END-- [ RunTime:0.009103s ]
INFO: [ view_filter ] --START--
INFO: Run Behavior\WriteHtmlCacheBehavior [ RunTime:0.000325s ]
INFO: [ view_filter ] --END-- [ RunTime:0.000368s ]
INFO: [ app_end ] --START--
INFO: Run Behavior\ShowPageTraceBehavior [ RunTime:0.000550s ]
INFO: [ app_end ] --END-- [ RunTime:0.000605s ]

[ 2016-01-23T13:25:16+08:00 ] 127.0.0.1 /index.php/Home/User/register.html
INFO: [ app_init ] --START--
INFO: Run Behavior\BuildLiteBehavior [ RunTime:0.000017s ]
INFO: [ app_init ] --END-- [ RunTime:0.000324s ]
INFO: [ app_begin ] --START--
INFO: Run Behavior\ReadHtmlCacheBehavior [ RunTime:0.000447s ]
INFO: [ app_begin ] --END-- [ RunTime:0.000512s ]
SQL: SHOW COLUMNS FROM `it_cart` [ RunTime:0.0091s ]
NOTIC: [8] Undefined index: user_id C:\web\App\Model\CartModel.class.php 第 73 行.
SQL: SHOW COLUMNS FROM `it_goods` [ RunTime:0.0095s ]
SQL: SELECT `goods_name`,`goods_thumb`,`shop_price` FROM `it_goods` WHERE `goods_id` = 7 LIMIT 1   [ RunTime:0.0012s ]
SQL: select group_concat(concat(b.attr_name,':',a.attr_value) separator '<br/>') attrs
		 from it_goods_attr a left join it_attribute b using(attr_id) where a.id in (38,40,42) [ RunTime:0.0021s ]
SQL: SHOW COLUMNS FROM `it_category` [ RunTime:0.0080s ]
SQL: SELECT * FROM `it_category` WHERE ( parent_id=0 )  [ RunTime:0.0015s ]
SQL: SHOW COLUMNS FROM `it_user` [ RunTime:0.0050s ]
SQL: SELECT * FROM `it_user` WHERE `username` = 'adriana' LIMIT 1   [ RunTime:0.0009s ]
SQL: INSERT INTO `it_user` (`username`,`password`,`email`,`question`,`answer`,`validate`) VALUES ('adriana','123123','123@qq.com','123','123','56a30eb95b72e') [ RunTime:0.0092s ]
INFO: [ view_parse ] --START--
INFO: [ template_filter ] --START--
INFO: Run Behavior\ContentReplaceBehavior [ RunTime:0.000049s ]
INFO: [ template_filter ] --END-- [ RunTime:0.000126s ]
INFO: Run Behavior\ParseTemplateBehavior [ RunTime:0.006367s ]
INFO: [ view_parse ] --END-- [ RunTime:0.006520s ]
INFO: [ view_filter ] --START--
INFO: Run Behavior\WriteHtmlCacheBehavior [ RunTime:0.000391s ]
INFO: [ view_filter ] --END-- [ RunTime:0.000448s ]

[ 2016-01-23T13:25:19+08:00 ] 127.0.0.1 /index.php/Home/User/login.html
INFO: [ app_init ] --START--
INFO: Run Behavior\BuildLiteBehavior [ RunTime:0.000023s ]
INFO: [ app_init ] --END-- [ RunTime:0.000443s ]
INFO: [ app_begin ] --START--
INFO: Run Behavior\ReadHtmlCacheBehavior [ RunTime:0.001293s ]
INFO: [ app_begin ] --END-- [ RunTime:0.001427s ]
SQL: SHOW COLUMNS FROM `it_cart` [ RunTime:0.0052s ]
NOTIC: [8] Undefined index: user_id C:\web\App\Model\CartModel.class.php 第 73 行.
SQL: SHOW COLUMNS FROM `it_goods` [ RunTime:0.0045s ]
SQL: SELECT `goods_name`,`goods_thumb`,`shop_price` FROM `it_goods` WHERE `goods_id` = 7 LIMIT 1   [ RunTime:0.0004s ]
SQL: select group_concat(concat(b.attr_name,':',a.attr_value) separator '<br/>') attrs
		 from it_goods_attr a left join it_attribute b using(attr_id) where a.id in (38,40,42) [ RunTime:0.0006s ]
SQL: SHOW COLUMNS FROM `it_category` [ RunTime:0.0030s ]
SQL: SELECT * FROM `it_category` WHERE ( parent_id=0 )  [ RunTime:0.0006s ]
INFO: [ view_parse ] --START--
INFO: [ template_filter ] --START--
INFO: Run Behavior\ContentReplaceBehavior [ RunTime:0.000118s ]
INFO: [ template_filter ] --END-- [ RunTime:0.000202s ]
NOTIC: [8] Undefined index: user_id C:\web\App\Runtime\Cache\Home\16def5a3b8987acfc0c038a02e815a10.php 第 23 行.
INFO: Run Behavior\ParseTemplateBehavior [ RunTime:0.009606s ]
INFO: [ view_parse ] --END-- [ RunTime:0.009726s ]
INFO: [ view_filter ] --START--
INFO: Run Behavior\WriteHtmlCacheBehavior [ RunTime:0.000413s ]
INFO: [ view_filter ] --END-- [ RunTime:0.000470s ]
INFO: [ app_end ] --START--
INFO: Run Behavior\ShowPageTraceBehavior [ RunTime:0.000680s ]
INFO: [ app_end ] --END-- [ RunTime:0.000750s ]

[ 2016-01-23T13:25:30+08:00 ] 127.0.0.1 /index.php/Home/User/login.html
INFO: [ app_init ] --START--
INFO: Run Behavior\BuildLiteBehavior [ RunTime:0.000024s ]
INFO: [ app_init ] --END-- [ RunTime:0.000306s ]
INFO: [ app_begin ] --START--
INFO: Run Behavior\ReadHtmlCacheBehavior [ RunTime:0.000444s ]
INFO: [ app_begin ] --END-- [ RunTime:0.000494s ]
SQL: SHOW COLUMNS FROM `it_cart` [ RunTime:0.0035s ]
NOTIC: [8] Undefined index: user_id C:\web\App\Model\CartModel.class.php 第 73 行.
SQL: SHOW COLUMNS FROM `it_goods` [ RunTime:0.0027s ]
SQL: SELECT `goods_name`,`goods_thumb`,`shop_price` FROM `it_goods` WHERE `goods_id` = 7 LIMIT 1   [ RunTime:0.0004s ]
SQL: select group_concat(concat(b.attr_name,':',a.attr_value) separator '<br/>') attrs
		 from it_goods_attr a left join it_attribute b using(attr_id) where a.id in (38,40,42) [ RunTime:0.0004s ]
SQL: SHOW COLUMNS FROM `it_category` [ RunTime:0.0024s ]
SQL: SELECT * FROM `it_category` WHERE ( parent_id=0 )  [ RunTime:0.0003s ]
SQL: SHOW COLUMNS FROM `it_user` [ RunTime:0.0024s ]
SQL: SELECT * FROM `it_user` WHERE ( username='adriana' ) LIMIT 1   [ RunTime:0.0004s ]
INFO: [ view_parse ] --START--
INFO: [ template_filter ] --START--
INFO: Run Behavior\ContentReplaceBehavior [ RunTime:0.000036s ]
INFO: [ template_filter ] --END-- [ RunTime:0.000105s ]
INFO: Run Behavior\ParseTemplateBehavior [ RunTime:0.004393s ]
INFO: [ view_parse ] --END-- [ RunTime:0.004446s ]
INFO: [ view_filter ] --START--
INFO: Run Behavior\WriteHtmlCacheBehavior [ RunTime:0.000314s ]
INFO: [ view_filter ] --END-- [ RunTime:0.000355s ]

[ 2016-01-23T13:25:34+08:00 ] 127.0.0.1 /index.php/Home/User/login.html
INFO: [ app_init ] --START--
INFO: Run Behavior\BuildLiteBehavior [ RunTime:0.000022s ]
INFO: [ app_init ] --END-- [ RunTime:0.000423s ]
INFO: [ app_begin ] --START--
INFO: Run Behavior\ReadHtmlCacheBehavior [ RunTime:0.000603s ]
INFO: [ app_begin ] --END-- [ RunTime:0.000685s ]
SQL: SHOW COLUMNS FROM `it_cart` [ RunTime:0.0109s ]
NOTIC: [8] Undefined index: user_id C:\web\App\Model\CartModel.class.php 第 73 行.
SQL: SHOW COLUMNS FROM `it_goods` [ RunTime:0.0096s ]
SQL: SELECT `goods_name`,`goods_thumb`,`shop_price` FROM `it_goods` WHERE `goods_id` = 7 LIMIT 1   [ RunTime:0.0006s ]
SQL: select group_concat(concat(b.attr_name,':',a.attr_value) separator '<br/>') attrs
		 from it_goods_attr a left join it_attribute b using(attr_id) where a.id in (38,40,42) [ RunTime:0.0008s ]
SQL: SHOW COLUMNS FROM `it_category` [ RunTime:0.0050s ]
SQL: SELECT * FROM `it_category` WHERE ( parent_id=0 )  [ RunTime:0.0006s ]
INFO: [ view_parse ] --START--
INFO: [ template_filter ] --START--
INFO: Run Behavior\ContentReplaceBehavior [ RunTime:0.000279s ]
INFO: [ template_filter ] --END-- [ RunTime:0.000612s ]
NOTIC: [8] Undefined index: user_id C:\web\App\Runtime\Cache\Home\16def5a3b8987acfc0c038a02e815a10.php 第 23 行.
INFO: Run Behavior\ParseTemplateBehavior [ RunTime:0.015739s ]
INFO: [ view_parse ] --END-- [ RunTime:0.015865s ]
INFO: [ view_filter ] --START--
INFO: Run Behavior\WriteHtmlCacheBehavior [ RunTime:0.000688s ]
INFO: [ view_filter ] --END-- [ RunTime:0.000755s ]
INFO: [ app_end ] --START--
INFO: Run Behavior\ShowPageTraceBehavior [ RunTime:0.001050s ]
INFO: [ app_end ] --END-- [ RunTime:0.001163s ]

[ 2016-01-23T13:25:35+08:00 ] 127.0.0.1 /index.php/Home/User/login.html
INFO: [ app_init ] --START--
INFO: Run Behavior\BuildLiteBehavior [ RunTime:0.000035s ]
INFO: [ app_init ] --END-- [ RunTime:0.000684s ]
INFO: [ app_begin ] --START--
INFO: Run Behavior\ReadHtmlCacheBehavior [ RunTime:0.002213s ]
INFO: [ app_begin ] --END-- [ RunTime:0.002389s ]
SQL: SHOW COLUMNS FROM `it_cart` [ RunTime:0.0056s ]
NOTIC: [8] Undefined index: user_id C:\web\App\Model\CartModel.class.php 第 73 行.
SQL: SHOW COLUMNS FROM `it_goods` [ RunTime:0.0045s ]
SQL: SELECT `goods_name`,`goods_thumb`,`shop_price` FROM `it_goods` WHERE `goods_id` = 7 LIMIT 1   [ RunTime:0.0005s ]
SQL: select group_concat(concat(b.attr_name,':',a.attr_value) separator '<br/>') attrs
		 from it_goods_attr a left join it_attribute b using(attr_id) where a.id in (38,40,42) [ RunTime:0.0013s ]
SQL: SHOW COLUMNS FROM `it_category` [ RunTime:0.0077s ]
SQL: SELECT * FROM `it_category` WHERE ( parent_id=0 )  [ RunTime:0.0006s ]
INFO: [ view_parse ] --START--
INFO: [ template_filter ] --START--
INFO: Run Behavior\ContentReplaceBehavior [ RunTime:0.000173s ]
INFO: [ template_filter ] --END-- [ RunTime:0.000296s ]
NOTIC: [8] Undefined index: user_id C:\web\App\Runtime\Cache\Home\16def5a3b8987acfc0c038a02e815a10.php 第 23 行.
INFO: Run Behavior\ParseTemplateBehavior [ RunTime:0.017172s ]
INFO: [ view_parse ] --END-- [ RunTime:0.017299s ]
INFO: [ view_filter ] --START--
INFO: Run Behavior\WriteHtmlCacheBehavior [ RunTime:0.000397s ]
INFO: [ view_filter ] --END-- [ RunTime:0.000454s ]
INFO: [ app_end ] --START--
INFO: Run Behavior\ShowPageTraceBehavior [ RunTime:0.000571s ]
INFO: [ app_end ] --END-- [ RunTime:0.000631s ]

[ 2016-01-23T17:07:09+08:00 ] 127.0.0.1 /index.php/Home/User/register.html
INFO: [ app_init ] --START--
INFO: Run Behavior\BuildLiteBehavior [ RunTime:0.000028s ]
INFO: [ app_init ] --END-- [ RunTime:0.000745s ]
INFO: [ app_begin ] --START--
INFO: Run Behavior\ReadHtmlCacheBehavior [ RunTime:0.000692s ]
INFO: [ app_begin ] --END-- [ RunTime:0.000748s ]
SQL: SHOW COLUMNS FROM `it_cart` [ RunTime:0.0139s ]
NOTIC: [8] Undefined index: user_id C:\web\App\Model\CartModel.class.php 第 73 行.
SQL: SHOW COLUMNS FROM `it_goods` [ RunTime:0.0061s ]
SQL: SELECT `goods_name`,`goods_thumb`,`shop_price` FROM `it_goods` WHERE `goods_id` = 7 LIMIT 1   [ RunTime:0.0013s ]
SQL: select group_concat(concat(b.attr_name,':',a.attr_value) separator '<br/>') attrs
		 from it_goods_attr a left join it_attribute b using(attr_id) where a.id in (38,40,42) [ RunTime:0.0074s ]
SQL: SHOW COLUMNS FROM `it_category` [ RunTime:0.0048s ]
SQL: SELECT * FROM `it_category` WHERE ( parent_id=0 )  [ RunTime:0.0007s ]
INFO: [ view_parse ] --START--
INFO: [ template_filter ] --START--
INFO: Run Behavior\ContentReplaceBehavior [ RunTime:0.000190s ]
INFO: [ template_filter ] --END-- [ RunTime:0.000336s ]
NOTIC: [8] Undefined index: user_id C:\web\App\Runtime\Cache\Home\08afd3323aea03c4d961611b7d1e6c34.php 第 23 行.
INFO: Run Behavior\ParseTemplateBehavior [ RunTime:0.024002s ]
INFO: [ view_parse ] --END-- [ RunTime:0.024151s ]
INFO: [ view_filter ] --START--
INFO: Run Behavior\WriteHtmlCacheBehavior [ RunTime:0.000915s ]
INFO: [ view_filter ] --END-- [ RunTime:0.001017s ]
INFO: [ app_end ] --START--
INFO: Run Behavior\ShowPageTraceBehavior [ RunTime:0.001418s ]
INFO: [ app_end ] --END-- [ RunTime:0.001549s ]

[ 2016-01-23T17:09:34+08:00 ] 127.0.0.1 /index.php/Home/User/register.html
INFO: [ app_init ] --START--
INFO: Run Behavior\BuildLiteBehavior [ RunTime:0.000021s ]
INFO: [ app_init ] --END-- [ RunTime:0.000512s ]
INFO: [ app_begin ] --START--
INFO: Run Behavior\ReadHtmlCacheBehavior [ RunTime:0.000564s ]
INFO: [ app_begin ] --END-- [ RunTime:0.000636s ]
SQL: SHOW COLUMNS FROM `it_cart` [ RunTime:0.0157s ]
NOTIC: [8] Undefined index: user_id C:\web\App\Model\CartModel.class.php 第 73 行.
SQL: SHOW COLUMNS FROM `it_goods` [ RunTime:0.0100s ]
SQL: SELECT `goods_name`,`goods_thumb`,`shop_price` FROM `it_goods` WHERE `goods_id` = 7 LIMIT 1   [ RunTime:0.0007s ]
SQL: select group_concat(concat(b.attr_name,':',a.attr_value) separator '<br/>') attrs
		 from it_goods_attr a left join it_attribute b using(attr_id) where a.id in (38,40,42) [ RunTime:0.0008s ]
SQL: SHOW COLUMNS FROM `it_category` [ RunTime:0.0090s ]
SQL: SELECT * FROM `it_category` WHERE ( parent_id=0 )  [ RunTime:0.0007s ]
SQL: SHOW COLUMNS FROM `it_user` [ RunTime:0.0071s ]
SQL: SELECT * FROM `it_user` WHERE `username` = 'admin' LIMIT 1   [ RunTime:0.0005s ]
SQL: INSERT INTO `it_user` (`username`,`password`,`email`,`question`,`answer`,`validate`) VALUES ('admin','123123','1362639783@qq.com','123','123','56a3434b05a51') [ RunTime:0.0130s ]
INFO: [ view_parse ] --START--
INFO: [ template_filter ] --START--
INFO: Run Behavior\ContentReplaceBehavior [ RunTime:0.000078s ]
INFO: [ template_filter ] --END-- [ RunTime:0.000196s ]
INFO: Run Behavior\ParseTemplateBehavior [ RunTime:0.021937s ]
INFO: [ view_parse ] --END-- [ RunTime:0.022116s ]
INFO: [ view_filter ] --START--
INFO: Run Behavior\WriteHtmlCacheBehavior [ RunTime:0.000739s ]
INFO: [ view_filter ] --END-- [ RunTime:0.000908s ]

[ 2016-01-23T17:09:36+08:00 ] 127.0.0.1 /index.php/Home/User/login.html
INFO: [ app_init ] --START--
INFO: Run Behavior\BuildLiteBehavior [ RunTime:0.000025s ]
INFO: [ app_init ] --END-- [ RunTime:0.000521s ]
INFO: [ app_begin ] --START--
INFO: Run Behavior\ReadHtmlCacheBehavior [ RunTime:0.000663s ]
INFO: [ app_begin ] --END-- [ RunTime:0.000760s ]
SQL: SHOW COLUMNS FROM `it_cart` [ RunTime:0.0097s ]
NOTIC: [8] Undefined index: user_id C:\web\App\Model\CartModel.class.php 第 73 行.
SQL: SHOW COLUMNS FROM `it_goods` [ RunTime:0.0063s ]
SQL: SELECT `goods_name`,`goods_thumb`,`shop_price` FROM `it_goods` WHERE `goods_id` = 7 LIMIT 1   [ RunTime:0.0006s ]
SQL: select group_concat(concat(b.attr_name,':',a.attr_value) separator '<br/>') attrs
		 from it_goods_attr a left join it_attribute b using(attr_id) where a.id in (38,40,42) [ RunTime:0.0008s ]
SQL: SHOW COLUMNS FROM `it_category` [ RunTime:0.0106s ]
SQL: SELECT * FROM `it_category` WHERE ( parent_id=0 )  [ RunTime:0.0006s ]
INFO: [ view_parse ] --START--
INFO: [ template_filter ] --START--
INFO: Run Behavior\ContentReplaceBehavior [ RunTime:0.000117s ]
INFO: [ template_filter ] --END-- [ RunTime:0.000203s ]
NOTIC: [8] Undefined index: user_id C:\web\App\Runtime\Cache\Home\16def5a3b8987acfc0c038a02e815a10.php 第 23 行.
INFO: Run Behavior\ParseTemplateBehavior [ RunTime:0.017320s ]
INFO: [ view_parse ] --END-- [ RunTime:0.017428s ]
INFO: [ view_filter ] --START--
INFO: Run Behavior\WriteHtmlCacheBehavior [ RunTime:0.000396s ]
INFO: [ view_filter ] --END-- [ RunTime:0.000452s ]
INFO: [ app_end ] --START--
INFO: Run Behavior\ShowPageTraceBehavior [ RunTime:0.000616s ]
INFO: [ app_end ] --END-- [ RunTime:0.000682s ]

[ 2016-01-23T17:10:24+08:00 ] 127.0.0.1 /index.php/Home/User/login.html
INFO: [ app_init ] --START--
INFO: Run Behavior\BuildLiteBehavior [ RunTime:0.000015s ]
INFO: [ app_init ] --END-- [ RunTime:0.000308s ]
INFO: [ app_begin ] --START--
INFO: Run Behavior\ReadHtmlCacheBehavior [ RunTime:0.000436s ]
INFO: [ app_begin ] --END-- [ RunTime:0.000499s ]
SQL: SHOW COLUMNS FROM `it_cart` [ RunTime:0.0143s ]
NOTIC: [8] Undefined index: user_id C:\web\App\Model\CartModel.class.php 第 73 行.
SQL: SHOW COLUMNS FROM `it_goods` [ RunTime:0.0148s ]
SQL: SELECT `goods_name`,`goods_thumb`,`shop_price` FROM `it_goods` WHERE `goods_id` = 7 LIMIT 1   [ RunTime:0.0010s ]
SQL: select group_concat(concat(b.attr_name,':',a.attr_value) separator '<br/>') attrs
		 from it_goods_attr a left join it_attribute b using(attr_id) where a.id in (38,40,42) [ RunTime:0.0015s ]
SQL: SHOW COLUMNS FROM `it_category` [ RunTime:0.0164s ]
SQL: SELECT * FROM `it_category` WHERE ( parent_id=0 )  [ RunTime:0.0009s ]
SQL: SHOW COLUMNS FROM `it_user` [ RunTime:0.0122s ]
SQL: SELECT * FROM `it_user` WHERE ( username='admin' ) LIMIT 1   [ RunTime:0.0004s ]
INFO: [ view_parse ] --START--
INFO: [ template_filter ] --START--
INFO: Run Behavior\ContentReplaceBehavior [ RunTime:0.000038s ]
INFO: [ template_filter ] --END-- [ RunTime:0.000098s ]
INFO: Run Behavior\ParseTemplateBehavior [ RunTime:0.005020s ]
INFO: [ view_parse ] --END-- [ RunTime:0.005089s ]
INFO: [ view_filter ] --START--
INFO: Run Behavior\WriteHtmlCacheBehavior [ RunTime:0.000353s ]
INFO: [ view_filter ] --END-- [ RunTime:0.000402s ]

[ 2016-01-23T17:10:28+08:00 ] 127.0.0.1 /index.php/Home/User/login.html
INFO: [ app_init ] --START--
INFO: Run Behavior\BuildLiteBehavior [ RunTime:0.000025s ]
INFO: [ app_init ] --END-- [ RunTime:0.000657s ]
INFO: [ app_begin ] --START--
INFO: Run Behavior\ReadHtmlCacheBehavior [ RunTime:0.000753s ]
INFO: [ app_begin ] --END-- [ RunTime:0.000872s ]
SQL: SHOW COLUMNS FROM `it_cart` [ RunTime:0.0069s ]
NOTIC: [8] Undefined index: user_id C:\web\App\Model\CartModel.class.php 第 73 行.
SQL: SHOW COLUMNS FROM `it_goods` [ RunTime:0.0044s ]
SQL: SELECT `goods_name`,`goods_thumb`,`shop_price` FROM `it_goods` WHERE `goods_id` = 7 LIMIT 1   [ RunTime:0.0004s ]
SQL: select group_concat(concat(b.attr_name,':',a.attr_value) separator '<br/>') attrs
		 from it_goods_attr a left join it_attribute b using(attr_id) where a.id in (38,40,42) [ RunTime:0.0005s ]
SQL: SHOW COLUMNS FROM `it_category` [ RunTime:0.0038s ]
SQL: SELECT * FROM `it_category` WHERE ( parent_id=0 )  [ RunTime:0.0005s ]
INFO: [ view_parse ] --START--
INFO: [ template_filter ] --START--
INFO: Run Behavior\ContentReplaceBehavior [ RunTime:0.000147s ]
INFO: [ template_filter ] --END-- [ RunTime:0.000267s ]
NOTIC: [8] Undefined index: user_id C:\web\App\Runtime\Cache\Home\16def5a3b8987acfc0c038a02e815a10.php 第 23 行.
INFO: Run Behavior\ParseTemplateBehavior [ RunTime:0.011906s ]
INFO: [ view_parse ] --END-- [ RunTime:0.012006s ]
INFO: [ view_filter ] --START--
INFO: Run Behavior\WriteHtmlCacheBehavior [ RunTime:0.000389s ]
INFO: [ view_filter ] --END-- [ RunTime:0.000441s ]
INFO: [ app_end ] --START--
INFO: Run Behavior\ShowPageTraceBehavior [ RunTime:0.000600s ]
INFO: [ app_end ] --END-- [ RunTime:0.000660s ]

[ 2016-01-23T17:13:01+08:00 ] 127.0.0.1 /index.php/Home/User/login.html
INFO: [ app_init ] --START--
INFO: Run Behavior\BuildLiteBehavior [ RunTime:0.000016s ]
INFO: [ app_init ] --END-- [ RunTime:0.000551s ]
INFO: [ app_begin ] --START--
INFO: Run Behavior\ReadHtmlCacheBehavior [ RunTime:0.000429s ]
INFO: [ app_begin ] --END-- [ RunTime:0.000480s ]
SQL: SHOW COLUMNS FROM `it_cart` [ RunTime:0.0094s ]
NOTIC: [8] Undefined index: user_id C:\web\App\Model\CartModel.class.php 第 73 行.
SQL: SHOW COLUMNS FROM `it_goods` [ RunTime:0.0047s ]
SQL: SELECT `goods_name`,`goods_thumb`,`shop_price` FROM `it_goods` WHERE `goods_id` = 7 LIMIT 1   [ RunTime:0.0005s ]
SQL: select group_concat(concat(b.attr_name,':',a.attr_value) separator '<br/>') attrs
		 from it_goods_attr a left join it_attribute b using(attr_id) where a.id in (38,40,42) [ RunTime:0.0007s ]
SQL: SHOW COLUMNS FROM `it_category` [ RunTime:0.0043s ]
SQL: SELECT * FROM `it_category` WHERE ( parent_id=0 )  [ RunTime:0.0006s ]
INFO: [ view_parse ] --START--
INFO: [ template_filter ] --START--
INFO: Run Behavior\ContentReplaceBehavior [ RunTime:0.000095s ]
INFO: [ template_filter ] --END-- [ RunTime:0.000166s ]
NOTIC: [8] Undefined index: user_id C:\web\App\Runtime\Cache\Home\16def5a3b8987acfc0c038a02e815a10.php 第 23 行.
INFO: Run Behavior\ParseTemplateBehavior [ RunTime:0.011037s ]
INFO: [ view_parse ] --END-- [ RunTime:0.011136s ]
INFO: [ view_filter ] --START--
INFO: Run Behavior\WriteHtmlCacheBehavior [ RunTime:0.000376s ]
INFO: [ view_filter ] --END-- [ RunTime:0.000439s ]
INFO: [ app_end ] --START--
INFO: Run Behavior\ShowPageTraceBehavior [ RunTime:0.000626s ]
INFO: [ app_end ] --END-- [ RunTime:0.000710s ]

[ 2016-01-23T17:20:52+08:00 ] 127.0.0.1 /index.php/Home/Cart/cartlist.html
INFO: [ app_init ] --START--
INFO: Run Behavior\BuildLiteBehavior [ RunTime:0.000017s ]
INFO: [ app_init ] --END-- [ RunTime:0.000359s ]
INFO: [ app_begin ] --START--
INFO: Run Behavior\ReadHtmlCacheBehavior [ RunTime:0.000536s ]
INFO: [ app_begin ] --END-- [ RunTime:0.000626s ]
SQL: SHOW COLUMNS FROM `it_cart` [ RunTime:0.0142s ]
NOTIC: [8] Undefined index: user_id C:\web\App\Model\CartModel.class.php 第 73 行.
SQL: SHOW COLUMNS FROM `it_goods` [ RunTime:0.0126s ]
SQL: SELECT `goods_name`,`goods_thumb`,`shop_price` FROM `it_goods` WHERE `goods_id` = 7 LIMIT 1   [ RunTime:0.0011s ]
SQL: select group_concat(concat(b.attr_name,':',a.attr_value) separator '<br/>') attrs
		 from it_goods_attr a left join it_attribute b using(attr_id) where a.id in (38,40,42) [ RunTime:0.0029s ]
SQL: SHOW COLUMNS FROM `it_category` [ RunTime:0.0154s ]
SQL: SELECT * FROM `it_category` WHERE ( parent_id=0 )  [ RunTime:0.0010s ]
SQL: SHOW COLUMNS FROM `it_cart` [ RunTime:0.0094s ]
NOTIC: [8] Undefined index: user_id C:\web\App\Model\CartModel.class.php 第 73 行.
SQL: SELECT `goods_name`,`goods_thumb`,`shop_price` FROM `it_goods` WHERE `goods_id` = 7 LIMIT 1   [ RunTime:0.0007s ]
SQL: select group_concat(concat(b.attr_name,':',a.attr_value) separator '<br/>') attrs
		 from it_goods_attr a left join it_attribute b using(attr_id) where a.id in (38,40,42) [ RunTime:0.0011s ]
INFO: [ view_parse ] --START--
INFO: [ template_filter ] --START--
INFO: Run Behavior\ContentReplaceBehavior [ RunTime:0.000264s ]
INFO: [ template_filter ] --END-- [ RunTime:0.000396s ]
NOTIC: [8] Undefined index: user_id C:\web\App\Runtime\Cache\Home\75e1d4be54a02762f2a55a5f57c8a0e3.php 第 29 行.
INFO: Run Behavior\ParseTemplateBehavior [ RunTime:0.026343s ]
INFO: [ view_parse ] --END-- [ RunTime:0.026501s ]
INFO: [ view_filter ] --START--
INFO: Run Behavior\WriteHtmlCacheBehavior [ RunTime:0.000721s ]
INFO: [ view_filter ] --END-- [ RunTime:0.000826s ]
INFO: [ app_end ] --START--
INFO: Run Behavior\ShowPageTraceBehavior [ RunTime:0.001149s ]
INFO: [ app_end ] --END-- [ RunTime:0.001267s ]

[ 2016-01-23T17:21:05+08:00 ] 127.0.0.1 /index.php/Home/Order/checkout.html
INFO: [ app_init ] --START--
INFO: Run Behavior\BuildLiteBehavior [ RunTime:0.000015s ]
INFO: [ app_init ] --END-- [ RunTime:0.000316s ]
INFO: [ app_begin ] --START--
INFO: Run Behavior\ReadHtmlCacheBehavior [ RunTime:0.000443s ]
INFO: [ app_begin ] --END-- [ RunTime:0.000504s ]
SQL: SHOW COLUMNS FROM `it_cart` [ RunTime:0.0136s ]
NOTIC: [8] Undefined index: user_id C:\web\App\Model\CartModel.class.php 第 73 行.
SQL: SHOW COLUMNS FROM `it_goods` [ RunTime:0.0155s ]
SQL: SELECT `goods_name`,`goods_thumb`,`shop_price` FROM `it_goods` WHERE `goods_id` = 7 LIMIT 1   [ RunTime:0.0010s ]
SQL: select group_concat(concat(b.attr_name,':',a.attr_value) separator '<br/>') attrs
		 from it_goods_attr a left join it_attribute b using(attr_id) where a.id in (38,40,42) [ RunTime:0.0015s ]
SQL: SHOW COLUMNS FROM `it_category` [ RunTime:0.0102s ]
SQL: SELECT * FROM `it_category` WHERE ( parent_id=0 )  [ RunTime:0.0012s ]
SQL: SHOW COLUMNS FROM `it_cart` [ RunTime:0.0056s ]
NOTIC: [8] Undefined index: user_id C:\web\App\Model\CartModel.class.php 第 73 行.
SQL: SELECT `goods_name`,`goods_thumb`,`shop_price` FROM `it_goods` WHERE `goods_id` = 7 LIMIT 1   [ RunTime:0.0006s ]
SQL: select group_concat(concat(b.attr_name,':',a.attr_value) separator '<br/>') attrs
		 from it_goods_attr a left join it_attribute b using(attr_id) where a.id in (38,40,42) [ RunTime:0.0008s ]
NOTIC: [8] Undefined index: user_id C:\web\App\Home\Controller\OrderController.class.php 第 18 行.

[ 2016-01-23T17:21:06+08:00 ] 127.0.0.1 /index.php/Home/User/login.html
INFO: [ app_init ] --START--
INFO: Run Behavior\BuildLiteBehavior [ RunTime:0.000092s ]
INFO: [ app_init ] --END-- [ RunTime:0.001298s ]
INFO: [ app_begin ] --START--
INFO: Run Behavior\ReadHtmlCacheBehavior [ RunTime:0.000530s ]
INFO: [ app_begin ] --END-- [ RunTime:0.000611s ]
SQL: SHOW COLUMNS FROM `it_cart` [ RunTime:0.0137s ]
NOTIC: [8] Undefined index: user_id C:\web\App\Model\CartModel.class.php 第 73 行.
SQL: SHOW COLUMNS FROM `it_goods` [ RunTime:0.0138s ]
SQL: SELECT `goods_name`,`goods_thumb`,`shop_price` FROM `it_goods` WHERE `goods_id` = 7 LIMIT 1   [ RunTime:0.0011s ]
SQL: select group_concat(concat(b.attr_name,':',a.attr_value) separator '<br/>') attrs
		 from it_goods_attr a left join it_attribute b using(attr_id) where a.id in (38,40,42) [ RunTime:0.0018s ]
SQL: SHOW COLUMNS FROM `it_category` [ RunTime:0.0144s ]
SQL: SELECT * FROM `it_category` WHERE ( parent_id=0 )  [ RunTime:0.0010s ]
INFO: [ view_parse ] --START--
INFO: [ template_filter ] --START--
INFO: Run Behavior\ContentReplaceBehavior [ RunTime:0.000200s ]
INFO: [ template_filter ] --END-- [ RunTime:0.000355s ]
NOTIC: [8] Undefined index: user_id C:\web\App\Runtime\Cache\Home\16def5a3b8987acfc0c038a02e815a10.php 第 23 行.
INFO: Run Behavior\ParseTemplateBehavior [ RunTime:0.023349s ]
INFO: [ view_parse ] --END-- [ RunTime:0.023566s ]
INFO: [ view_filter ] --START--
INFO: Run Behavior\WriteHtmlCacheBehavior [ RunTime:0.000897s ]
INFO: [ view_filter ] --END-- [ RunTime:0.001014s ]
INFO: [ app_end ] --START--
INFO: Run Behavior\ShowPageTraceBehavior [ RunTime:0.001696s ]
INFO: [ app_end ] --END-- [ RunTime:0.001870s ]

